[ 50%] [32mBuilding CXX object CMakeFiles/mecanumbot_control_node.dir/src/mecanumbot_control_node.cpp.o[0m
[100%] [32m[1mLinking CXX executable mecanumbot_control_node[0m
[100%] Built target mecanumbot_control_node
-- Install configuration: ""
-- Installing: /home/szeyuan/Desktop/ros/ros_ws/install/mecanumbot_control/lib/mecanumbot_control/mecanumbot_control_node
-- Set runtime path of "/home/szeyuan/Desktop/ros/ros_ws/install/mecanumbot_control/lib/mecanumbot_control/mecanumbot_control_node" to ""
-- Installing: /home/szeyuan/Desktop/ros/ros_ws/install/mecanumbot_control/share/ament_index/resource_index/package_run_dependencies/mecanumbot_control
-- Installing: /home/szeyuan/Desktop/ros/ros_ws/install/mecanumbot_control/share/ament_index/resource_index/parent_prefix_path/mecanumbot_control
-- Installing: /home/szeyuan/Desktop/ros/ros_ws/install/mecanumbot_control/share/mecanumbot_control/environment/ament_prefix_path.sh
-- Installing: /home/szeyuan/Desktop/ros/ros_ws/install/mecanumbot_control/share/mecanumbot_control/environment/ament_prefix_path.dsv
-- Installing: /home/szeyuan/Desktop/ros/ros_ws/install/mecanumbot_control/share/mecanumbot_control/environment/path.sh
-- Installing: /home/szeyuan/Desktop/ros/ros_ws/install/mecanumbot_control/share/mecanumbot_control/environment/path.dsv
-- Installing: /home/szeyuan/Desktop/ros/ros_ws/install/mecanumbot_control/share/mecanumbot_control/local_setup.bash
-- Installing: /home/szeyuan/Desktop/ros/ros_ws/install/mecanumbot_control/share/mecanumbot_control/local_setup.sh
-- Installing: /home/szeyuan/Desktop/ros/ros_ws/install/mecanumbot_control/share/mecanumbot_control/local_setup.zsh
-- Installing: /home/szeyuan/Desktop/ros/ros_ws/install/mecanumbot_control/share/mecanumbot_control/local_setup.dsv
-- Installing: /home/szeyuan/Desktop/ros/ros_ws/install/mecanumbot_control/share/mecanumbot_control/package.dsv
-- Installing: /home/szeyuan/Desktop/ros/ros_ws/install/mecanumbot_control/share/ament_index/resource_index/packages/mecanumbot_control
-- Installing: /home/szeyuan/Desktop/ros/ros_ws/install/mecanumbot_control/share/mecanumbot_control/cmake/mecanumbot_controlConfig.cmake
-- Installing: /home/szeyuan/Desktop/ros/ros_ws/install/mecanumbot_control/share/mecanumbot_control/cmake/mecanumbot_controlConfig-version.cmake
-- Installing: /home/szeyuan/Desktop/ros/ros_ws/install/mecanumbot_control/share/mecanumbot_control/package.xml
