[0.073s] DEBUG:colcon:Command line arguments: ['/home/szeyuan/.local/bin/colcon', 'build']
[0.073s] DEBUG:colcon:Parsed command line arguments: Namespace(log_base=None, log_level=None, verb_name='build', build_base='build', install_base='install', merge_install=False, symlink_install=False, test_result_base=None, continue_on_error=False, executor='parallel', parallel_workers=16, event_handlers=None, ignore_user_meta=False, metas=['./colcon.meta'], base_paths=['.'], packages_ignore=None, packages_ignore_regex=None, paths=None, packages_up_to=None, packages_up_to_regex=None, packages_above=None, packages_above_and_dependencies=None, packages_above_depth=None, packages_select_by_dep=None, packages_skip_by_dep=None, packages_skip_up_to=None, packages_select_build_failed=False, packages_skip_build_finished=False, packages_select_test_failures=False, packages_skip_test_passed=False, packages_select=None, packages_skip=None, packages_select_regex=None, packages_skip_regex=None, packages_start=None, packages_end=None, allow_overriding=[], cmake_args=None, cmake_target=None, cmake_target_skip_unavailable=False, cmake_clean_cache=False, cmake_clean_first=False, cmake_force_configure=False, ament_cmake_args=None, catkin_cmake_args=None, catkin_skip_building_tests=False, verb_parser=<colcon_defaults.argument_parser.defaults.DefaultArgumentsDecorator object at 0x70e9381c1b70>, verb_extension=<colcon_core.verb.build.BuildVerb object at 0x70e938137190>, main=<bound method BuildVerb.main of <colcon_core.verb.build.BuildVerb object at 0x70e938137190>>)
[0.143s] Level 1:colcon.colcon_core.package_discovery:discover_packages(colcon_meta) check parameters
[0.143s] Level 1:colcon.colcon_core.package_discovery:discover_packages(recursive) check parameters
[0.143s] Level 1:colcon.colcon_core.package_discovery:discover_packages(ignore) check parameters
[0.143s] Level 1:colcon.colcon_core.package_discovery:discover_packages(path) check parameters
[0.143s] Level 1:colcon.colcon_core.package_discovery:discover_packages(colcon_meta) discover
[0.143s] Level 1:colcon.colcon_core.package_discovery:discover_packages(recursive) discover
[0.143s] INFO:colcon.colcon_core.package_discovery:Crawling recursively for packages in '/home/szeyuan/Desktop/ros/ros_ws'
[0.143s] Level 1:colcon.colcon_core.package_identification:_identify(.) by extensions ['ignore', 'ignore_ament_install']
[0.143s] Level 1:colcon.colcon_core.package_identification:_identify(.) by extension 'ignore'
[0.143s] Level 1:colcon.colcon_core.package_identification:_identify(.) by extension 'ignore_ament_install'
[0.143s] Level 1:colcon.colcon_core.package_identification:_identify(.) by extensions ['colcon_pkg']
[0.143s] Level 1:colcon.colcon_core.package_identification:_identify(.) by extension 'colcon_pkg'
[0.143s] Level 1:colcon.colcon_core.package_identification:_identify(.) by extensions ['colcon_meta']
[0.143s] Level 1:colcon.colcon_core.package_identification:_identify(.) by extension 'colcon_meta'
[0.143s] Level 1:colcon.colcon_core.package_identification:_identify(.) by extensions ['ros']
[0.143s] Level 1:colcon.colcon_core.package_identification:_identify(.) by extension 'ros'
[0.150s] Level 1:colcon.colcon_core.package_identification:_identify(.) by extensions ['cmake', 'python']
[0.150s] Level 1:colcon.colcon_core.package_identification:_identify(.) by extension 'cmake'
[0.150s] Level 1:colcon.colcon_core.package_identification:_identify(.) by extension 'python'
[0.150s] Level 1:colcon.colcon_core.package_identification:_identify(.) by extensions ['python_setup_py']
[0.150s] Level 1:colcon.colcon_core.package_identification:_identify(.) by extension 'python_setup_py'
[0.150s] Level 1:colcon.colcon_core.package_identification:_identify(build) by extensions ['ignore', 'ignore_ament_install']
[0.150s] Level 1:colcon.colcon_core.package_identification:_identify(build) by extension 'ignore'
[0.151s] Level 1:colcon.colcon_core.package_identification:_identify(build) ignored
[0.151s] Level 1:colcon.colcon_core.package_identification:_identify(install) by extensions ['ignore', 'ignore_ament_install']
[0.151s] Level 1:colcon.colcon_core.package_identification:_identify(install) by extension 'ignore'
[0.151s] Level 1:colcon.colcon_core.package_identification:_identify(install) ignored
[0.151s] Level 1:colcon.colcon_core.package_identification:_identify(log) by extensions ['ignore', 'ignore_ament_install']
[0.151s] Level 1:colcon.colcon_core.package_identification:_identify(log) by extension 'ignore'
[0.151s] Level 1:colcon.colcon_core.package_identification:_identify(log) ignored
[0.151s] Level 1:colcon.colcon_core.package_identification:_identify(src) by extensions ['ignore', 'ignore_ament_install']
[0.151s] Level 1:colcon.colcon_core.package_identification:_identify(src) by extension 'ignore'
[0.151s] Level 1:colcon.colcon_core.package_identification:_identify(src) by extension 'ignore_ament_install'
[0.151s] Level 1:colcon.colcon_core.package_identification:_identify(src) by extensions ['colcon_pkg']
[0.151s] Level 1:colcon.colcon_core.package_identification:_identify(src) by extension 'colcon_pkg'
[0.151s] Level 1:colcon.colcon_core.package_identification:_identify(src) by extensions ['colcon_meta']
[0.151s] Level 1:colcon.colcon_core.package_identification:_identify(src) by extension 'colcon_meta'
[0.151s] Level 1:colcon.colcon_core.package_identification:_identify(src) by extensions ['ros']
[0.151s] Level 1:colcon.colcon_core.package_identification:_identify(src) by extension 'ros'
[0.151s] Level 1:colcon.colcon_core.package_identification:_identify(src) by extensions ['cmake', 'python']
[0.151s] Level 1:colcon.colcon_core.package_identification:_identify(src) by extension 'cmake'
[0.151s] Level 1:colcon.colcon_core.package_identification:_identify(src) by extension 'python'
[0.151s] Level 1:colcon.colcon_core.package_identification:_identify(src) by extensions ['python_setup_py']
[0.151s] Level 1:colcon.colcon_core.package_identification:_identify(src) by extension 'python_setup_py'
[0.151s] Level 1:colcon.colcon_core.package_identification:_identify(src/example_1) by extensions ['ignore', 'ignore_ament_install']
[0.151s] Level 1:colcon.colcon_core.package_identification:_identify(src/example_1) by extension 'ignore'
[0.151s] Level 1:colcon.colcon_core.package_identification:_identify(src/example_1) by extension 'ignore_ament_install'
[0.151s] Level 1:colcon.colcon_core.package_identification:_identify(src/example_1) by extensions ['colcon_pkg']
[0.151s] Level 1:colcon.colcon_core.package_identification:_identify(src/example_1) by extension 'colcon_pkg'
[0.151s] Level 1:colcon.colcon_core.package_identification:_identify(src/example_1) by extensions ['colcon_meta']
[0.151s] Level 1:colcon.colcon_core.package_identification:_identify(src/example_1) by extension 'colcon_meta'
[0.151s] Level 1:colcon.colcon_core.package_identification:_identify(src/example_1) by extensions ['ros']
[0.151s] Level 1:colcon.colcon_core.package_identification:_identify(src/example_1) by extension 'ros'
[0.153s] DEBUG:colcon.colcon_core.package_identification:Package 'src/example_1' with type 'ros.ament_cmake' and name 'ros2_control_demo_example_1'
[0.153s] Level 1:colcon.colcon_core.package_identification:_identify(src/ros2-mecanum-bot) by extensions ['ignore', 'ignore_ament_install']
[0.153s] Level 1:colcon.colcon_core.package_identification:_identify(src/ros2-mecanum-bot) by extension 'ignore'
[0.153s] Level 1:colcon.colcon_core.package_identification:_identify(src/ros2-mecanum-bot) by extension 'ignore_ament_install'
[0.153s] Level 1:colcon.colcon_core.package_identification:_identify(src/ros2-mecanum-bot) by extensions ['colcon_pkg']
[0.153s] Level 1:colcon.colcon_core.package_identification:_identify(src/ros2-mecanum-bot) by extension 'colcon_pkg'
[0.153s] Level 1:colcon.colcon_core.package_identification:_identify(src/ros2-mecanum-bot) by extensions ['colcon_meta']
[0.153s] Level 1:colcon.colcon_core.package_identification:_identify(src/ros2-mecanum-bot) by extension 'colcon_meta'
[0.153s] Level 1:colcon.colcon_core.package_identification:_identify(src/ros2-mecanum-bot) by extensions ['ros']
[0.153s] Level 1:colcon.colcon_core.package_identification:_identify(src/ros2-mecanum-bot) by extension 'ros'
[0.154s] Level 1:colcon.colcon_core.package_identification:_identify(src/ros2-mecanum-bot) by extensions ['cmake', 'python']
[0.154s] Level 1:colcon.colcon_core.package_identification:_identify(src/ros2-mecanum-bot) by extension 'cmake'
[0.154s] Level 1:colcon.colcon_core.package_identification:_identify(src/ros2-mecanum-bot) by extension 'python'
[0.154s] Level 1:colcon.colcon_core.package_identification:_identify(src/ros2-mecanum-bot) by extensions ['python_setup_py']
[0.154s] Level 1:colcon.colcon_core.package_identification:_identify(src/ros2-mecanum-bot) by extension 'python_setup_py'
[0.154s] Level 1:colcon.colcon_core.package_identification:_identify(src/ros2-mecanum-bot/mecanumbot_bringup) by extensions ['ignore', 'ignore_ament_install']
[0.154s] Level 1:colcon.colcon_core.package_identification:_identify(src/ros2-mecanum-bot/mecanumbot_bringup) by extension 'ignore'
[0.154s] Level 1:colcon.colcon_core.package_identification:_identify(src/ros2-mecanum-bot/mecanumbot_bringup) by extension 'ignore_ament_install'
[0.154s] Level 1:colcon.colcon_core.package_identification:_identify(src/ros2-mecanum-bot/mecanumbot_bringup) by extensions ['colcon_pkg']
[0.154s] Level 1:colcon.colcon_core.package_identification:_identify(src/ros2-mecanum-bot/mecanumbot_bringup) by extension 'colcon_pkg'
[0.154s] Level 1:colcon.colcon_core.package_identification:_identify(src/ros2-mecanum-bot/mecanumbot_bringup) by extensions ['colcon_meta']
[0.154s] Level 1:colcon.colcon_core.package_identification:_identify(src/ros2-mecanum-bot/mecanumbot_bringup) by extension 'colcon_meta'
[0.154s] Level 1:colcon.colcon_core.package_identification:_identify(src/ros2-mecanum-bot/mecanumbot_bringup) by extensions ['ros']
[0.154s] Level 1:colcon.colcon_core.package_identification:_identify(src/ros2-mecanum-bot/mecanumbot_bringup) by extension 'ros'
[0.154s] DEBUG:colcon.colcon_core.package_identification:Package 'src/ros2-mecanum-bot/mecanumbot_bringup' with type 'ros.ament_cmake' and name 'mecanumbot_bringup'
[0.154s] Level 1:colcon.colcon_core.package_identification:_identify(src/ros2-mecanum-bot/mecanumbot_control) by extensions ['ignore', 'ignore_ament_install']
[0.154s] Level 1:colcon.colcon_core.package_identification:_identify(src/ros2-mecanum-bot/mecanumbot_control) by extension 'ignore'
[0.154s] Level 1:colcon.colcon_core.package_identification:_identify(src/ros2-mecanum-bot/mecanumbot_control) by extension 'ignore_ament_install'
[0.154s] Level 1:colcon.colcon_core.package_identification:_identify(src/ros2-mecanum-bot/mecanumbot_control) by extensions ['colcon_pkg']
[0.154s] Level 1:colcon.colcon_core.package_identification:_identify(src/ros2-mecanum-bot/mecanumbot_control) by extension 'colcon_pkg'
[0.154s] Level 1:colcon.colcon_core.package_identification:_identify(src/ros2-mecanum-bot/mecanumbot_control) by extensions ['colcon_meta']
[0.154s] Level 1:colcon.colcon_core.package_identification:_identify(src/ros2-mecanum-bot/mecanumbot_control) by extension 'colcon_meta'
[0.155s] Level 1:colcon.colcon_core.package_identification:_identify(src/ros2-mecanum-bot/mecanumbot_control) by extensions ['ros']
[0.155s] Level 1:colcon.colcon_core.package_identification:_identify(src/ros2-mecanum-bot/mecanumbot_control) by extension 'ros'
[0.155s] DEBUG:colcon.colcon_core.package_identification:Package 'src/ros2-mecanum-bot/mecanumbot_control' with type 'ros.ament_cmake' and name 'mecanumbot_control'
[0.155s] Level 1:colcon.colcon_core.package_identification:_identify(src/ros2-mecanum-bot/mecanumbot_controller) by extensions ['ignore', 'ignore_ament_install']
[0.155s] Level 1:colcon.colcon_core.package_identification:_identify(src/ros2-mecanum-bot/mecanumbot_controller) by extension 'ignore'
[0.155s] Level 1:colcon.colcon_core.package_identification:_identify(src/ros2-mecanum-bot/mecanumbot_controller) by extension 'ignore_ament_install'
[0.155s] Level 1:colcon.colcon_core.package_identification:_identify(src/ros2-mecanum-bot/mecanumbot_controller) by extensions ['colcon_pkg']
[0.155s] Level 1:colcon.colcon_core.package_identification:_identify(src/ros2-mecanum-bot/mecanumbot_controller) by extension 'colcon_pkg'
[0.155s] Level 1:colcon.colcon_core.package_identification:_identify(src/ros2-mecanum-bot/mecanumbot_controller) by extensions ['colcon_meta']
[0.155s] Level 1:colcon.colcon_core.package_identification:_identify(src/ros2-mecanum-bot/mecanumbot_controller) by extension 'colcon_meta'
[0.155s] Level 1:colcon.colcon_core.package_identification:_identify(src/ros2-mecanum-bot/mecanumbot_controller) by extensions ['ros']
[0.155s] Level 1:colcon.colcon_core.package_identification:_identify(src/ros2-mecanum-bot/mecanumbot_controller) by extension 'ros'
[0.156s] DEBUG:colcon.colcon_core.package_identification:Package 'src/ros2-mecanum-bot/mecanumbot_controller' with type 'ros.ament_cmake' and name 'mecanumbot_controller'
[0.156s] Level 1:colcon.colcon_core.package_identification:_identify(src/ros2-mecanum-bot/mecanumbot_description) by extensions ['ignore', 'ignore_ament_install']
[0.156s] Level 1:colcon.colcon_core.package_identification:_identify(src/ros2-mecanum-bot/mecanumbot_description) by extension 'ignore'
[0.156s] Level 1:colcon.colcon_core.package_identification:_identify(src/ros2-mecanum-bot/mecanumbot_description) by extension 'ignore_ament_install'
[0.156s] Level 1:colcon.colcon_core.package_identification:_identify(src/ros2-mecanum-bot/mecanumbot_description) by extensions ['colcon_pkg']
[0.156s] Level 1:colcon.colcon_core.package_identification:_identify(src/ros2-mecanum-bot/mecanumbot_description) by extension 'colcon_pkg'
[0.156s] Level 1:colcon.colcon_core.package_identification:_identify(src/ros2-mecanum-bot/mecanumbot_description) by extensions ['colcon_meta']
[0.156s] Level 1:colcon.colcon_core.package_identification:_identify(src/ros2-mecanum-bot/mecanumbot_description) by extension 'colcon_meta'
[0.156s] Level 1:colcon.colcon_core.package_identification:_identify(src/ros2-mecanum-bot/mecanumbot_description) by extensions ['ros']
[0.156s] Level 1:colcon.colcon_core.package_identification:_identify(src/ros2-mecanum-bot/mecanumbot_description) by extension 'ros'
[0.156s] DEBUG:colcon.colcon_core.package_identification:Package 'src/ros2-mecanum-bot/mecanumbot_description' with type 'ros.ament_cmake' and name 'mecanumbot_description'
[0.156s] Level 1:colcon.colcon_core.package_identification:_identify(src/ros2-mecanum-bot/mecanumbot_hardware) by extensions ['ignore', 'ignore_ament_install']
[0.156s] Level 1:colcon.colcon_core.package_identification:_identify(src/ros2-mecanum-bot/mecanumbot_hardware) by extension 'ignore'
[0.156s] Level 1:colcon.colcon_core.package_identification:_identify(src/ros2-mecanum-bot/mecanumbot_hardware) by extension 'ignore_ament_install'
[0.156s] Level 1:colcon.colcon_core.package_identification:_identify(src/ros2-mecanum-bot/mecanumbot_hardware) by extensions ['colcon_pkg']
[0.156s] Level 1:colcon.colcon_core.package_identification:_identify(src/ros2-mecanum-bot/mecanumbot_hardware) by extension 'colcon_pkg'
[0.156s] Level 1:colcon.colcon_core.package_identification:_identify(src/ros2-mecanum-bot/mecanumbot_hardware) by extensions ['colcon_meta']
[0.156s] Level 1:colcon.colcon_core.package_identification:_identify(src/ros2-mecanum-bot/mecanumbot_hardware) by extension 'colcon_meta'
[0.156s] Level 1:colcon.colcon_core.package_identification:_identify(src/ros2-mecanum-bot/mecanumbot_hardware) by extensions ['ros']
[0.156s] Level 1:colcon.colcon_core.package_identification:_identify(src/ros2-mecanum-bot/mecanumbot_hardware) by extension 'ros'
[0.157s] DEBUG:colcon.colcon_core.package_identification:Package 'src/ros2-mecanum-bot/mecanumbot_hardware' with type 'ros.ament_cmake' and name 'mecanumbot_hardware'
[0.157s] Level 1:colcon.colcon_core.package_identification:_identify(src/ros2-mecanum-bot/mecanumbot_teleop) by extensions ['ignore', 'ignore_ament_install']
[0.157s] Level 1:colcon.colcon_core.package_identification:_identify(src/ros2-mecanum-bot/mecanumbot_teleop) by extension 'ignore'
[0.157s] Level 1:colcon.colcon_core.package_identification:_identify(src/ros2-mecanum-bot/mecanumbot_teleop) by extension 'ignore_ament_install'
[0.157s] Level 1:colcon.colcon_core.package_identification:_identify(src/ros2-mecanum-bot/mecanumbot_teleop) by extensions ['colcon_pkg']
[0.157s] Level 1:colcon.colcon_core.package_identification:_identify(src/ros2-mecanum-bot/mecanumbot_teleop) by extension 'colcon_pkg'
[0.157s] Level 1:colcon.colcon_core.package_identification:_identify(src/ros2-mecanum-bot/mecanumbot_teleop) by extensions ['colcon_meta']
[0.157s] Level 1:colcon.colcon_core.package_identification:_identify(src/ros2-mecanum-bot/mecanumbot_teleop) by extension 'colcon_meta'
[0.157s] Level 1:colcon.colcon_core.package_identification:_identify(src/ros2-mecanum-bot/mecanumbot_teleop) by extensions ['ros']
[0.157s] Level 1:colcon.colcon_core.package_identification:_identify(src/ros2-mecanum-bot/mecanumbot_teleop) by extension 'ros'
[0.158s] DEBUG:colcon.colcon_core.package_identification:Package 'src/ros2-mecanum-bot/mecanumbot_teleop' with type 'ros.ament_cmake' and name 'mecanumbot_teleop'
[0.158s] Level 1:colcon.colcon_core.package_identification:_identify(src/ros2_control_demo_description) by extensions ['ignore', 'ignore_ament_install']
[0.158s] Level 1:colcon.colcon_core.package_identification:_identify(src/ros2_control_demo_description) by extension 'ignore'
[0.158s] Level 1:colcon.colcon_core.package_identification:_identify(src/ros2_control_demo_description) by extension 'ignore_ament_install'
[0.158s] Level 1:colcon.colcon_core.package_identification:_identify(src/ros2_control_demo_description) by extensions ['colcon_pkg']
[0.158s] Level 1:colcon.colcon_core.package_identification:_identify(src/ros2_control_demo_description) by extension 'colcon_pkg'
[0.158s] Level 1:colcon.colcon_core.package_identification:_identify(src/ros2_control_demo_description) by extensions ['colcon_meta']
[0.158s] Level 1:colcon.colcon_core.package_identification:_identify(src/ros2_control_demo_description) by extension 'colcon_meta'
[0.158s] Level 1:colcon.colcon_core.package_identification:_identify(src/ros2_control_demo_description) by extensions ['ros']
[0.158s] Level 1:colcon.colcon_core.package_identification:_identify(src/ros2_control_demo_description) by extension 'ros'
[0.158s] DEBUG:colcon.colcon_core.package_identification:Package 'src/ros2_control_demo_description' with type 'ros.ament_cmake' and name 'ros2_control_demo_description'
[0.158s] Level 1:colcon.colcon_core.package_identification:_identify(src/ros2_v4l2_camera) by extensions ['ignore', 'ignore_ament_install']
[0.158s] Level 1:colcon.colcon_core.package_identification:_identify(src/ros2_v4l2_camera) by extension 'ignore'
[0.158s] Level 1:colcon.colcon_core.package_identification:_identify(src/ros2_v4l2_camera) by extension 'ignore_ament_install'
[0.158s] Level 1:colcon.colcon_core.package_identification:_identify(src/ros2_v4l2_camera) by extensions ['colcon_pkg']
[0.158s] Level 1:colcon.colcon_core.package_identification:_identify(src/ros2_v4l2_camera) by extension 'colcon_pkg'
[0.158s] Level 1:colcon.colcon_core.package_identification:_identify(src/ros2_v4l2_camera) by extensions ['colcon_meta']
[0.158s] Level 1:colcon.colcon_core.package_identification:_identify(src/ros2_v4l2_camera) by extension 'colcon_meta'
[0.158s] Level 1:colcon.colcon_core.package_identification:_identify(src/ros2_v4l2_camera) by extensions ['ros']
[0.158s] Level 1:colcon.colcon_core.package_identification:_identify(src/ros2_v4l2_camera) by extension 'ros'
[0.159s] DEBUG:colcon.colcon_core.package_identification:Package 'src/ros2_v4l2_camera' with type 'ros.ament_cmake' and name 'v4l2_camera'
[0.159s] Level 1:colcon.colcon_core.package_discovery:discover_packages(recursive) using defaults
[0.159s] Level 1:colcon.colcon_core.package_discovery:discover_packages(ignore) discover
[0.159s] Level 1:colcon.colcon_core.package_discovery:discover_packages(ignore) using defaults
[0.159s] Level 1:colcon.colcon_core.package_discovery:discover_packages(path) discover
[0.159s] Level 1:colcon.colcon_core.package_discovery:discover_packages(path) using defaults
[0.171s] Level 1:colcon.colcon_core.package_discovery:discover_packages(prefix_path) check parameters
[0.171s] Level 1:colcon.colcon_core.package_discovery:discover_packages(prefix_path) discover
[0.172s] Level 1:colcon.colcon_core.package_discovery:discover_packages(prefix_path) using defaults
[0.172s] Level 5:colcon.colcon_core.verb:set package 'mecanumbot_control' build argument 'cmake_args' from command line to 'None'
[0.172s] Level 5:colcon.colcon_core.verb:set package 'mecanumbot_control' build argument 'cmake_target' from command line to 'None'
[0.172s] Level 5:colcon.colcon_core.verb:set package 'mecanumbot_control' build argument 'cmake_target_skip_unavailable' from command line to 'False'
[0.173s] Level 5:colcon.colcon_core.verb:set package 'mecanumbot_control' build argument 'cmake_clean_cache' from command line to 'False'
[0.173s] Level 5:colcon.colcon_core.verb:set package 'mecanumbot_control' build argument 'cmake_clean_first' from command line to 'False'
[0.173s] Level 5:colcon.colcon_core.verb:set package 'mecanumbot_control' build argument 'cmake_force_configure' from command line to 'False'
[0.173s] Level 5:colcon.colcon_core.verb:set package 'mecanumbot_control' build argument 'ament_cmake_args' from command line to 'None'
[0.173s] Level 5:colcon.colcon_core.verb:set package 'mecanumbot_control' build argument 'catkin_cmake_args' from command line to 'None'
[0.173s] Level 5:colcon.colcon_core.verb:set package 'mecanumbot_control' build argument 'catkin_skip_building_tests' from command line to 'False'
[0.173s] DEBUG:colcon.colcon_core.verb:Building package 'mecanumbot_control' with the following arguments: {'ament_cmake_args': None, 'build_base': '/home/szeyuan/Desktop/ros/ros_ws/build/mecanumbot_control', 'catkin_cmake_args': None, 'catkin_skip_building_tests': False, 'cmake_args': None, 'cmake_clean_cache': False, 'cmake_clean_first': False, 'cmake_force_configure': False, 'cmake_target': None, 'cmake_target_skip_unavailable': False, 'install_base': '/home/szeyuan/Desktop/ros/ros_ws/install/mecanumbot_control', 'merge_install': False, 'path': '/home/szeyuan/Desktop/ros/ros_ws/src/ros2-mecanum-bot/mecanumbot_control', 'symlink_install': False, 'test_result_base': None}
[0.173s] Level 5:colcon.colcon_core.verb:set package 'mecanumbot_controller' build argument 'cmake_args' from command line to 'None'
[0.173s] Level 5:colcon.colcon_core.verb:set package 'mecanumbot_controller' build argument 'cmake_target' from command line to 'None'
[0.173s] Level 5:colcon.colcon_core.verb:set package 'mecanumbot_controller' build argument 'cmake_target_skip_unavailable' from command line to 'False'
[0.173s] Level 5:colcon.colcon_core.verb:set package 'mecanumbot_controller' build argument 'cmake_clean_cache' from command line to 'False'
[0.173s] Level 5:colcon.colcon_core.verb:set package 'mecanumbot_controller' build argument 'cmake_clean_first' from command line to 'False'
[0.173s] Level 5:colcon.colcon_core.verb:set package 'mecanumbot_controller' build argument 'cmake_force_configure' from command line to 'False'
[0.173s] Level 5:colcon.colcon_core.verb:set package 'mecanumbot_controller' build argument 'ament_cmake_args' from command line to 'None'
[0.173s] Level 5:colcon.colcon_core.verb:set package 'mecanumbot_controller' build argument 'catkin_cmake_args' from command line to 'None'
[0.173s] Level 5:colcon.colcon_core.verb:set package 'mecanumbot_controller' build argument 'catkin_skip_building_tests' from command line to 'False'
[0.173s] DEBUG:colcon.colcon_core.verb:Building package 'mecanumbot_controller' with the following arguments: {'ament_cmake_args': None, 'build_base': '/home/szeyuan/Desktop/ros/ros_ws/build/mecanumbot_controller', 'catkin_cmake_args': None, 'catkin_skip_building_tests': False, 'cmake_args': None, 'cmake_clean_cache': False, 'cmake_clean_first': False, 'cmake_force_configure': False, 'cmake_target': None, 'cmake_target_skip_unavailable': False, 'install_base': '/home/szeyuan/Desktop/ros/ros_ws/install/mecanumbot_controller', 'merge_install': False, 'path': '/home/szeyuan/Desktop/ros/ros_ws/src/ros2-mecanum-bot/mecanumbot_controller', 'symlink_install': False, 'test_result_base': None}
[0.173s] Level 5:colcon.colcon_core.verb:set package 'mecanumbot_description' build argument 'cmake_args' from command line to 'None'
[0.173s] Level 5:colcon.colcon_core.verb:set package 'mecanumbot_description' build argument 'cmake_target' from command line to 'None'
[0.173s] Level 5:colcon.colcon_core.verb:set package 'mecanumbot_description' build argument 'cmake_target_skip_unavailable' from command line to 'False'
[0.173s] Level 5:colcon.colcon_core.verb:set package 'mecanumbot_description' build argument 'cmake_clean_cache' from command line to 'False'
[0.173s] Level 5:colcon.colcon_core.verb:set package 'mecanumbot_description' build argument 'cmake_clean_first' from command line to 'False'
[0.173s] Level 5:colcon.colcon_core.verb:set package 'mecanumbot_description' build argument 'cmake_force_configure' from command line to 'False'
[0.173s] Level 5:colcon.colcon_core.verb:set package 'mecanumbot_description' build argument 'ament_cmake_args' from command line to 'None'
[0.173s] Level 5:colcon.colcon_core.verb:set package 'mecanumbot_description' build argument 'catkin_cmake_args' from command line to 'None'
[0.173s] Level 5:colcon.colcon_core.verb:set package 'mecanumbot_description' build argument 'catkin_skip_building_tests' from command line to 'False'
[0.173s] DEBUG:colcon.colcon_core.verb:Building package 'mecanumbot_description' with the following arguments: {'ament_cmake_args': None, 'build_base': '/home/szeyuan/Desktop/ros/ros_ws/build/mecanumbot_description', 'catkin_cmake_args': None, 'catkin_skip_building_tests': False, 'cmake_args': None, 'cmake_clean_cache': False, 'cmake_clean_first': False, 'cmake_force_configure': False, 'cmake_target': None, 'cmake_target_skip_unavailable': False, 'install_base': '/home/szeyuan/Desktop/ros/ros_ws/install/mecanumbot_description', 'merge_install': False, 'path': '/home/szeyuan/Desktop/ros/ros_ws/src/ros2-mecanum-bot/mecanumbot_description', 'symlink_install': False, 'test_result_base': None}
[0.173s] Level 5:colcon.colcon_core.verb:set package 'mecanumbot_hardware' build argument 'cmake_args' from command line to 'None'
[0.173s] Level 5:colcon.colcon_core.verb:set package 'mecanumbot_hardware' build argument 'cmake_target' from command line to 'None'
[0.173s] Level 5:colcon.colcon_core.verb:set package 'mecanumbot_hardware' build argument 'cmake_target_skip_unavailable' from command line to 'False'
[0.173s] Level 5:colcon.colcon_core.verb:set package 'mecanumbot_hardware' build argument 'cmake_clean_cache' from command line to 'False'
[0.174s] Level 5:colcon.colcon_core.verb:set package 'mecanumbot_hardware' build argument 'cmake_clean_first' from command line to 'False'
[0.174s] Level 5:colcon.colcon_core.verb:set package 'mecanumbot_hardware' build argument 'cmake_force_configure' from command line to 'False'
[0.174s] Level 5:colcon.colcon_core.verb:set package 'mecanumbot_hardware' build argument 'ament_cmake_args' from command line to 'None'
[0.174s] Level 5:colcon.colcon_core.verb:set package 'mecanumbot_hardware' build argument 'catkin_cmake_args' from command line to 'None'
[0.174s] Level 5:colcon.colcon_core.verb:set package 'mecanumbot_hardware' build argument 'catkin_skip_building_tests' from command line to 'False'
[0.174s] DEBUG:colcon.colcon_core.verb:Building package 'mecanumbot_hardware' with the following arguments: {'ament_cmake_args': None, 'build_base': '/home/szeyuan/Desktop/ros/ros_ws/build/mecanumbot_hardware', 'catkin_cmake_args': None, 'catkin_skip_building_tests': False, 'cmake_args': None, 'cmake_clean_cache': False, 'cmake_clean_first': False, 'cmake_force_configure': False, 'cmake_target': None, 'cmake_target_skip_unavailable': False, 'install_base': '/home/szeyuan/Desktop/ros/ros_ws/install/mecanumbot_hardware', 'merge_install': False, 'path': '/home/szeyuan/Desktop/ros/ros_ws/src/ros2-mecanum-bot/mecanumbot_hardware', 'symlink_install': False, 'test_result_base': None}
[0.174s] Level 5:colcon.colcon_core.verb:set package 'mecanumbot_teleop' build argument 'cmake_args' from command line to 'None'
[0.174s] Level 5:colcon.colcon_core.verb:set package 'mecanumbot_teleop' build argument 'cmake_target' from command line to 'None'
[0.174s] Level 5:colcon.colcon_core.verb:set package 'mecanumbot_teleop' build argument 'cmake_target_skip_unavailable' from command line to 'False'
[0.174s] Level 5:colcon.colcon_core.verb:set package 'mecanumbot_teleop' build argument 'cmake_clean_cache' from command line to 'False'
[0.174s] Level 5:colcon.colcon_core.verb:set package 'mecanumbot_teleop' build argument 'cmake_clean_first' from command line to 'False'
[0.174s] Level 5:colcon.colcon_core.verb:set package 'mecanumbot_teleop' build argument 'cmake_force_configure' from command line to 'False'
[0.174s] Level 5:colcon.colcon_core.verb:set package 'mecanumbot_teleop' build argument 'ament_cmake_args' from command line to 'None'
[0.174s] Level 5:colcon.colcon_core.verb:set package 'mecanumbot_teleop' build argument 'catkin_cmake_args' from command line to 'None'
[0.174s] Level 5:colcon.colcon_core.verb:set package 'mecanumbot_teleop' build argument 'catkin_skip_building_tests' from command line to 'False'
[0.174s] DEBUG:colcon.colcon_core.verb:Building package 'mecanumbot_teleop' with the following arguments: {'ament_cmake_args': None, 'build_base': '/home/szeyuan/Desktop/ros/ros_ws/build/mecanumbot_teleop', 'catkin_cmake_args': None, 'catkin_skip_building_tests': False, 'cmake_args': None, 'cmake_clean_cache': False, 'cmake_clean_first': False, 'cmake_force_configure': False, 'cmake_target': None, 'cmake_target_skip_unavailable': False, 'install_base': '/home/szeyuan/Desktop/ros/ros_ws/install/mecanumbot_teleop', 'merge_install': False, 'path': '/home/szeyuan/Desktop/ros/ros_ws/src/ros2-mecanum-bot/mecanumbot_teleop', 'symlink_install': False, 'test_result_base': None}
[0.174s] Level 5:colcon.colcon_core.verb:set package 'ros2_control_demo_description' build argument 'cmake_args' from command line to 'None'
[0.174s] Level 5:colcon.colcon_core.verb:set package 'ros2_control_demo_description' build argument 'cmake_target' from command line to 'None'
[0.174s] Level 5:colcon.colcon_core.verb:set package 'ros2_control_demo_description' build argument 'cmake_target_skip_unavailable' from command line to 'False'
[0.174s] Level 5:colcon.colcon_core.verb:set package 'ros2_control_demo_description' build argument 'cmake_clean_cache' from command line to 'False'
[0.174s] Level 5:colcon.colcon_core.verb:set package 'ros2_control_demo_description' build argument 'cmake_clean_first' from command line to 'False'
[0.174s] Level 5:colcon.colcon_core.verb:set package 'ros2_control_demo_description' build argument 'cmake_force_configure' from command line to 'False'
[0.174s] Level 5:colcon.colcon_core.verb:set package 'ros2_control_demo_description' build argument 'ament_cmake_args' from command line to 'None'
[0.174s] Level 5:colcon.colcon_core.verb:set package 'ros2_control_demo_description' build argument 'catkin_cmake_args' from command line to 'None'
[0.174s] Level 5:colcon.colcon_core.verb:set package 'ros2_control_demo_description' build argument 'catkin_skip_building_tests' from command line to 'False'
[0.174s] DEBUG:colcon.colcon_core.verb:Building package 'ros2_control_demo_description' with the following arguments: {'ament_cmake_args': None, 'build_base': '/home/szeyuan/Desktop/ros/ros_ws/build/ros2_control_demo_description', 'catkin_cmake_args': None, 'catkin_skip_building_tests': False, 'cmake_args': None, 'cmake_clean_cache': False, 'cmake_clean_first': False, 'cmake_force_configure': False, 'cmake_target': None, 'cmake_target_skip_unavailable': False, 'install_base': '/home/szeyuan/Desktop/ros/ros_ws/install/ros2_control_demo_description', 'merge_install': False, 'path': '/home/szeyuan/Desktop/ros/ros_ws/src/ros2_control_demo_description', 'symlink_install': False, 'test_result_base': None}
[0.174s] Level 5:colcon.colcon_core.verb:set package 'v4l2_camera' build argument 'cmake_args' from command line to 'None'
[0.174s] Level 5:colcon.colcon_core.verb:set package 'v4l2_camera' build argument 'cmake_target' from command line to 'None'
[0.174s] Level 5:colcon.colcon_core.verb:set package 'v4l2_camera' build argument 'cmake_target_skip_unavailable' from command line to 'False'
[0.174s] Level 5:colcon.colcon_core.verb:set package 'v4l2_camera' build argument 'cmake_clean_cache' from command line to 'False'
[0.175s] Level 5:colcon.colcon_core.verb:set package 'v4l2_camera' build argument 'cmake_clean_first' from command line to 'False'
[0.175s] Level 5:colcon.colcon_core.verb:set package 'v4l2_camera' build argument 'cmake_force_configure' from command line to 'False'
[0.175s] Level 5:colcon.colcon_core.verb:set package 'v4l2_camera' build argument 'ament_cmake_args' from command line to 'None'
[0.175s] Level 5:colcon.colcon_core.verb:set package 'v4l2_camera' build argument 'catkin_cmake_args' from command line to 'None'
[0.175s] Level 5:colcon.colcon_core.verb:set package 'v4l2_camera' build argument 'catkin_skip_building_tests' from command line to 'False'
[0.175s] DEBUG:colcon.colcon_core.verb:Building package 'v4l2_camera' with the following arguments: {'ament_cmake_args': None, 'build_base': '/home/szeyuan/Desktop/ros/ros_ws/build/v4l2_camera', 'catkin_cmake_args': None, 'catkin_skip_building_tests': False, 'cmake_args': None, 'cmake_clean_cache': False, 'cmake_clean_first': False, 'cmake_force_configure': False, 'cmake_target': None, 'cmake_target_skip_unavailable': False, 'install_base': '/home/szeyuan/Desktop/ros/ros_ws/install/v4l2_camera', 'merge_install': False, 'path': '/home/szeyuan/Desktop/ros/ros_ws/src/ros2_v4l2_camera', 'symlink_install': False, 'test_result_base': None}
[0.175s] Level 5:colcon.colcon_core.verb:set package 'mecanumbot_bringup' build argument 'cmake_args' from command line to 'None'
[0.175s] Level 5:colcon.colcon_core.verb:set package 'mecanumbot_bringup' build argument 'cmake_target' from command line to 'None'
[0.175s] Level 5:colcon.colcon_core.verb:set package 'mecanumbot_bringup' build argument 'cmake_target_skip_unavailable' from command line to 'False'
[0.175s] Level 5:colcon.colcon_core.verb:set package 'mecanumbot_bringup' build argument 'cmake_clean_cache' from command line to 'False'
[0.175s] Level 5:colcon.colcon_core.verb:set package 'mecanumbot_bringup' build argument 'cmake_clean_first' from command line to 'False'
[0.175s] Level 5:colcon.colcon_core.verb:set package 'mecanumbot_bringup' build argument 'cmake_force_configure' from command line to 'False'
[0.175s] Level 5:colcon.colcon_core.verb:set package 'mecanumbot_bringup' build argument 'ament_cmake_args' from command line to 'None'
[0.175s] Level 5:colcon.colcon_core.verb:set package 'mecanumbot_bringup' build argument 'catkin_cmake_args' from command line to 'None'
[0.175s] Level 5:colcon.colcon_core.verb:set package 'mecanumbot_bringup' build argument 'catkin_skip_building_tests' from command line to 'False'
[0.175s] DEBUG:colcon.colcon_core.verb:Building package 'mecanumbot_bringup' with the following arguments: {'ament_cmake_args': None, 'build_base': '/home/szeyuan/Desktop/ros/ros_ws/build/mecanumbot_bringup', 'catkin_cmake_args': None, 'catkin_skip_building_tests': False, 'cmake_args': None, 'cmake_clean_cache': False, 'cmake_clean_first': False, 'cmake_force_configure': False, 'cmake_target': None, 'cmake_target_skip_unavailable': False, 'install_base': '/home/szeyuan/Desktop/ros/ros_ws/install/mecanumbot_bringup', 'merge_install': False, 'path': '/home/szeyuan/Desktop/ros/ros_ws/src/ros2-mecanum-bot/mecanumbot_bringup', 'symlink_install': False, 'test_result_base': None}
[0.175s] Level 5:colcon.colcon_core.verb:set package 'ros2_control_demo_example_1' build argument 'cmake_args' from command line to 'None'
[0.175s] Level 5:colcon.colcon_core.verb:set package 'ros2_control_demo_example_1' build argument 'cmake_target' from command line to 'None'
[0.175s] Level 5:colcon.colcon_core.verb:set package 'ros2_control_demo_example_1' build argument 'cmake_target_skip_unavailable' from command line to 'False'
[0.175s] Level 5:colcon.colcon_core.verb:set package 'ros2_control_demo_example_1' build argument 'cmake_clean_cache' from command line to 'False'
[0.175s] Level 5:colcon.colcon_core.verb:set package 'ros2_control_demo_example_1' build argument 'cmake_clean_first' from command line to 'False'
[0.175s] Level 5:colcon.colcon_core.verb:set package 'ros2_control_demo_example_1' build argument 'cmake_force_configure' from command line to 'False'
[0.175s] Level 5:colcon.colcon_core.verb:set package 'ros2_control_demo_example_1' build argument 'ament_cmake_args' from command line to 'None'
[0.175s] Level 5:colcon.colcon_core.verb:set package 'ros2_control_demo_example_1' build argument 'catkin_cmake_args' from command line to 'None'
[0.175s] Level 5:colcon.colcon_core.verb:set package 'ros2_control_demo_example_1' build argument 'catkin_skip_building_tests' from command line to 'False'
[0.175s] DEBUG:colcon.colcon_core.verb:Building package 'ros2_control_demo_example_1' with the following arguments: {'ament_cmake_args': None, 'build_base': '/home/szeyuan/Desktop/ros/ros_ws/build/ros2_control_demo_example_1', 'catkin_cmake_args': None, 'catkin_skip_building_tests': False, 'cmake_args': None, 'cmake_clean_cache': False, 'cmake_clean_first': False, 'cmake_force_configure': False, 'cmake_target': None, 'cmake_target_skip_unavailable': False, 'install_base': '/home/szeyuan/Desktop/ros/ros_ws/install/ros2_control_demo_example_1', 'merge_install': False, 'path': '/home/szeyuan/Desktop/ros/ros_ws/src/example_1', 'symlink_install': False, 'test_result_base': None}
[0.175s] INFO:colcon.colcon_core.executor:Executing jobs using 'parallel' executor
[0.176s] DEBUG:colcon.colcon_parallel_executor.executor.parallel:run_until_complete
[0.176s] INFO:colcon.colcon_ros.task.ament_cmake.build:Building ROS package in '/home/szeyuan/Desktop/ros/ros_ws/src/ros2-mecanum-bot/mecanumbot_description' with build type 'ament_cmake'
[0.176s] INFO:colcon.colcon_cmake.task.cmake.build:Building CMake package in '/home/szeyuan/Desktop/ros/ros_ws/src/ros2-mecanum-bot/mecanumbot_description'
[0.177s] INFO:colcon.colcon_core.plugin_system:Skipping extension 'colcon_core.shell.bat': Not used on non-Windows systems
[0.178s] INFO:colcon.colcon_core.shell:Skip shell extension 'powershell' for command environment: Not usable outside of PowerShell
[0.178s] DEBUG:colcon.colcon_core.shell:Skip shell extension 'dsv' for command environment
[0.179s] INFO:colcon.colcon_ros.task.ament_cmake.build:Building ROS package in '/home/szeyuan/Desktop/ros/ros_ws/src/ros2_control_demo_description' with build type 'ament_cmake'
[0.179s] INFO:colcon.colcon_cmake.task.cmake.build:Building CMake package in '/home/szeyuan/Desktop/ros/ros_ws/src/ros2_control_demo_description'
[0.179s] INFO:colcon.colcon_core.shell:Skip shell extension 'powershell' for command environment: Not usable outside of PowerShell
[0.179s] DEBUG:colcon.colcon_core.shell:Skip shell extension 'dsv' for command environment
[0.180s] INFO:colcon.colcon_ros.task.ament_cmake.build:Building ROS package in '/home/szeyuan/Desktop/ros/ros_ws/src/ros2-mecanum-bot/mecanumbot_control' with build type 'ament_cmake'
[0.180s] INFO:colcon.colcon_cmake.task.cmake.build:Building CMake package in '/home/szeyuan/Desktop/ros/ros_ws/src/ros2-mecanum-bot/mecanumbot_control'
[0.180s] INFO:colcon.colcon_core.shell:Skip shell extension 'powershell' for command environment: Not usable outside of PowerShell
[0.180s] DEBUG:colcon.colcon_core.shell:Skip shell extension 'dsv' for command environment
[0.180s] INFO:colcon.colcon_ros.task.ament_cmake.build:Building ROS package in '/home/szeyuan/Desktop/ros/ros_ws/src/ros2-mecanum-bot/mecanumbot_controller' with build type 'ament_cmake'
[0.181s] INFO:colcon.colcon_cmake.task.cmake.build:Building CMake package in '/home/szeyuan/Desktop/ros/ros_ws/src/ros2-mecanum-bot/mecanumbot_controller'
[0.181s] INFO:colcon.colcon_core.shell:Skip shell extension 'powershell' for command environment: Not usable outside of PowerShell
[0.181s] DEBUG:colcon.colcon_core.shell:Skip shell extension 'dsv' for command environment
[0.181s] INFO:colcon.colcon_ros.task.ament_cmake.build:Building ROS package in '/home/szeyuan/Desktop/ros/ros_ws/src/ros2-mecanum-bot/mecanumbot_hardware' with build type 'ament_cmake'
[0.181s] INFO:colcon.colcon_cmake.task.cmake.build:Building CMake package in '/home/szeyuan/Desktop/ros/ros_ws/src/ros2-mecanum-bot/mecanumbot_hardware'
[0.181s] INFO:colcon.colcon_core.shell:Skip shell extension 'powershell' for command environment: Not usable outside of PowerShell
[0.181s] DEBUG:colcon.colcon_core.shell:Skip shell extension 'dsv' for command environment
[0.182s] INFO:colcon.colcon_ros.task.ament_cmake.build:Building ROS package in '/home/szeyuan/Desktop/ros/ros_ws/src/ros2-mecanum-bot/mecanumbot_teleop' with build type 'ament_cmake'
[0.182s] INFO:colcon.colcon_cmake.task.cmake.build:Building CMake package in '/home/szeyuan/Desktop/ros/ros_ws/src/ros2-mecanum-bot/mecanumbot_teleop'
[0.182s] INFO:colcon.colcon_core.shell:Skip shell extension 'powershell' for command environment: Not usable outside of PowerShell
[0.182s] DEBUG:colcon.colcon_core.shell:Skip shell extension 'dsv' for command environment
[0.183s] INFO:colcon.colcon_ros.task.ament_cmake.build:Building ROS package in '/home/szeyuan/Desktop/ros/ros_ws/src/ros2_v4l2_camera' with build type 'ament_cmake'
[0.183s] INFO:colcon.colcon_cmake.task.cmake.build:Building CMake package in '/home/szeyuan/Desktop/ros/ros_ws/src/ros2_v4l2_camera'
[0.183s] INFO:colcon.colcon_core.shell:Skip shell extension 'powershell' for command environment: Not usable outside of PowerShell
[0.183s] DEBUG:colcon.colcon_core.shell:Skip shell extension 'dsv' for command environment
[0.187s] DEBUG:colcon.colcon_core.event_handler.log_command:Invoking command in '/home/szeyuan/Desktop/ros/ros_ws/build/mecanumbot_description': /usr/bin/cmake /home/szeyuan/Desktop/ros/ros_ws/src/ros2-mecanum-bot/mecanumbot_description -DCMAKE_INSTALL_PREFIX=/home/szeyuan/Desktop/ros/ros_ws/install/mecanumbot_description
[0.189s] DEBUG:colcon.colcon_core.event_handler.log_command:Invoking command in '/home/szeyuan/Desktop/ros/ros_ws/build/ros2_control_demo_description': /usr/bin/cmake --build /home/szeyuan/Desktop/ros/ros_ws/build/ros2_control_demo_description -- -j16 -l16
[0.191s] DEBUG:colcon.colcon_core.event_handler.log_command:Invoking command in '/home/szeyuan/Desktop/ros/ros_ws/build/mecanumbot_control': /usr/bin/cmake /home/szeyuan/Desktop/ros/ros_ws/src/ros2-mecanum-bot/mecanumbot_control -DCMAKE_INSTALL_PREFIX=/home/szeyuan/Desktop/ros/ros_ws/install/mecanumbot_control
[0.193s] DEBUG:colcon.colcon_core.event_handler.log_command:Invoking command in '/home/szeyuan/Desktop/ros/ros_ws/build/mecanumbot_controller': /usr/bin/cmake /home/szeyuan/Desktop/ros/ros_ws/src/ros2-mecanum-bot/mecanumbot_controller -DCMAKE_INSTALL_PREFIX=/home/szeyuan/Desktop/ros/ros_ws/install/mecanumbot_controller
[0.194s] DEBUG:colcon.colcon_core.event_handler.log_command:Invoking command in '/home/szeyuan/Desktop/ros/ros_ws/build/mecanumbot_hardware': /usr/bin/cmake /home/szeyuan/Desktop/ros/ros_ws/src/ros2-mecanum-bot/mecanumbot_hardware -DCMAKE_INSTALL_PREFIX=/home/szeyuan/Desktop/ros/ros_ws/install/mecanumbot_hardware
[0.197s] DEBUG:colcon.colcon_core.event_handler.log_command:Invoking command in '/home/szeyuan/Desktop/ros/ros_ws/build/mecanumbot_teleop': /usr/bin/cmake /home/szeyuan/Desktop/ros/ros_ws/src/ros2-mecanum-bot/mecanumbot_teleop -DCMAKE_INSTALL_PREFIX=/home/szeyuan/Desktop/ros/ros_ws/install/mecanumbot_teleop
[0.199s] DEBUG:colcon.colcon_core.event_handler.log_command:Invoking command in '/home/szeyuan/Desktop/ros/ros_ws/build/v4l2_camera': /usr/bin/cmake --build /home/szeyuan/Desktop/ros/ros_ws/build/v4l2_camera -- -j16 -l16
[0.206s] DEBUG:colcon.colcon_core.event_handler.log_command:Invoked command in '/home/szeyuan/Desktop/ros/ros_ws/build/mecanumbot_description' returned '1': /usr/bin/cmake /home/szeyuan/Desktop/ros/ros_ws/src/ros2-mecanum-bot/mecanumbot_description -DCMAKE_INSTALL_PREFIX=/home/szeyuan/Desktop/ros/ros_ws/install/mecanumbot_description
[0.217s] Level 1:colcon.colcon_core.environment:create_environment_scripts_only(mecanumbot_description)
[0.221s] DEBUG:colcon.colcon_core.event_handler.log_command:Invoked command in '/home/szeyuan/Desktop/ros/ros_ws/build/mecanumbot_control' returned '1': /usr/bin/cmake /home/szeyuan/Desktop/ros/ros_ws/src/ros2-mecanum-bot/mecanumbot_control -DCMAKE_INSTALL_PREFIX=/home/szeyuan/Desktop/ros/ros_ws/install/mecanumbot_control
[0.221s] DEBUG:colcon.colcon_core.event_handler.log_command:Invoked command in '/home/szeyuan/Desktop/ros/ros_ws/build/mecanumbot_controller' returned '1': /usr/bin/cmake /home/szeyuan/Desktop/ros/ros_ws/src/ros2-mecanum-bot/mecanumbot_controller -DCMAKE_INSTALL_PREFIX=/home/szeyuan/Desktop/ros/ros_ws/install/mecanumbot_controller
[0.222s] DEBUG:colcon.colcon_core.event_handler.log_command:Invoked command in '/home/szeyuan/Desktop/ros/ros_ws/build/mecanumbot_hardware' returned '1': /usr/bin/cmake /home/szeyuan/Desktop/ros/ros_ws/src/ros2-mecanum-bot/mecanumbot_hardware -DCMAKE_INSTALL_PREFIX=/home/szeyuan/Desktop/ros/ros_ws/install/mecanumbot_hardware
[0.222s] DEBUG:colcon.colcon_core.event_handler.log_command:Invoked command in '/home/szeyuan/Desktop/ros/ros_ws/build/mecanumbot_teleop' returned '1': /usr/bin/cmake /home/szeyuan/Desktop/ros/ros_ws/src/ros2-mecanum-bot/mecanumbot_teleop -DCMAKE_INSTALL_PREFIX=/home/szeyuan/Desktop/ros/ros_ws/install/mecanumbot_teleop
[0.222s] Level 1:colcon.colcon_core.environment:checking '/home/szeyuan/Desktop/ros/ros_ws/install/mecanumbot_description' for CMake module files
[0.222s] Level 1:colcon.colcon_core.environment:checking '/home/szeyuan/Desktop/ros/ros_ws/install/mecanumbot_description' for CMake config files
[0.222s] Level 1:colcon.colcon_core.environment:checking '/home/szeyuan/Desktop/ros/ros_ws/install/mecanumbot_description/bin'
[0.223s] Level 1:colcon.colcon_core.environment:checking '/home/szeyuan/Desktop/ros/ros_ws/install/mecanumbot_description/lib/pkgconfig/mecanumbot_description.pc'
[0.224s] Level 1:colcon.colcon_core.environment:checking '/home/szeyuan/Desktop/ros/ros_ws/install/mecanumbot_description/lib/python3.10/site-packages'
[0.224s] Level 1:colcon.colcon_core.environment:checking '/home/szeyuan/Desktop/ros/ros_ws/install/mecanumbot_description/bin'
[0.224s] INFO:colcon.colcon_core.shell:Creating package script '/home/szeyuan/Desktop/ros/ros_ws/install/mecanumbot_description/share/mecanumbot_description/package.ps1'
[0.224s] INFO:colcon.colcon_core.shell:Creating package descriptor '/home/szeyuan/Desktop/ros/ros_ws/install/mecanumbot_description/share/mecanumbot_description/package.dsv'
[0.225s] INFO:colcon.colcon_core.shell:Creating package script '/home/szeyuan/Desktop/ros/ros_ws/install/mecanumbot_description/share/mecanumbot_description/package.sh'
[0.225s] INFO:colcon.colcon_core.shell:Creating package script '/home/szeyuan/Desktop/ros/ros_ws/install/mecanumbot_description/share/mecanumbot_description/package.bash'
[0.226s] INFO:colcon.colcon_core.shell:Creating package script '/home/szeyuan/Desktop/ros/ros_ws/install/mecanumbot_description/share/mecanumbot_description/package.zsh'
[0.226s] Level 1:colcon.colcon_core.environment:create_file_with_runtime_dependencies(/home/szeyuan/Desktop/ros/ros_ws/install/mecanumbot_description/share/colcon-core/packages/mecanumbot_description)
[0.272s] DEBUG:colcon.colcon_parallel_executor.executor.parallel:closing loop
[0.272s] DEBUG:colcon.colcon_parallel_executor.executor.parallel:loop closed
[0.272s] DEBUG:colcon.colcon_parallel_executor.executor.parallel:run_until_complete finished with '1'
[0.272s] DEBUG:colcon.colcon_core.event_reactor:joining thread
[0.277s] INFO:colcon.colcon_core.plugin_system:Skipping extension 'colcon_notification.desktop_notification.terminal_notifier': Not used on non-Darwin systems
[0.277s] INFO:colcon.colcon_core.plugin_system:Skipping extension 'colcon_notification.desktop_notification.win32': Not used on non-Windows systems
[0.277s] INFO:colcon.colcon_notification.desktop_notification:Sending desktop notification using 'notify2'
[0.286s] DEBUG:colcon.colcon_core.event_reactor:joined thread
[0.286s] INFO:colcon.colcon_core.shell:Creating prefix script '/home/szeyuan/Desktop/ros/ros_ws/install/local_setup.ps1'
[0.287s] INFO:colcon.colcon_core.shell:Creating prefix util module '/home/szeyuan/Desktop/ros/ros_ws/install/_local_setup_util_ps1.py'
[0.288s] INFO:colcon.colcon_core.shell:Creating prefix chain script '/home/szeyuan/Desktop/ros/ros_ws/install/setup.ps1'
[0.289s] INFO:colcon.colcon_core.shell:Creating prefix script '/home/szeyuan/Desktop/ros/ros_ws/install/local_setup.sh'
[0.289s] INFO:colcon.colcon_core.shell:Creating prefix util module '/home/szeyuan/Desktop/ros/ros_ws/install/_local_setup_util_sh.py'
[0.289s] INFO:colcon.colcon_core.shell:Creating prefix chain script '/home/szeyuan/Desktop/ros/ros_ws/install/setup.sh'
[0.290s] INFO:colcon.colcon_core.shell:Creating prefix script '/home/szeyuan/Desktop/ros/ros_ws/install/local_setup.bash'
[0.291s] INFO:colcon.colcon_core.shell:Creating prefix chain script '/home/szeyuan/Desktop/ros/ros_ws/install/setup.bash'
[0.291s] INFO:colcon.colcon_core.shell:Creating prefix script '/home/szeyuan/Desktop/ros/ros_ws/install/local_setup.zsh'
[0.292s] INFO:colcon.colcon_core.shell:Creating prefix chain script '/home/szeyuan/Desktop/ros/ros_ws/install/setup.zsh'
