[0.082s] DEBUG:colcon:Command line arguments: ['/home/szeyuan/.local/bin/colcon', 'build', '--symlink-install']
[0.082s] DEBUG:colcon:Parsed command line arguments: Namespace(log_base=None, log_level=None, verb_name='build', build_base='build', install_base='install', merge_install=False, symlink_install=True, test_result_base=None, continue_on_error=False, executor='parallel', parallel_workers=16, event_handlers=None, ignore_user_meta=False, metas=['./colcon.meta'], base_paths=['.'], packages_ignore=None, packages_ignore_regex=None, paths=None, packages_up_to=None, packages_up_to_regex=None, packages_above=None, packages_above_and_dependencies=None, packages_above_depth=None, packages_select_by_dep=None, packages_skip_by_dep=None, packages_skip_up_to=None, packages_select_build_failed=False, packages_skip_build_finished=False, packages_select_test_failures=False, packages_skip_test_passed=False, packages_select=None, packages_skip=None, packages_select_regex=None, packages_skip_regex=None, packages_start=None, packages_end=None, allow_overriding=[], cmake_args=None, cmake_target=None, cmake_target_skip_unavailable=False, cmake_clean_cache=False, cmake_clean_first=False, cmake_force_configure=False, ament_cmake_args=None, catkin_cmake_args=None, catkin_skip_building_tests=False, verb_parser=<colcon_defaults.argument_parser.defaults.DefaultArgumentsDecorator object at 0x71355eae2530>, verb_extension=<colcon_core.verb.build.BuildVerb object at 0x71355ea5fb50>, main=<bound method BuildVerb.main of <colcon_core.verb.build.BuildVerb object at 0x71355ea5fb50>>)
[0.177s] Level 1:colcon.colcon_core.package_discovery:discover_packages(colcon_meta) check parameters
[0.178s] Level 1:colcon.colcon_core.package_discovery:discover_packages(recursive) check parameters
[0.178s] Level 1:colcon.colcon_core.package_discovery:discover_packages(ignore) check parameters
[0.178s] Level 1:colcon.colcon_core.package_discovery:discover_packages(path) check parameters
[0.178s] Level 1:colcon.colcon_core.package_discovery:discover_packages(colcon_meta) discover
[0.178s] Level 1:colcon.colcon_core.package_discovery:discover_packages(recursive) discover
[0.178s] INFO:colcon.colcon_core.package_discovery:Crawling recursively for packages in '/home/szeyuan/Desktop/ros/ros_ws'
[0.178s] Level 1:colcon.colcon_core.package_identification:_identify(.) by extensions ['ignore', 'ignore_ament_install']
[0.178s] Level 1:colcon.colcon_core.package_identification:_identify(.) by extension 'ignore'
[0.178s] Level 1:colcon.colcon_core.package_identification:_identify(.) by extension 'ignore_ament_install'
[0.178s] Level 1:colcon.colcon_core.package_identification:_identify(.) by extensions ['colcon_pkg']
[0.178s] Level 1:colcon.colcon_core.package_identification:_identify(.) by extension 'colcon_pkg'
[0.178s] Level 1:colcon.colcon_core.package_identification:_identify(.) by extensions ['colcon_meta']
[0.178s] Level 1:colcon.colcon_core.package_identification:_identify(.) by extension 'colcon_meta'
[0.178s] Level 1:colcon.colcon_core.package_identification:_identify(.) by extensions ['ros']
[0.178s] Level 1:colcon.colcon_core.package_identification:_identify(.) by extension 'ros'
[0.185s] Level 1:colcon.colcon_core.package_identification:_identify(.) by extensions ['cmake', 'python']
[0.185s] Level 1:colcon.colcon_core.package_identification:_identify(.) by extension 'cmake'
[0.185s] Level 1:colcon.colcon_core.package_identification:_identify(.) by extension 'python'
[0.185s] Level 1:colcon.colcon_core.package_identification:_identify(.) by extensions ['python_setup_py']
[0.185s] Level 1:colcon.colcon_core.package_identification:_identify(.) by extension 'python_setup_py'
[0.185s] Level 1:colcon.colcon_core.package_identification:_identify(build) by extensions ['ignore', 'ignore_ament_install']
[0.185s] Level 1:colcon.colcon_core.package_identification:_identify(build) by extension 'ignore'
[0.185s] Level 1:colcon.colcon_core.package_identification:_identify(build) ignored
[0.185s] Level 1:colcon.colcon_core.package_identification:_identify(install) by extensions ['ignore', 'ignore_ament_install']
[0.185s] Level 1:colcon.colcon_core.package_identification:_identify(install) by extension 'ignore'
[0.185s] Level 1:colcon.colcon_core.package_identification:_identify(install) ignored
[0.185s] Level 1:colcon.colcon_core.package_identification:_identify(log) by extensions ['ignore', 'ignore_ament_install']
[0.185s] Level 1:colcon.colcon_core.package_identification:_identify(log) by extension 'ignore'
[0.185s] Level 1:colcon.colcon_core.package_identification:_identify(log) ignored
[0.186s] Level 1:colcon.colcon_core.package_identification:_identify(src) by extensions ['ignore', 'ignore_ament_install']
[0.186s] Level 1:colcon.colcon_core.package_identification:_identify(src) by extension 'ignore'
[0.186s] Level 1:colcon.colcon_core.package_identification:_identify(src) by extension 'ignore_ament_install'
[0.186s] Level 1:colcon.colcon_core.package_identification:_identify(src) by extensions ['colcon_pkg']
[0.186s] Level 1:colcon.colcon_core.package_identification:_identify(src) by extension 'colcon_pkg'
[0.186s] Level 1:colcon.colcon_core.package_identification:_identify(src) by extensions ['colcon_meta']
[0.186s] Level 1:colcon.colcon_core.package_identification:_identify(src) by extension 'colcon_meta'
[0.186s] Level 1:colcon.colcon_core.package_identification:_identify(src) by extensions ['ros']
[0.186s] Level 1:colcon.colcon_core.package_identification:_identify(src) by extension 'ros'
[0.186s] Level 1:colcon.colcon_core.package_identification:_identify(src) by extensions ['cmake', 'python']
[0.186s] Level 1:colcon.colcon_core.package_identification:_identify(src) by extension 'cmake'
[0.186s] Level 1:colcon.colcon_core.package_identification:_identify(src) by extension 'python'
[0.186s] Level 1:colcon.colcon_core.package_identification:_identify(src) by extensions ['python_setup_py']
[0.186s] Level 1:colcon.colcon_core.package_identification:_identify(src) by extension 'python_setup_py'
[0.186s] Level 1:colcon.colcon_core.package_identification:_identify(src/example_1) by extensions ['ignore', 'ignore_ament_install']
[0.186s] Level 1:colcon.colcon_core.package_identification:_identify(src/example_1) by extension 'ignore'
[0.186s] Level 1:colcon.colcon_core.package_identification:_identify(src/example_1) by extension 'ignore_ament_install'
[0.186s] Level 1:colcon.colcon_core.package_identification:_identify(src/example_1) by extensions ['colcon_pkg']
[0.186s] Level 1:colcon.colcon_core.package_identification:_identify(src/example_1) by extension 'colcon_pkg'
[0.186s] Level 1:colcon.colcon_core.package_identification:_identify(src/example_1) by extensions ['colcon_meta']
[0.186s] Level 1:colcon.colcon_core.package_identification:_identify(src/example_1) by extension 'colcon_meta'
[0.186s] Level 1:colcon.colcon_core.package_identification:_identify(src/example_1) by extensions ['ros']
[0.186s] Level 1:colcon.colcon_core.package_identification:_identify(src/example_1) by extension 'ros'
[0.188s] DEBUG:colcon.colcon_core.package_identification:Package 'src/example_1' with type 'ros.ament_cmake' and name 'ros2_control_demo_example_1'
[0.188s] Level 1:colcon.colcon_core.package_identification:_identify(src/ros2_control_demo_description) by extensions ['ignore', 'ignore_ament_install']
[0.188s] Level 1:colcon.colcon_core.package_identification:_identify(src/ros2_control_demo_description) by extension 'ignore'
[0.188s] Level 1:colcon.colcon_core.package_identification:_identify(src/ros2_control_demo_description) by extension 'ignore_ament_install'
[0.188s] Level 1:colcon.colcon_core.package_identification:_identify(src/ros2_control_demo_description) by extensions ['colcon_pkg']
[0.188s] Level 1:colcon.colcon_core.package_identification:_identify(src/ros2_control_demo_description) by extension 'colcon_pkg'
[0.188s] Level 1:colcon.colcon_core.package_identification:_identify(src/ros2_control_demo_description) by extensions ['colcon_meta']
[0.188s] Level 1:colcon.colcon_core.package_identification:_identify(src/ros2_control_demo_description) by extension 'colcon_meta'
[0.188s] Level 1:colcon.colcon_core.package_identification:_identify(src/ros2_control_demo_description) by extensions ['ros']
[0.188s] Level 1:colcon.colcon_core.package_identification:_identify(src/ros2_control_demo_description) by extension 'ros'
[0.188s] DEBUG:colcon.colcon_core.package_identification:Package 'src/ros2_control_demo_description' with type 'ros.ament_cmake' and name 'ros2_control_demo_description'
[0.189s] Level 1:colcon.colcon_core.package_discovery:discover_packages(recursive) using defaults
[0.189s] Level 1:colcon.colcon_core.package_discovery:discover_packages(ignore) discover
[0.189s] Level 1:colcon.colcon_core.package_discovery:discover_packages(ignore) using defaults
[0.189s] Level 1:colcon.colcon_core.package_discovery:discover_packages(path) discover
[0.189s] Level 1:colcon.colcon_core.package_discovery:discover_packages(path) using defaults
[0.200s] Level 1:colcon.colcon_core.package_discovery:discover_packages(prefix_path) check parameters
[0.200s] Level 1:colcon.colcon_core.package_discovery:discover_packages(prefix_path) discover
[0.202s] DEBUG:colcon.colcon_installed_package_information.package_discovery:Found 315 installed packages in /opt/ros/humble
[0.203s] Level 1:colcon.colcon_core.package_discovery:discover_packages(prefix_path) using defaults
[0.232s] Level 5:colcon.colcon_core.verb:set package 'ros2_control_demo_description' build argument 'cmake_args' from command line to 'None'
[0.232s] Level 5:colcon.colcon_core.verb:set package 'ros2_control_demo_description' build argument 'cmake_target' from command line to 'None'
[0.232s] Level 5:colcon.colcon_core.verb:set package 'ros2_control_demo_description' build argument 'cmake_target_skip_unavailable' from command line to 'False'
[0.232s] Level 5:colcon.colcon_core.verb:set package 'ros2_control_demo_description' build argument 'cmake_clean_cache' from command line to 'False'
[0.232s] Level 5:colcon.colcon_core.verb:set package 'ros2_control_demo_description' build argument 'cmake_clean_first' from command line to 'False'
[0.232s] Level 5:colcon.colcon_core.verb:set package 'ros2_control_demo_description' build argument 'cmake_force_configure' from command line to 'False'
[0.232s] Level 5:colcon.colcon_core.verb:set package 'ros2_control_demo_description' build argument 'ament_cmake_args' from command line to 'None'
[0.232s] Level 5:colcon.colcon_core.verb:set package 'ros2_control_demo_description' build argument 'catkin_cmake_args' from command line to 'None'
[0.232s] Level 5:colcon.colcon_core.verb:set package 'ros2_control_demo_description' build argument 'catkin_skip_building_tests' from command line to 'False'
[0.232s] DEBUG:colcon.colcon_core.verb:Building package 'ros2_control_demo_description' with the following arguments: {'ament_cmake_args': None, 'build_base': '/home/szeyuan/Desktop/ros/ros_ws/build/ros2_control_demo_description', 'catkin_cmake_args': None, 'catkin_skip_building_tests': False, 'cmake_args': None, 'cmake_clean_cache': False, 'cmake_clean_first': False, 'cmake_force_configure': False, 'cmake_target': None, 'cmake_target_skip_unavailable': False, 'install_base': '/home/szeyuan/Desktop/ros/ros_ws/install/ros2_control_demo_description', 'merge_install': False, 'path': '/home/szeyuan/Desktop/ros/ros_ws/src/ros2_control_demo_description', 'symlink_install': True, 'test_result_base': None}
[0.232s] Level 5:colcon.colcon_core.verb:set package 'ros2_control_demo_example_1' build argument 'cmake_args' from command line to 'None'
[0.232s] Level 5:colcon.colcon_core.verb:set package 'ros2_control_demo_example_1' build argument 'cmake_target' from command line to 'None'
[0.232s] Level 5:colcon.colcon_core.verb:set package 'ros2_control_demo_example_1' build argument 'cmake_target_skip_unavailable' from command line to 'False'
[0.232s] Level 5:colcon.colcon_core.verb:set package 'ros2_control_demo_example_1' build argument 'cmake_clean_cache' from command line to 'False'
[0.232s] Level 5:colcon.colcon_core.verb:set package 'ros2_control_demo_example_1' build argument 'cmake_clean_first' from command line to 'False'
[0.232s] Level 5:colcon.colcon_core.verb:set package 'ros2_control_demo_example_1' build argument 'cmake_force_configure' from command line to 'False'
[0.232s] Level 5:colcon.colcon_core.verb:set package 'ros2_control_demo_example_1' build argument 'ament_cmake_args' from command line to 'None'
[0.232s] Level 5:colcon.colcon_core.verb:set package 'ros2_control_demo_example_1' build argument 'catkin_cmake_args' from command line to 'None'
[0.232s] Level 5:colcon.colcon_core.verb:set package 'ros2_control_demo_example_1' build argument 'catkin_skip_building_tests' from command line to 'False'
[0.232s] DEBUG:colcon.colcon_core.verb:Building package 'ros2_control_demo_example_1' with the following arguments: {'ament_cmake_args': None, 'build_base': '/home/szeyuan/Desktop/ros/ros_ws/build/ros2_control_demo_example_1', 'catkin_cmake_args': None, 'catkin_skip_building_tests': False, 'cmake_args': None, 'cmake_clean_cache': False, 'cmake_clean_first': False, 'cmake_force_configure': False, 'cmake_target': None, 'cmake_target_skip_unavailable': False, 'install_base': '/home/szeyuan/Desktop/ros/ros_ws/install/ros2_control_demo_example_1', 'merge_install': False, 'path': '/home/szeyuan/Desktop/ros/ros_ws/src/example_1', 'symlink_install': True, 'test_result_base': None}
[0.232s] INFO:colcon.colcon_core.executor:Executing jobs using 'parallel' executor
[0.233s] DEBUG:colcon.colcon_parallel_executor.executor.parallel:run_until_complete
[0.233s] INFO:colcon.colcon_ros.task.ament_cmake.build:Building ROS package in '/home/szeyuan/Desktop/ros/ros_ws/src/ros2_control_demo_description' with build type 'ament_cmake'
[0.233s] INFO:colcon.colcon_cmake.task.cmake.build:Building CMake package in '/home/szeyuan/Desktop/ros/ros_ws/src/ros2_control_demo_description'
[0.234s] INFO:colcon.colcon_core.plugin_system:Skipping extension 'colcon_core.shell.bat': Not used on non-Windows systems
[0.234s] INFO:colcon.colcon_core.shell:Skip shell extension 'powershell' for command environment: Not usable outside of PowerShell
[0.234s] DEBUG:colcon.colcon_core.shell:Skip shell extension 'dsv' for command environment
[0.239s] DEBUG:colcon.colcon_core.event_handler.log_command:Invoking command in '/home/szeyuan/Desktop/ros/ros_ws/build/ros2_control_demo_description': CMAKE_PREFIX_PATH=/opt/ros/humble /usr/bin/cmake /home/szeyuan/Desktop/ros/ros_ws/src/ros2_control_demo_description -DAMENT_CMAKE_SYMLINK_INSTALL=1 -DCMAKE_INSTALL_PREFIX=/home/szeyuan/Desktop/ros/ros_ws/install/ros2_control_demo_description
[0.445s] DEBUG:colcon.colcon_core.event_handler.log_command:Invoked command in '/home/szeyuan/Desktop/ros/ros_ws/build/ros2_control_demo_description' returned '0': CMAKE_PREFIX_PATH=/opt/ros/humble /usr/bin/cmake /home/szeyuan/Desktop/ros/ros_ws/src/ros2_control_demo_description -DAMENT_CMAKE_SYMLINK_INSTALL=1 -DCMAKE_INSTALL_PREFIX=/home/szeyuan/Desktop/ros/ros_ws/install/ros2_control_demo_description
[0.445s] DEBUG:colcon.colcon_core.event_handler.log_command:Invoking command in '/home/szeyuan/Desktop/ros/ros_ws/build/ros2_control_demo_description': CMAKE_PREFIX_PATH=/opt/ros/humble /usr/bin/cmake --build /home/szeyuan/Desktop/ros/ros_ws/build/ros2_control_demo_description -- -j16 -l16
[0.468s] DEBUG:colcon.colcon_core.event_handler.log_command:Invoked command in '/home/szeyuan/Desktop/ros/ros_ws/build/ros2_control_demo_description' returned '0': CMAKE_PREFIX_PATH=/opt/ros/humble /usr/bin/cmake --build /home/szeyuan/Desktop/ros/ros_ws/build/ros2_control_demo_description -- -j16 -l16
[0.485s] DEBUG:colcon.colcon_core.event_handler.log_command:Invoking command in '/home/szeyuan/Desktop/ros/ros_ws/build/ros2_control_demo_description': CMAKE_PREFIX_PATH=/opt/ros/humble /usr/bin/cmake --install /home/szeyuan/Desktop/ros/ros_ws/build/ros2_control_demo_description
[0.697s] Level 1:colcon.colcon_core.environment:create_environment_scripts_only(ros2_control_demo_description)
[0.698s] DEBUG:colcon.colcon_core.event_handler.log_command:Invoked command in '/home/szeyuan/Desktop/ros/ros_ws/build/ros2_control_demo_description' returned '0': CMAKE_PREFIX_PATH=/opt/ros/humble /usr/bin/cmake --install /home/szeyuan/Desktop/ros/ros_ws/build/ros2_control_demo_description
[0.699s] Level 1:colcon.colcon_core.environment:checking '/home/szeyuan/Desktop/ros/ros_ws/install/ros2_control_demo_description' for CMake module files
[0.699s] Level 1:colcon.colcon_core.environment:checking '/home/szeyuan/Desktop/ros/ros_ws/install/ros2_control_demo_description' for CMake config files
[0.700s] Level 1:colcon.colcon_core.shell:create_environment_hook('ros2_control_demo_description', 'cmake_prefix_path')
[0.700s] INFO:colcon.colcon_core.shell:Creating environment hook '/home/szeyuan/Desktop/ros/ros_ws/install/ros2_control_demo_description/share/ros2_control_demo_description/hook/cmake_prefix_path.ps1'
[0.701s] INFO:colcon.colcon_core.shell:Creating environment descriptor '/home/szeyuan/Desktop/ros/ros_ws/install/ros2_control_demo_description/share/ros2_control_demo_description/hook/cmake_prefix_path.dsv'
[0.701s] INFO:colcon.colcon_core.shell:Creating environment hook '/home/szeyuan/Desktop/ros/ros_ws/install/ros2_control_demo_description/share/ros2_control_demo_description/hook/cmake_prefix_path.sh'
[0.702s] Level 1:colcon.colcon_core.environment:checking '/home/szeyuan/Desktop/ros/ros_ws/install/ros2_control_demo_description/bin'
[0.702s] Level 1:colcon.colcon_core.environment:checking '/home/szeyuan/Desktop/ros/ros_ws/install/ros2_control_demo_description/lib/pkgconfig/ros2_control_demo_description.pc'
[0.702s] Level 1:colcon.colcon_core.environment:checking '/home/szeyuan/Desktop/ros/ros_ws/install/ros2_control_demo_description/lib/python3.10/site-packages'
[0.702s] Level 1:colcon.colcon_core.environment:checking '/home/szeyuan/Desktop/ros/ros_ws/install/ros2_control_demo_description/bin'
[0.702s] INFO:colcon.colcon_core.shell:Creating package script '/home/szeyuan/Desktop/ros/ros_ws/install/ros2_control_demo_description/share/ros2_control_demo_description/package.ps1'
[0.702s] INFO:colcon.colcon_core.shell:Creating package descriptor '/home/szeyuan/Desktop/ros/ros_ws/install/ros2_control_demo_description/share/ros2_control_demo_description/package.dsv'
[0.703s] INFO:colcon.colcon_core.shell:Creating package script '/home/szeyuan/Desktop/ros/ros_ws/install/ros2_control_demo_description/share/ros2_control_demo_description/package.sh'
[0.703s] INFO:colcon.colcon_core.shell:Creating package script '/home/szeyuan/Desktop/ros/ros_ws/install/ros2_control_demo_description/share/ros2_control_demo_description/package.bash'
[0.704s] INFO:colcon.colcon_core.shell:Creating package script '/home/szeyuan/Desktop/ros/ros_ws/install/ros2_control_demo_description/share/ros2_control_demo_description/package.zsh'
[0.704s] Level 1:colcon.colcon_core.environment:create_file_with_runtime_dependencies(/home/szeyuan/Desktop/ros/ros_ws/install/ros2_control_demo_description/share/colcon-core/packages/ros2_control_demo_description)
[0.716s] Level 1:colcon.colcon_core.environment:create_environment_scripts_only(ros2_control_demo_description)
[0.716s] Level 1:colcon.colcon_core.environment:checking '/home/szeyuan/Desktop/ros/ros_ws/install/ros2_control_demo_description' for CMake module files
[0.717s] Level 1:colcon.colcon_core.environment:checking '/home/szeyuan/Desktop/ros/ros_ws/install/ros2_control_demo_description' for CMake config files
[0.717s] Level 1:colcon.colcon_core.shell:create_environment_hook('ros2_control_demo_description', 'cmake_prefix_path')
[0.717s] INFO:colcon.colcon_core.shell:Creating environment hook '/home/szeyuan/Desktop/ros/ros_ws/install/ros2_control_demo_description/share/ros2_control_demo_description/hook/cmake_prefix_path.ps1'
[0.717s] INFO:colcon.colcon_core.shell:Creating environment descriptor '/home/szeyuan/Desktop/ros/ros_ws/install/ros2_control_demo_description/share/ros2_control_demo_description/hook/cmake_prefix_path.dsv'
[0.717s] INFO:colcon.colcon_core.shell:Creating environment hook '/home/szeyuan/Desktop/ros/ros_ws/install/ros2_control_demo_description/share/ros2_control_demo_description/hook/cmake_prefix_path.sh'
[0.717s] Level 1:colcon.colcon_core.environment:checking '/home/szeyuan/Desktop/ros/ros_ws/install/ros2_control_demo_description/bin'
[0.717s] Level 1:colcon.colcon_core.environment:checking '/home/szeyuan/Desktop/ros/ros_ws/install/ros2_control_demo_description/lib/pkgconfig/ros2_control_demo_description.pc'
[0.718s] Level 1:colcon.colcon_core.environment:checking '/home/szeyuan/Desktop/ros/ros_ws/install/ros2_control_demo_description/lib/python3.10/site-packages'
[0.718s] Level 1:colcon.colcon_core.environment:checking '/home/szeyuan/Desktop/ros/ros_ws/install/ros2_control_demo_description/bin'
[0.718s] INFO:colcon.colcon_core.shell:Creating package script '/home/szeyuan/Desktop/ros/ros_ws/install/ros2_control_demo_description/share/ros2_control_demo_description/package.ps1'
[0.718s] INFO:colcon.colcon_core.shell:Creating package descriptor '/home/szeyuan/Desktop/ros/ros_ws/install/ros2_control_demo_description/share/ros2_control_demo_description/package.dsv'
[0.718s] INFO:colcon.colcon_core.shell:Creating package script '/home/szeyuan/Desktop/ros/ros_ws/install/ros2_control_demo_description/share/ros2_control_demo_description/package.sh'
[0.719s] INFO:colcon.colcon_core.shell:Creating package script '/home/szeyuan/Desktop/ros/ros_ws/install/ros2_control_demo_description/share/ros2_control_demo_description/package.bash'
[0.719s] INFO:colcon.colcon_core.shell:Creating package script '/home/szeyuan/Desktop/ros/ros_ws/install/ros2_control_demo_description/share/ros2_control_demo_description/package.zsh'
[0.719s] Level 1:colcon.colcon_core.environment:create_file_with_runtime_dependencies(/home/szeyuan/Desktop/ros/ros_ws/install/ros2_control_demo_description/share/colcon-core/packages/ros2_control_demo_description)
[0.719s] INFO:colcon.colcon_ros.task.ament_cmake.build:Building ROS package in '/home/szeyuan/Desktop/ros/ros_ws/src/example_1' with build type 'ament_cmake'
[0.719s] INFO:colcon.colcon_cmake.task.cmake.build:Building CMake package in '/home/szeyuan/Desktop/ros/ros_ws/src/example_1'
[0.719s] INFO:colcon.colcon_core.shell:Skip shell extension 'powershell' for command environment: Not usable outside of PowerShell
[0.720s] DEBUG:colcon.colcon_core.shell:Skip shell extension 'dsv' for command environment
[0.724s] DEBUG:colcon.colcon_core.event_handler.log_command:Invoking command in '/home/szeyuan/Desktop/ros/ros_ws/build/ros2_control_demo_example_1': AMENT_PREFIX_PATH=/home/szeyuan/Desktop/ros/ros_ws/install/ros2_control_demo_description:${AMENT_PREFIX_PATH} CMAKE_PREFIX_PATH=/home/szeyuan/Desktop/ros/ros_ws/install/ros2_control_demo_description:/opt/ros/humble /usr/bin/cmake /home/szeyuan/Desktop/ros/ros_ws/src/example_1 -DAMENT_CMAKE_SYMLINK_INSTALL=1 -DCMAKE_INSTALL_PREFIX=/home/szeyuan/Desktop/ros/ros_ws/install/ros2_control_demo_example_1
[2.308s] DEBUG:colcon.colcon_core.event_handler.log_command:Invoked command in '/home/szeyuan/Desktop/ros/ros_ws/build/ros2_control_demo_example_1' returned '0': AMENT_PREFIX_PATH=/home/szeyuan/Desktop/ros/ros_ws/install/ros2_control_demo_description:${AMENT_PREFIX_PATH} CMAKE_PREFIX_PATH=/home/szeyuan/Desktop/ros/ros_ws/install/ros2_control_demo_description:/opt/ros/humble /usr/bin/cmake /home/szeyuan/Desktop/ros/ros_ws/src/example_1 -DAMENT_CMAKE_SYMLINK_INSTALL=1 -DCMAKE_INSTALL_PREFIX=/home/szeyuan/Desktop/ros/ros_ws/install/ros2_control_demo_example_1
[2.309s] DEBUG:colcon.colcon_core.event_handler.log_command:Invoking command in '/home/szeyuan/Desktop/ros/ros_ws/build/ros2_control_demo_example_1': AMENT_PREFIX_PATH=/home/szeyuan/Desktop/ros/ros_ws/install/ros2_control_demo_description:${AMENT_PREFIX_PATH} CMAKE_PREFIX_PATH=/home/szeyuan/Desktop/ros/ros_ws/install/ros2_control_demo_description:/opt/ros/humble /usr/bin/cmake --build /home/szeyuan/Desktop/ros/ros_ws/build/ros2_control_demo_example_1 -- -j16 -l16
[4.569s] DEBUG:colcon.colcon_core.event_handler.log_command:Invoked command in '/home/szeyuan/Desktop/ros/ros_ws/build/ros2_control_demo_example_1' returned '0': AMENT_PREFIX_PATH=/home/szeyuan/Desktop/ros/ros_ws/install/ros2_control_demo_description:${AMENT_PREFIX_PATH} CMAKE_PREFIX_PATH=/home/szeyuan/Desktop/ros/ros_ws/install/ros2_control_demo_description:/opt/ros/humble /usr/bin/cmake --build /home/szeyuan/Desktop/ros/ros_ws/build/ros2_control_demo_example_1 -- -j16 -l16
[4.583s] DEBUG:colcon.colcon_core.event_handler.log_command:Invoking command in '/home/szeyuan/Desktop/ros/ros_ws/build/ros2_control_demo_example_1': AMENT_PREFIX_PATH=/home/szeyuan/Desktop/ros/ros_ws/install/ros2_control_demo_description:${AMENT_PREFIX_PATH} CMAKE_PREFIX_PATH=/home/szeyuan/Desktop/ros/ros_ws/install/ros2_control_demo_description:/opt/ros/humble /usr/bin/cmake --install /home/szeyuan/Desktop/ros/ros_ws/build/ros2_control_demo_example_1
[4.734s] Level 1:colcon.colcon_core.environment:create_environment_scripts_only(ros2_control_demo_example_1)
[4.734s] Level 1:colcon.colcon_core.environment:checking '/home/szeyuan/Desktop/ros/ros_ws/install/ros2_control_demo_example_1' for CMake module files
[4.734s] DEBUG:colcon.colcon_core.event_handler.log_command:Invoked command in '/home/szeyuan/Desktop/ros/ros_ws/build/ros2_control_demo_example_1' returned '0': AMENT_PREFIX_PATH=/home/szeyuan/Desktop/ros/ros_ws/install/ros2_control_demo_description:${AMENT_PREFIX_PATH} CMAKE_PREFIX_PATH=/home/szeyuan/Desktop/ros/ros_ws/install/ros2_control_demo_description:/opt/ros/humble /usr/bin/cmake --install /home/szeyuan/Desktop/ros/ros_ws/build/ros2_control_demo_example_1
[4.735s] Level 1:colcon.colcon_core.environment:checking '/home/szeyuan/Desktop/ros/ros_ws/install/ros2_control_demo_example_1' for CMake config files
[4.735s] Level 1:colcon.colcon_core.shell:create_environment_hook('ros2_control_demo_example_1', 'cmake_prefix_path')
[4.735s] INFO:colcon.colcon_core.shell:Creating environment hook '/home/szeyuan/Desktop/ros/ros_ws/install/ros2_control_demo_example_1/share/ros2_control_demo_example_1/hook/cmake_prefix_path.ps1'
[4.735s] INFO:colcon.colcon_core.shell:Creating environment descriptor '/home/szeyuan/Desktop/ros/ros_ws/install/ros2_control_demo_example_1/share/ros2_control_demo_example_1/hook/cmake_prefix_path.dsv'
[4.735s] INFO:colcon.colcon_core.shell:Creating environment hook '/home/szeyuan/Desktop/ros/ros_ws/install/ros2_control_demo_example_1/share/ros2_control_demo_example_1/hook/cmake_prefix_path.sh'
[4.736s] Level 1:colcon.colcon_core.environment:checking '/home/szeyuan/Desktop/ros/ros_ws/install/ros2_control_demo_example_1/lib'
[4.736s] Level 1:colcon.colcon_core.shell:create_environment_hook('ros2_control_demo_example_1', 'ld_library_path_lib')
[4.736s] INFO:colcon.colcon_core.shell:Creating environment hook '/home/szeyuan/Desktop/ros/ros_ws/install/ros2_control_demo_example_1/share/ros2_control_demo_example_1/hook/ld_library_path_lib.ps1'
[4.736s] INFO:colcon.colcon_core.shell:Creating environment descriptor '/home/szeyuan/Desktop/ros/ros_ws/install/ros2_control_demo_example_1/share/ros2_control_demo_example_1/hook/ld_library_path_lib.dsv'
[4.736s] INFO:colcon.colcon_core.shell:Creating environment hook '/home/szeyuan/Desktop/ros/ros_ws/install/ros2_control_demo_example_1/share/ros2_control_demo_example_1/hook/ld_library_path_lib.sh'
[4.736s] Level 1:colcon.colcon_core.environment:checking '/home/szeyuan/Desktop/ros/ros_ws/install/ros2_control_demo_example_1/bin'
[4.737s] Level 1:colcon.colcon_core.environment:checking '/home/szeyuan/Desktop/ros/ros_ws/install/ros2_control_demo_example_1/lib/pkgconfig/ros2_control_demo_example_1.pc'
[4.737s] Level 1:colcon.colcon_core.environment:checking '/home/szeyuan/Desktop/ros/ros_ws/install/ros2_control_demo_example_1/lib/python3.10/site-packages'
[4.737s] Level 1:colcon.colcon_core.environment:checking '/home/szeyuan/Desktop/ros/ros_ws/install/ros2_control_demo_example_1/bin'
[4.737s] INFO:colcon.colcon_core.shell:Creating package script '/home/szeyuan/Desktop/ros/ros_ws/install/ros2_control_demo_example_1/share/ros2_control_demo_example_1/package.ps1'
[4.737s] INFO:colcon.colcon_core.shell:Creating package descriptor '/home/szeyuan/Desktop/ros/ros_ws/install/ros2_control_demo_example_1/share/ros2_control_demo_example_1/package.dsv'
[4.737s] INFO:colcon.colcon_core.shell:Creating package script '/home/szeyuan/Desktop/ros/ros_ws/install/ros2_control_demo_example_1/share/ros2_control_demo_example_1/package.sh'
[4.738s] INFO:colcon.colcon_core.shell:Creating package script '/home/szeyuan/Desktop/ros/ros_ws/install/ros2_control_demo_example_1/share/ros2_control_demo_example_1/package.bash'
[4.738s] INFO:colcon.colcon_core.shell:Creating package script '/home/szeyuan/Desktop/ros/ros_ws/install/ros2_control_demo_example_1/share/ros2_control_demo_example_1/package.zsh'
[4.738s] Level 1:colcon.colcon_core.environment:create_file_with_runtime_dependencies(/home/szeyuan/Desktop/ros/ros_ws/install/ros2_control_demo_example_1/share/colcon-core/packages/ros2_control_demo_example_1)
[4.758s] Level 1:colcon.colcon_core.environment:create_environment_scripts_only(ros2_control_demo_example_1)
[4.758s] Level 1:colcon.colcon_core.environment:checking '/home/szeyuan/Desktop/ros/ros_ws/install/ros2_control_demo_example_1' for CMake module files
[4.759s] Level 1:colcon.colcon_core.environment:checking '/home/szeyuan/Desktop/ros/ros_ws/install/ros2_control_demo_example_1' for CMake config files
[4.759s] Level 1:colcon.colcon_core.shell:create_environment_hook('ros2_control_demo_example_1', 'cmake_prefix_path')
[4.759s] INFO:colcon.colcon_core.shell:Creating environment hook '/home/szeyuan/Desktop/ros/ros_ws/install/ros2_control_demo_example_1/share/ros2_control_demo_example_1/hook/cmake_prefix_path.ps1'
[4.759s] INFO:colcon.colcon_core.shell:Creating environment descriptor '/home/szeyuan/Desktop/ros/ros_ws/install/ros2_control_demo_example_1/share/ros2_control_demo_example_1/hook/cmake_prefix_path.dsv'
[4.759s] INFO:colcon.colcon_core.shell:Creating environment hook '/home/szeyuan/Desktop/ros/ros_ws/install/ros2_control_demo_example_1/share/ros2_control_demo_example_1/hook/cmake_prefix_path.sh'
[4.760s] Level 1:colcon.colcon_core.environment:checking '/home/szeyuan/Desktop/ros/ros_ws/install/ros2_control_demo_example_1/lib'
[4.760s] Level 1:colcon.colcon_core.shell:create_environment_hook('ros2_control_demo_example_1', 'ld_library_path_lib')
[4.760s] INFO:colcon.colcon_core.shell:Creating environment hook '/home/szeyuan/Desktop/ros/ros_ws/install/ros2_control_demo_example_1/share/ros2_control_demo_example_1/hook/ld_library_path_lib.ps1'
[4.761s] INFO:colcon.colcon_core.shell:Creating environment descriptor '/home/szeyuan/Desktop/ros/ros_ws/install/ros2_control_demo_example_1/share/ros2_control_demo_example_1/hook/ld_library_path_lib.dsv'
[4.761s] INFO:colcon.colcon_core.shell:Creating environment hook '/home/szeyuan/Desktop/ros/ros_ws/install/ros2_control_demo_example_1/share/ros2_control_demo_example_1/hook/ld_library_path_lib.sh'
[4.762s] Level 1:colcon.colcon_core.environment:checking '/home/szeyuan/Desktop/ros/ros_ws/install/ros2_control_demo_example_1/bin'
[4.762s] Level 1:colcon.colcon_core.environment:checking '/home/szeyuan/Desktop/ros/ros_ws/install/ros2_control_demo_example_1/lib/pkgconfig/ros2_control_demo_example_1.pc'
[4.762s] Level 1:colcon.colcon_core.environment:checking '/home/szeyuan/Desktop/ros/ros_ws/install/ros2_control_demo_example_1/lib/python3.10/site-packages'
[4.762s] Level 1:colcon.colcon_core.environment:checking '/home/szeyuan/Desktop/ros/ros_ws/install/ros2_control_demo_example_1/bin'
[4.763s] INFO:colcon.colcon_core.shell:Creating package script '/home/szeyuan/Desktop/ros/ros_ws/install/ros2_control_demo_example_1/share/ros2_control_demo_example_1/package.ps1'
[4.763s] INFO:colcon.colcon_core.shell:Creating package descriptor '/home/szeyuan/Desktop/ros/ros_ws/install/ros2_control_demo_example_1/share/ros2_control_demo_example_1/package.dsv'
[4.764s] INFO:colcon.colcon_core.shell:Creating package script '/home/szeyuan/Desktop/ros/ros_ws/install/ros2_control_demo_example_1/share/ros2_control_demo_example_1/package.sh'
[4.765s] INFO:colcon.colcon_core.shell:Creating package script '/home/szeyuan/Desktop/ros/ros_ws/install/ros2_control_demo_example_1/share/ros2_control_demo_example_1/package.bash'
[4.765s] INFO:colcon.colcon_core.shell:Creating package script '/home/szeyuan/Desktop/ros/ros_ws/install/ros2_control_demo_example_1/share/ros2_control_demo_example_1/package.zsh'
[4.765s] Level 1:colcon.colcon_core.environment:create_file_with_runtime_dependencies(/home/szeyuan/Desktop/ros/ros_ws/install/ros2_control_demo_example_1/share/colcon-core/packages/ros2_control_demo_example_1)
[4.765s] DEBUG:colcon.colcon_parallel_executor.executor.parallel:closing loop
[4.765s] DEBUG:colcon.colcon_parallel_executor.executor.parallel:loop closed
[4.765s] DEBUG:colcon.colcon_parallel_executor.executor.parallel:run_until_complete finished with '0'
[4.765s] DEBUG:colcon.colcon_core.event_reactor:joining thread
[4.769s] INFO:colcon.colcon_core.plugin_system:Skipping extension 'colcon_notification.desktop_notification.terminal_notifier': Not used on non-Darwin systems
[4.769s] INFO:colcon.colcon_core.plugin_system:Skipping extension 'colcon_notification.desktop_notification.win32': Not used on non-Windows systems
[4.769s] INFO:colcon.colcon_notification.desktop_notification:Sending desktop notification using 'notify2'
[4.777s] DEBUG:colcon.colcon_core.event_reactor:joined thread
[4.777s] INFO:colcon.colcon_core.shell:Creating prefix script '/home/szeyuan/Desktop/ros/ros_ws/install/local_setup.ps1'
[4.778s] INFO:colcon.colcon_core.shell:Creating prefix util module '/home/szeyuan/Desktop/ros/ros_ws/install/_local_setup_util_ps1.py'
[4.778s] INFO:colcon.colcon_core.shell:Creating prefix chain script '/home/szeyuan/Desktop/ros/ros_ws/install/setup.ps1'
[4.779s] INFO:colcon.colcon_core.shell:Creating prefix script '/home/szeyuan/Desktop/ros/ros_ws/install/local_setup.sh'
[4.779s] INFO:colcon.colcon_core.shell:Creating prefix util module '/home/szeyuan/Desktop/ros/ros_ws/install/_local_setup_util_sh.py'
[4.779s] INFO:colcon.colcon_core.shell:Creating prefix chain script '/home/szeyuan/Desktop/ros/ros_ws/install/setup.sh'
[4.780s] INFO:colcon.colcon_core.shell:Creating prefix script '/home/szeyuan/Desktop/ros/ros_ws/install/local_setup.bash'
[4.780s] INFO:colcon.colcon_core.shell:Creating prefix chain script '/home/szeyuan/Desktop/ros/ros_ws/install/setup.bash'
[4.781s] INFO:colcon.colcon_core.shell:Creating prefix script '/home/szeyuan/Desktop/ros/ros_ws/install/local_setup.zsh'
[4.781s] INFO:colcon.colcon_core.shell:Creating prefix chain script '/home/szeyuan/Desktop/ros/ros_ws/install/setup.zsh'
