[0.473s] Invoking command in '/home/szeyuan/Desktop/ros/ros_ws/src/mediapipe_ros2': PYTHONPATH=/home/szeyuan/Desktop/ros/ros_ws/build/mediapipe_ros2/prefix_override:/home/szeyuan/Desktop/ros/ros_ws/install/mediapipe_ros2/lib/python3.10/site-packages:${PYTHONPATH} /usr/bin/python3 -W ignore:setup.py install is deprecated setup.py egg_info --egg-base ../../build/mediapipe_ros2 build --build-base /home/szeyuan/Desktop/ros/ros_ws/build/mediapipe_ros2/build install --record /home/szeyuan/Desktop/ros/ros_ws/build/mediapipe_ros2/install.log --install-scripts $base/lib/mediapipe_ros2 --single-version-externally-managed install_data
[0.628s] /usr/lib/python3/dist-packages/setuptools/dist.py:723: UserWarning: Usage of dash-separated 'script-dir' will not be supported in future versions. Please use the underscore name 'script_dir' instead
[0.628s]   warnings.warn(
[0.633s] running egg_info
[0.634s] writing ../../build/mediapipe_ros2/mediapipe_ros2.egg-info/PKG-INFO
[0.635s] writing dependency_links to ../../build/mediapipe_ros2/mediapipe_ros2.egg-info/dependency_links.txt
[0.635s] writing entry points to ../../build/mediapipe_ros2/mediapipe_ros2.egg-info/entry_points.txt
[0.635s] writing requirements to ../../build/mediapipe_ros2/mediapipe_ros2.egg-info/requires.txt
[0.635s] writing top-level names to ../../build/mediapipe_ros2/mediapipe_ros2.egg-info/top_level.txt
[0.636s] reading manifest file '../../build/mediapipe_ros2/mediapipe_ros2.egg-info/SOURCES.txt'
[0.637s] writing manifest file '../../build/mediapipe_ros2/mediapipe_ros2.egg-info/SOURCES.txt'
[0.637s] running build
[0.637s] running build_py
[0.637s] running install
[0.637s] running install_lib
[0.638s] running install_data
[0.638s] running install_egg_info
[0.639s] removing '/home/szeyuan/Desktop/ros/ros_ws/install/mediapipe_ros2/lib/python3.10/site-packages/mediapipe_ros2-0.0.0-py3.10.egg-info' (and everything under it)
[0.639s] Copying ../../build/mediapipe_ros2/mediapipe_ros2.egg-info to /home/szeyuan/Desktop/ros/ros_ws/install/mediapipe_ros2/lib/python3.10/site-packages/mediapipe_ros2-0.0.0-py3.10.egg-info
[0.640s] running install_scripts
[0.652s] Installing gesture_to_cmdvel script to /home/szeyuan/Desktop/ros/ros_ws/install/mediapipe_ros2/lib/mediapipe_ros2
[0.652s] Installing hands script to /home/szeyuan/Desktop/ros/ros_ws/install/mediapipe_ros2/lib/mediapipe_ros2
[0.652s] writing list of installed files to '/home/szeyuan/Desktop/ros/ros_ws/build/mediapipe_ros2/install.log'
[0.666s] Invoked command in '/home/szeyuan/Desktop/ros/ros_ws/src/mediapipe_ros2' returned '0': PYTHONPATH=/home/szeyuan/Desktop/ros/ros_ws/build/mediapipe_ros2/prefix_override:/home/szeyuan/Desktop/ros/ros_ws/install/mediapipe_ros2/lib/python3.10/site-packages:${PYTHONPATH} /usr/bin/python3 -W ignore:setup.py install is deprecated setup.py egg_info --egg-base ../../build/mediapipe_ros2 build --build-base /home/szeyuan/Desktop/ros/ros_ws/build/mediapipe_ros2/build install --record /home/szeyuan/Desktop/ros/ros_ws/build/mediapipe_ros2/install.log --install-scripts $base/lib/mediapipe_ros2 --single-version-externally-managed install_data
