[0.006s] Invoking command in '/home/szeyuan/Desktop/ros/ros_ws/build/usb_cam': CMAKE_PREFIX_PATH=/opt/ros/humble /usr/bin/cmake /home/szeyuan/Desktop/ros/ros_ws/src/usb_cam -DAMENT_CMAKE_SYMLINK_INSTALL=1 -DCMAKE_INSTALL_PREFIX=/home/szeyuan/Desktop/ros/ros_ws/install/usb_cam
[0.037s] -- The C compiler identification is GNU 11.4.0
[0.074s] -- The CXX compiler identification is GNU 11.4.0
[0.080s] -- Detecting C compiler ABI info
[0.118s] -- Detecting C compiler ABI info - done
[0.123s] -- Check for working C compiler: /usr/bin/cc - skipped
[0.123s] -- Detecting C compile features
[0.123s] -- Detecting C compile features - done
[0.125s] -- Detecting CXX compiler ABI info
[0.175s] -- Detecting CXX compiler ABI info - done
[0.181s] -- Check for working CXX compiler: /usr/bin/c++ - skipped
[0.181s] -- Detecting CXX compile features
[0.181s] -- Detecting CXX compile features - done
[0.182s] -- Found ament_cmake_auto: 1.3.8 (/opt/ros/humble/share/ament_cmake_auto/cmake)
[0.275s] -- Found Python3: /usr/bin/python3 (found version "3.10.12") found components: Interpreter 
[0.312s] -- Override CMake install command with custom implementation using symlinks instead of copying resources
[0.388s] -- Found rosidl_generator_c: 3.1.5 (/opt/ros/humble/share/rosidl_generator_c/cmake)
[0.391s] -- Found rosidl_adapter: 3.1.5 (/opt/ros/humble/share/rosidl_adapter/cmake)
[0.395s] -- Found rosidl_generator_cpp: 3.1.5 (/opt/ros/humble/share/rosidl_generator_cpp/cmake)
[0.403s] -- Using all available rosidl_typesupport_c: rosidl_typesupport_fastrtps_c;rosidl_typesupport_introspection_c
[0.414s] -- Using all available rosidl_typesupport_cpp: rosidl_typesupport_fastrtps_cpp;rosidl_typesupport_introspection_cpp
[0.454s] -- Found rmw_implementation_cmake: 6.1.1 (/opt/ros/humble/share/rmw_implementation_cmake/cmake)
[0.455s] -- Found rmw_fastrtps_cpp: 6.2.6 (/opt/ros/humble/share/rmw_fastrtps_cpp/cmake)
[0.513s] -- Found OpenSSL: /usr/lib/x86_64-linux-gnu/libcrypto.so (found version "3.0.2")  
[0.528s] -- Found FastRTPS: /opt/ros/humble/include  
[0.553s] -- Using RMW implementation 'rmw_fastrtps_cpp' as default
[0.560s] -- Looking for pthread.h
[0.614s] -- Looking for pthread.h - found
[0.614s] -- Performing Test CMAKE_HAVE_LIBC_PTHREAD
[0.658s] -- Performing Test CMAKE_HAVE_LIBC_PTHREAD - Success
[0.658s] -- Found Threads: TRUE  
[0.969s] -- Found OpenCV: /usr (found version "4.5.4") 
[0.972s] -- Found PkgConfig: /usr/bin/pkg-config (found version "0.29.2") 
[0.972s] -- Checking for module 'libavcodec'
[0.980s] --   Found libavcodec, version 58.134.100
[0.998s] -- Checking for module 'libavutil'
[1.004s] --   Found libavutil, version 56.70.100
[1.028s] -- Checking for module 'libswscale'
[1.042s] --   Found libswscale, version 5.9.100
[1.092s] -- Found ament_lint_auto: 0.12.10 (/opt/ros/humble/share/ament_lint_auto/cmake)
[1.105s] -- Found gtest sources under '/opt/ros/humble/src/gtest_vendor': C++ tests using 'Google Test' will be built
[1.113s] -- Added test 'copyright' to check source files copyright and LICENSE
[1.116s] -- Added test 'cppcheck' to perform static code analysis on C / C++ code
[1.116s] -- Configured cppcheck include dirs: /home/szeyuan/Desktop/ros/ros_ws/src/usb_cam/include
[1.116s] -- Configured cppcheck exclude dirs and/or files: 
[1.118s] -- Added test 'cpplint' to check C / C++ code against the Google style
[1.118s] -- Configured cpplint exclude dirs and/or files: 
[1.119s] -- Added test 'flake8' to check Python code syntax and style conventions
[1.120s] -- Added test 'lint_cmake' to check CMake code style
[1.120s] -- Added test 'pep257' to check Python code against some of the docstring style conventions in PEP 257
[1.122s] -- Added test 'uncrustify' to check C / C++ code style
[1.122s] -- Configured uncrustify additional arguments: 
[1.123s] -- Added test 'xmllint' to check XML markup files
[1.125s] -- Configuring done
[1.142s] -- Generating done
[1.143s] -- Build files have been written to: /home/szeyuan/Desktop/ros/ros_ws/build/usb_cam
[1.151s] Invoked command in '/home/szeyuan/Desktop/ros/ros_ws/build/usb_cam' returned '0': CMAKE_PREFIX_PATH=/opt/ros/humble /usr/bin/cmake /home/szeyuan/Desktop/ros/ros_ws/src/usb_cam -DAMENT_CMAKE_SYMLINK_INSTALL=1 -DCMAKE_INSTALL_PREFIX=/home/szeyuan/Desktop/ros/ros_ws/install/usb_cam
[1.152s] Invoking command in '/home/szeyuan/Desktop/ros/ros_ws/build/usb_cam': CMAKE_PREFIX_PATH=/opt/ros/humble /usr/bin/cmake --build /home/szeyuan/Desktop/ros/ros_ws/build/usb_cam -- -j16 -l16
[1.182s] [  7%] [32mBuilding CXX object gtest/CMakeFiles/gtest_main.dir/src/gtest_main.cc.o[0m
[1.182s] [ 21%] [32mBuilding CXX object CMakeFiles/usb_cam_node_exe.dir/rclcpp_components/node_main_usb_cam_node_exe.cpp.o[0m
[1.182s] [ 21%] [32mBuilding CXX object CMakeFiles/usb_cam.dir/src/usb_cam.cpp.o[0m
[1.182s] [ 28%] [32mBuilding CXX object gtest/CMakeFiles/gtest.dir/src/gtest-all.cc.o[0m
[1.726s] [ 35%] [32m[1mLinking CXX static library libgtest_main.a[0m
[1.747s] [ 35%] Built target gtest_main
[2.363s] [ 42%] [32m[1mLinking CXX shared library libusb_cam.so[0m
[2.532s] [ 42%] Built target usb_cam
[2.545s] [ 50%] [32mBuilding CXX object CMakeFiles/usb_cam_node.dir/src/ros2/usb_cam_node.cpp.o[0m
[3.151s] [ 57%] [32m[1mLinking CXX static library libgtest.a[0m
[3.160s] [ 64%] [32m[1mLinking CXX executable usb_cam_node_exe[0m
[3.185s] [ 64%] Built target gtest
[3.198s] [ 78%] [32mBuilding CXX object CMakeFiles/test_usb_cam_utils.dir/test/test_usb_cam_utils.cpp.o[0m
[3.198s] [ 78%] [32mBuilding CXX object CMakeFiles/test_pixel_formats.dir/test/test_pixel_formats.cpp.o[0m
[3.242s] [ 78%] Built target usb_cam_node_exe
[3.973s] [ 85%] [32m[1mLinking CXX executable test_usb_cam_utils[0m
[4.076s] [ 85%] Built target test_usb_cam_utils
[4.160s] [ 92%] [32m[1mLinking CXX executable test_pixel_formats[0m
[4.256s] [ 92%] Built target test_pixel_formats
[7.198s] [100%] [32m[1mLinking CXX shared library libusb_cam_node.so[0m
[7.440s] [100%] Built target usb_cam_node
[7.448s] Invoked command in '/home/szeyuan/Desktop/ros/ros_ws/build/usb_cam' returned '0': CMAKE_PREFIX_PATH=/opt/ros/humble /usr/bin/cmake --build /home/szeyuan/Desktop/ros/ros_ws/build/usb_cam -- -j16 -l16
[7.477s] Invoking command in '/home/szeyuan/Desktop/ros/ros_ws/build/usb_cam': CMAKE_PREFIX_PATH=/opt/ros/humble /usr/bin/cmake --install /home/szeyuan/Desktop/ros/ros_ws/build/usb_cam
[7.480s] -- Install configuration: ""
[7.481s] -- Execute custom install script
[7.481s] -- Symlinking: /home/szeyuan/Desktop/ros/ros_ws/install/usb_cam/share/usb_cam/environment/library_path.sh
[7.485s] -- Symlinking: /home/szeyuan/Desktop/ros/ros_ws/install/usb_cam/share/usb_cam/environment/library_path.dsv
[7.490s] -- Symlinking: /home/szeyuan/Desktop/ros/ros_ws/install/usb_cam/lib/usb_cam/usb_cam_node_exe
[7.494s] -- Symlinking: /home/szeyuan/Desktop/ros/ros_ws/install/usb_cam/lib/usb_cam/show_image.py
[7.499s] -- Symlinking: /home/szeyuan/Desktop/ros/ros_ws/install/usb_cam/lib/libusb_cam.so
[7.503s] -- Symlinking: /home/szeyuan/Desktop/ros/ros_ws/install/usb_cam/lib/libusb_cam_node.so
[7.508s] -- Symlinking: /home/szeyuan/Desktop/ros/ros_ws/install/usb_cam/include/usb_cam/constants.hpp
[7.513s] -- Symlinking: /home/szeyuan/Desktop/ros/ros_ws/install/usb_cam/include/usb_cam/conversions.hpp
[7.517s] -- Symlinking: /home/szeyuan/Desktop/ros/ros_ws/install/usb_cam/include/usb_cam/formats/av_pixel_format_helper.hpp
[7.522s] -- Symlinking: /home/szeyuan/Desktop/ros/ros_ws/install/usb_cam/include/usb_cam/formats/m420.hpp
[7.526s] -- Symlinking: /home/szeyuan/Desktop/ros/ros_ws/install/usb_cam/include/usb_cam/formats/mjpeg.hpp
[7.531s] -- Symlinking: /home/szeyuan/Desktop/ros/ros_ws/install/usb_cam/include/usb_cam/formats/mono.hpp
[7.535s] -- Symlinking: /home/szeyuan/Desktop/ros/ros_ws/install/usb_cam/include/usb_cam/formats/pixel_format_base.hpp
[7.539s] -- Symlinking: /home/szeyuan/Desktop/ros/ros_ws/install/usb_cam/include/usb_cam/formats/rgb.hpp
[7.545s] -- Symlinking: /home/szeyuan/Desktop/ros/ros_ws/install/usb_cam/include/usb_cam/formats/utils.hpp
[7.550s] -- Symlinking: /home/szeyuan/Desktop/ros/ros_ws/install/usb_cam/include/usb_cam/formats/uyvy.hpp
[7.555s] -- Symlinking: /home/szeyuan/Desktop/ros/ros_ws/install/usb_cam/include/usb_cam/formats/yuyv.hpp
[7.559s] -- Symlinking: /home/szeyuan/Desktop/ros/ros_ws/install/usb_cam/include/usb_cam/usb_cam.hpp
[7.563s] -- Symlinking: /home/szeyuan/Desktop/ros/ros_ws/install/usb_cam/include/usb_cam/usb_cam_node.hpp
[7.568s] -- Symlinking: /home/szeyuan/Desktop/ros/ros_ws/install/usb_cam/include/usb_cam/utils.hpp
[7.572s] -- Up-to-date symlink: /home/szeyuan/Desktop/ros/ros_ws/install/usb_cam/lib/libusb_cam_node.so
[7.572s] -- Symlinking: /home/szeyuan/Desktop/ros/ros_ws/install/usb_cam/share/usb_cam/launch/__init__.py
[7.577s] -- Symlinking: /home/szeyuan/Desktop/ros/ros_ws/install/usb_cam/share/usb_cam/launch/camera.launch.py
[7.581s] -- Symlinking: /home/szeyuan/Desktop/ros/ros_ws/install/usb_cam/share/usb_cam/launch/camera_config.py
[7.586s] -- Symlinking: /home/szeyuan/Desktop/ros/ros_ws/install/usb_cam/share/usb_cam/config/camera_info.yaml
[7.590s] -- Symlinking: /home/szeyuan/Desktop/ros/ros_ws/install/usb_cam/share/usb_cam/config/params_1.yaml
[7.594s] -- Symlinking: /home/szeyuan/Desktop/ros/ros_ws/install/usb_cam/share/usb_cam/config/params_2.yaml
[7.598s] -- Symlinking: /home/szeyuan/Desktop/ros/ros_ws/install/usb_cam/share/ament_index/resource_index/package_run_dependencies/usb_cam
[7.603s] -- Symlinking: /home/szeyuan/Desktop/ros/ros_ws/install/usb_cam/share/ament_index/resource_index/parent_prefix_path/usb_cam
[7.607s] -- Symlinking: /home/szeyuan/Desktop/ros/ros_ws/install/usb_cam/share/usb_cam/environment/ament_prefix_path.sh
[7.611s] -- Symlinking: /home/szeyuan/Desktop/ros/ros_ws/install/usb_cam/share/usb_cam/environment/ament_prefix_path.dsv
[7.616s] -- Symlinking: /home/szeyuan/Desktop/ros/ros_ws/install/usb_cam/share/usb_cam/environment/path.sh
[7.621s] -- Symlinking: /home/szeyuan/Desktop/ros/ros_ws/install/usb_cam/share/usb_cam/environment/path.dsv
[7.625s] -- Symlinking: /home/szeyuan/Desktop/ros/ros_ws/install/usb_cam/share/usb_cam/local_setup.bash
[7.630s] -- Symlinking: /home/szeyuan/Desktop/ros/ros_ws/install/usb_cam/share/usb_cam/local_setup.sh
[7.635s] -- Symlinking: /home/szeyuan/Desktop/ros/ros_ws/install/usb_cam/share/usb_cam/local_setup.zsh
[7.640s] -- Symlinking: /home/szeyuan/Desktop/ros/ros_ws/install/usb_cam/share/usb_cam/local_setup.dsv
[7.644s] -- Symlinking: /home/szeyuan/Desktop/ros/ros_ws/install/usb_cam/share/usb_cam/package.dsv
[7.649s] -- Symlinking: /home/szeyuan/Desktop/ros/ros_ws/install/usb_cam/share/ament_index/resource_index/packages/usb_cam
[7.653s] -- Symlinking: /home/szeyuan/Desktop/ros/ros_ws/install/usb_cam/share/ament_index/resource_index/rclcpp_components/usb_cam
[7.658s] -- Symlinking: /home/szeyuan/Desktop/ros/ros_ws/install/usb_cam/share/usb_cam/cmake/ament_cmake_export_libraries-extras.cmake
[7.662s] -- Symlinking: /home/szeyuan/Desktop/ros/ros_ws/install/usb_cam/share/usb_cam/cmake/ament_cmake_export_dependencies-extras.cmake
[7.667s] -- Symlinking: /home/szeyuan/Desktop/ros/ros_ws/install/usb_cam/share/usb_cam/cmake/ament_cmake_export_include_directories-extras.cmake
[7.671s] -- Symlinking: /home/szeyuan/Desktop/ros/ros_ws/install/usb_cam/share/usb_cam/cmake/usb_camConfig.cmake
[7.675s] -- Symlinking: /home/szeyuan/Desktop/ros/ros_ws/install/usb_cam/share/usb_cam/cmake/usb_camConfig-version.cmake
[7.680s] -- Symlinking: /home/szeyuan/Desktop/ros/ros_ws/install/usb_cam/share/usb_cam/package.xml
[7.686s] Invoked command in '/home/szeyuan/Desktop/ros/ros_ws/build/usb_cam' returned '0': CMAKE_PREFIX_PATH=/opt/ros/humble /usr/bin/cmake --install /home/szeyuan/Desktop/ros/ros_ws/build/usb_cam
