[0.022s] Invoking command in '/home/szeyuan/Desktop/ros/ros_ws/build/mecanumbot_controller': CMAKE_PREFIX_PATH=/home/szeyuan/Desktop/ros/ros_ws/install/v4l2_camera:/home/szeyuan/Desktop/ros/ros_ws/install/mediapipe_ros2:/opt/ros/humble:/home/szeyuan/Desktop/ros/ros_ws/install/usb_cam:/home/szeyuan/Desktop/ros/ros_ws/install/ros2_control_demo_example_1:/home/szeyuan/Desktop/ros/ros_ws/install/ros2_control_demo_description:/home/szeyuan/Desktop/ros/ros_ws/install/mecanumbot_teleop:/home/szeyuan/Desktop/ros/ros_ws/install/mecanumbot_hardware:/home/szeyuan/Desktop/ros/ros_ws/install/mecanumbot_bringup:/home/szeyuan/Desktop/ros/ros_ws/install/mecanumbot_description:/home/szeyuan/Desktop/ros/ros_ws/install/mecanumbot_controller:/home/szeyuan/Desktop/ros/ros_ws/install/mecanumbot_control /usr/bin/cmake --build /home/szeyuan/Desktop/ros/ros_ws/build/mecanumbot_controller -- -j16 -l16
[0.204s] [100%] Built target mecanumbot_controller
[0.209s] Invoked command in '/home/szeyuan/Desktop/ros/ros_ws/build/mecanumbot_controller' returned '0': CMAKE_PREFIX_PATH=/home/szeyuan/Desktop/ros/ros_ws/install/v4l2_camera:/home/szeyuan/Desktop/ros/ros_ws/install/mediapipe_ros2:/opt/ros/humble:/home/szeyuan/Desktop/ros/ros_ws/install/usb_cam:/home/szeyuan/Desktop/ros/ros_ws/install/ros2_control_demo_example_1:/home/szeyuan/Desktop/ros/ros_ws/install/ros2_control_demo_description:/home/szeyuan/Desktop/ros/ros_ws/install/mecanumbot_teleop:/home/szeyuan/Desktop/ros/ros_ws/install/mecanumbot_hardware:/home/szeyuan/Desktop/ros/ros_ws/install/mecanumbot_bringup:/home/szeyuan/Desktop/ros/ros_ws/install/mecanumbot_description:/home/szeyuan/Desktop/ros/ros_ws/install/mecanumbot_controller:/home/szeyuan/Desktop/ros/ros_ws/install/mecanumbot_control /usr/bin/cmake --build /home/szeyuan/Desktop/ros/ros_ws/build/mecanumbot_controller -- -j16 -l16
[0.233s] Invoking command in '/home/szeyuan/Desktop/ros/ros_ws/build/mecanumbot_controller': CMAKE_PREFIX_PATH=/home/szeyuan/Desktop/ros/ros_ws/install/v4l2_camera:/home/szeyuan/Desktop/ros/ros_ws/install/mediapipe_ros2:/opt/ros/humble:/home/szeyuan/Desktop/ros/ros_ws/install/usb_cam:/home/szeyuan/Desktop/ros/ros_ws/install/ros2_control_demo_example_1:/home/szeyuan/Desktop/ros/ros_ws/install/ros2_control_demo_description:/home/szeyuan/Desktop/ros/ros_ws/install/mecanumbot_teleop:/home/szeyuan/Desktop/ros/ros_ws/install/mecanumbot_hardware:/home/szeyuan/Desktop/ros/ros_ws/install/mecanumbot_bringup:/home/szeyuan/Desktop/ros/ros_ws/install/mecanumbot_description:/home/szeyuan/Desktop/ros/ros_ws/install/mecanumbot_controller:/home/szeyuan/Desktop/ros/ros_ws/install/mecanumbot_control /usr/bin/cmake --install /home/szeyuan/Desktop/ros/ros_ws/build/mecanumbot_controller
[0.256s] -- Install configuration: ""
[0.256s] -- Up-to-date: /home/szeyuan/Desktop/ros/ros_ws/install/mecanumbot_controller/share/mecanumbot_controller/mecanumbot_controller.xml
[0.256s] -- Up-to-date: /home/szeyuan/Desktop/ros/ros_ws/install/mecanumbot_controller/lib/libmecanumbot_controller.so
[0.256s] -- Up-to-date: /home/szeyuan/Desktop/ros/ros_ws/install/mecanumbot_controller/include/include
[0.257s] -- Up-to-date: /home/szeyuan/Desktop/ros/ros_ws/install/mecanumbot_controller/include/include/mecanumbot_controller
[0.257s] -- Up-to-date: /home/szeyuan/Desktop/ros/ros_ws/install/mecanumbot_controller/include/include/mecanumbot_controller/mecanumbot_drive_controller.hpp
[0.257s] -- Up-to-date: /home/szeyuan/Desktop/ros/ros_ws/install/mecanumbot_controller/include/include/mecanumbot_controller/mecanumbot_wheel.hpp
[0.257s] -- Up-to-date: /home/szeyuan/Desktop/ros/ros_ws/install/mecanumbot_controller/include/include/mecanumbot_controller/mecanumbot_controller_compiler.h
[0.258s] -- Up-to-date: /home/szeyuan/Desktop/ros/ros_ws/install/mecanumbot_controller/share/mecanumbot_controller/environment/library_path.sh
[0.258s] -- Up-to-date: /home/szeyuan/Desktop/ros/ros_ws/install/mecanumbot_controller/share/mecanumbot_controller/environment/library_path.dsv
[0.258s] -- Up-to-date: /home/szeyuan/Desktop/ros/ros_ws/install/mecanumbot_controller/share/ament_index/resource_index/package_run_dependencies/mecanumbot_controller
[0.258s] -- Up-to-date: /home/szeyuan/Desktop/ros/ros_ws/install/mecanumbot_controller/share/ament_index/resource_index/parent_prefix_path/mecanumbot_controller
[0.258s] -- Up-to-date: /home/szeyuan/Desktop/ros/ros_ws/install/mecanumbot_controller/share/mecanumbot_controller/environment/ament_prefix_path.sh
[0.258s] -- Up-to-date: /home/szeyuan/Desktop/ros/ros_ws/install/mecanumbot_controller/share/mecanumbot_controller/environment/ament_prefix_path.dsv
[0.258s] -- Up-to-date: /home/szeyuan/Desktop/ros/ros_ws/install/mecanumbot_controller/share/mecanumbot_controller/environment/path.sh
[0.258s] -- Up-to-date: /home/szeyuan/Desktop/ros/ros_ws/install/mecanumbot_controller/share/mecanumbot_controller/environment/path.dsv
[0.258s] -- Up-to-date: /home/szeyuan/Desktop/ros/ros_ws/install/mecanumbot_controller/share/mecanumbot_controller/local_setup.bash
[0.258s] -- Up-to-date: /home/szeyuan/Desktop/ros/ros_ws/install/mecanumbot_controller/share/mecanumbot_controller/local_setup.sh
[0.258s] -- Up-to-date: /home/szeyuan/Desktop/ros/ros_ws/install/mecanumbot_controller/share/mecanumbot_controller/local_setup.zsh
[0.258s] -- Up-to-date: /home/szeyuan/Desktop/ros/ros_ws/install/mecanumbot_controller/share/mecanumbot_controller/local_setup.dsv
[0.259s] -- Installing: /home/szeyuan/Desktop/ros/ros_ws/install/mecanumbot_controller/share/mecanumbot_controller/package.dsv
[0.259s] -- Up-to-date: /home/szeyuan/Desktop/ros/ros_ws/install/mecanumbot_controller/share/ament_index/resource_index/packages/mecanumbot_controller
[0.259s] -- Up-to-date: /home/szeyuan/Desktop/ros/ros_ws/install/mecanumbot_controller/share/ament_index/resource_index/controller_interface__pluginlib__plugin/mecanumbot_controller
[0.259s] -- Up-to-date: /home/szeyuan/Desktop/ros/ros_ws/install/mecanumbot_controller/share/mecanumbot_controller/cmake/ament_cmake_export_include_directories-extras.cmake
[0.259s] -- Up-to-date: /home/szeyuan/Desktop/ros/ros_ws/install/mecanumbot_controller/share/mecanumbot_controller/cmake/ament_cmake_export_libraries-extras.cmake
[0.259s] -- Up-to-date: /home/szeyuan/Desktop/ros/ros_ws/install/mecanumbot_controller/share/mecanumbot_controller/cmake/ament_cmake_export_dependencies-extras.cmake
[0.259s] -- Up-to-date: /home/szeyuan/Desktop/ros/ros_ws/install/mecanumbot_controller/share/mecanumbot_controller/cmake/mecanumbot_controllerConfig.cmake
[0.259s] -- Up-to-date: /home/szeyuan/Desktop/ros/ros_ws/install/mecanumbot_controller/share/mecanumbot_controller/cmake/mecanumbot_controllerConfig-version.cmake
[0.259s] -- Up-to-date: /home/szeyuan/Desktop/ros/ros_ws/install/mecanumbot_controller/share/mecanumbot_controller/package.xml
[0.272s] Invoked command in '/home/szeyuan/Desktop/ros/ros_ws/build/mecanumbot_controller' returned '0': CMAKE_PREFIX_PATH=/home/szeyuan/Desktop/ros/ros_ws/install/v4l2_camera:/home/szeyuan/Desktop/ros/ros_ws/install/mediapipe_ros2:/opt/ros/humble:/home/szeyuan/Desktop/ros/ros_ws/install/usb_cam:/home/szeyuan/Desktop/ros/ros_ws/install/ros2_control_demo_example_1:/home/szeyuan/Desktop/ros/ros_ws/install/ros2_control_demo_description:/home/szeyuan/Desktop/ros/ros_ws/install/mecanumbot_teleop:/home/szeyuan/Desktop/ros/ros_ws/install/mecanumbot_hardware:/home/szeyuan/Desktop/ros/ros_ws/install/mecanumbot_bringup:/home/szeyuan/Desktop/ros/ros_ws/install/mecanumbot_description:/home/szeyuan/Desktop/ros/ros_ws/install/mecanumbot_controller:/home/szeyuan/Desktop/ros/ros_ws/install/mecanumbot_control /usr/bin/cmake --install /home/szeyuan/Desktop/ros/ros_ws/build/mecanumbot_controller
