[0.008s] Invoking command in '/home/szeyuan/Desktop/ros/ros_ws/build/v4l2_camera': CMAKE_PREFIX_PATH=${CMAKE_PREFIX_PATH}:/opt/ros/humble /usr/bin/cmake /home/szeyuan/Desktop/ros/ros_ws/src/ros2_v4l2_camera -DCMAKE_INSTALL_PREFIX=/home/szeyuan/Desktop/ros/ros_ws/install/v4l2_camera
[0.043s] -- The C compiler identification is GNU 11.4.0
[0.079s] -- The CXX compiler identification is GNU 11.4.0
[0.084s] -- Detecting C compiler ABI info
[0.126s] -- Detecting C compiler ABI info - done
[0.130s] -- Check for working C compiler: /usr/bin/cc - skipped
[0.131s] -- Detecting C compile features
[0.131s] -- Detecting C compile features - done
[0.133s] -- Detecting CXX compiler ABI info
[0.183s] -- Detecting CXX compiler ABI info - done
[0.188s] -- Check for working CXX compiler: /usr/bin/c++ - skipped
[0.188s] -- Detecting CXX compile features
[0.188s] -- Detecting CXX compile features - done
[0.189s] -- Found ament_cmake_auto: 1.3.8 (/opt/ros/humble/share/ament_cmake_auto/cmake)
[0.282s] -- Found Python3: /usr/bin/python3 (found version "3.10.12") found components: Interpreter 
[0.393s] -- Found rosidl_generator_c: 3.1.5 (/opt/ros/humble/share/rosidl_generator_c/cmake)
[0.396s] -- Found rosidl_adapter: 3.1.5 (/opt/ros/humble/share/rosidl_adapter/cmake)
[0.400s] -- Found rosidl_generator_cpp: 3.1.5 (/opt/ros/humble/share/rosidl_generator_cpp/cmake)
[0.408s] -- Using all available rosidl_typesupport_c: rosidl_typesupport_fastrtps_c;rosidl_typesupport_introspection_c
[0.420s] -- Using all available rosidl_typesupport_cpp: rosidl_typesupport_fastrtps_cpp;rosidl_typesupport_introspection_cpp
[0.465s] -- Found rmw_implementation_cmake: 6.1.1 (/opt/ros/humble/share/rmw_implementation_cmake/cmake)
[0.467s] -- Found rmw_fastrtps_cpp: 6.2.6 (/opt/ros/humble/share/rmw_fastrtps_cpp/cmake)
[0.528s] -- Found OpenSSL: /usr/lib/x86_64-linux-gnu/libcrypto.so (found version "3.0.2")  
[0.545s] -- Found FastRTPS: /opt/ros/humble/include  
[0.573s] -- Using RMW implementation 'rmw_fastrtps_cpp' as default
[0.578s] -- Looking for pthread.h
[0.621s] -- Looking for pthread.h - found
[0.621s] -- Performing Test CMAKE_HAVE_LIBC_PTHREAD
[0.664s] -- Performing Test CMAKE_HAVE_LIBC_PTHREAD - Success
[0.665s] -- Found Threads: TRUE  
[0.931s] [0mCUDA_TOOLKIT_ROOT_DIR not found or specified[0m
[0.935s] -- Could NOT find CUDA (missing: CUDA_TOOLKIT_ROOT_DIR CUDA_NVCC_EXECUTABLE CUDA_INCLUDE_DIRS CUDA_CUDART_LIBRARY) 
[0.937s] -- Found ament_lint_auto: 0.12.10 (/opt/ros/humble/share/ament_lint_auto/cmake)
[0.949s] -- Added test 'cppcheck' to perform static code analysis on C / C++ code
[0.949s] -- Configured cppcheck include dirs: $<BUILD_INTERFACE:/home/szeyuan/Desktop/ros/ros_ws/src/ros2_v4l2_camera/include>
[0.949s] -- Configured cppcheck exclude dirs and/or files: 
[0.950s] -- Added test 'cpplint' to check C / C++ code against the Google style
[0.951s] -- Configured cpplint exclude dirs and/or files: 
[0.951s] -- Added test 'flake8' to check Python code syntax and style conventions
[0.951s] -- Added test 'lint_cmake' to check CMake code style
[0.952s] -- Added test 'pep257' to check Python code against some of the docstring style conventions in PEP 257
[0.953s] -- Added test 'uncrustify' to check C / C++ code style
[0.953s] -- Configured uncrustify additional arguments: 
[0.954s] -- Added test 'xmllint' to check XML markup files
[0.955s] -- Configuring done
[0.966s] -- Generating done
[0.967s] -- Build files have been written to: /home/szeyuan/Desktop/ros/ros_ws/build/v4l2_camera
[0.973s] Invoked command in '/home/szeyuan/Desktop/ros/ros_ws/build/v4l2_camera' returned '0': CMAKE_PREFIX_PATH=${CMAKE_PREFIX_PATH}:/opt/ros/humble /usr/bin/cmake /home/szeyuan/Desktop/ros/ros_ws/src/ros2_v4l2_camera -DCMAKE_INSTALL_PREFIX=/home/szeyuan/Desktop/ros/ros_ws/install/v4l2_camera
[0.974s] Invoking command in '/home/szeyuan/Desktop/ros/ros_ws/build/v4l2_camera': CMAKE_PREFIX_PATH=${CMAKE_PREFIX_PATH}:/opt/ros/humble /usr/bin/cmake --build /home/szeyuan/Desktop/ros/ros_ws/build/v4l2_camera -- -j16 -l16
[1.006s] [ 14%] [32mBuilding CXX object CMakeFiles/v4l2_camera.dir/src/v4l2_camera.cpp.o[0m
[1.007s] [ 28%] [32mBuilding CXX object CMakeFiles/v4l2_camera.dir/src/v4l2_camera_device.cpp.o[0m
[4.531s] [ 42%] [32m[1mLinking CXX shared library libv4l2_camera.so[0m
[4.688s] [ 42%] Built target v4l2_camera
[4.700s] [ 57%] [32mBuilding CXX object CMakeFiles/v4l2_camera_node.dir/src/v4l2_camera_node.cpp.o[0m
[4.700s] [ 71%] [32mBuilding CXX object CMakeFiles/v4l2_camera_compose_test.dir/src/v4l2_camera_compose_test.cpp.o[0m
[6.480s] [ 85%] [32m[1mLinking CXX executable v4l2_camera_node[0m
[6.581s] [ 85%] Built target v4l2_camera_node
[9.536s] [100%] [32m[1mLinking CXX executable v4l2_camera_compose_test[0m
[9.786s] [100%] Built target v4l2_camera_compose_test
[9.793s] Invoked command in '/home/szeyuan/Desktop/ros/ros_ws/build/v4l2_camera' returned '0': CMAKE_PREFIX_PATH=${CMAKE_PREFIX_PATH}:/opt/ros/humble /usr/bin/cmake --build /home/szeyuan/Desktop/ros/ros_ws/build/v4l2_camera -- -j16 -l16
[9.815s] Invoking command in '/home/szeyuan/Desktop/ros/ros_ws/build/v4l2_camera': CMAKE_PREFIX_PATH=${CMAKE_PREFIX_PATH}:/opt/ros/humble /usr/bin/cmake --install /home/szeyuan/Desktop/ros/ros_ws/build/v4l2_camera
[9.819s] -- Install configuration: ""
[9.819s] -- Installing: /home/szeyuan/Desktop/ros/ros_ws/install/v4l2_camera/include
[9.819s] -- Installing: /home/szeyuan/Desktop/ros/ros_ws/install/v4l2_camera/include/v4l2_camera
[9.819s] -- Installing: /home/szeyuan/Desktop/ros/ros_ws/install/v4l2_camera/include/v4l2_camera/pixel_format.hpp
[9.819s] -- Installing: /home/szeyuan/Desktop/ros/ros_ws/install/v4l2_camera/include/v4l2_camera/v4l2_camera_device.hpp
[9.819s] -- Installing: /home/szeyuan/Desktop/ros/ros_ws/install/v4l2_camera/include/v4l2_camera/fourcc.hpp
[9.819s] -- Installing: /home/szeyuan/Desktop/ros/ros_ws/install/v4l2_camera/include/v4l2_camera/visibility_control.h
[9.819s] -- Installing: /home/szeyuan/Desktop/ros/ros_ws/install/v4l2_camera/include/v4l2_camera/control.hpp
[9.819s] -- Installing: /home/szeyuan/Desktop/ros/ros_ws/install/v4l2_camera/include/v4l2_camera/image_format.hpp
[9.819s] -- Installing: /home/szeyuan/Desktop/ros/ros_ws/install/v4l2_camera/include/v4l2_camera/v4l2_camera.hpp
[9.819s] -- Installing: /home/szeyuan/Desktop/ros/ros_ws/install/v4l2_camera/lib/libv4l2_camera.so
[9.821s] -- Set runtime path of "/home/szeyuan/Desktop/ros/ros_ws/install/v4l2_camera/lib/libv4l2_camera.so" to ""
[9.821s] -- Installing: /home/szeyuan/Desktop/ros/ros_ws/install/v4l2_camera/lib/v4l2_camera/v4l2_camera_node
[9.822s] -- Set runtime path of "/home/szeyuan/Desktop/ros/ros_ws/install/v4l2_camera/lib/v4l2_camera/v4l2_camera_node" to ""
[9.822s] -- Installing: /home/szeyuan/Desktop/ros/ros_ws/install/v4l2_camera/lib/v4l2_camera/v4l2_camera_compose_test
[9.824s] -- Set runtime path of "/home/szeyuan/Desktop/ros/ros_ws/install/v4l2_camera/lib/v4l2_camera/v4l2_camera_compose_test" to ""
[9.824s] -- Installing: /home/szeyuan/Desktop/ros/ros_ws/install/v4l2_camera/share/v4l2_camera/environment/library_path.sh
[9.824s] -- Installing: /home/szeyuan/Desktop/ros/ros_ws/install/v4l2_camera/share/v4l2_camera/environment/library_path.dsv
[9.824s] -- Up-to-date: /home/szeyuan/Desktop/ros/ros_ws/install/v4l2_camera/include
[9.824s] -- Up-to-date: /home/szeyuan/Desktop/ros/ros_ws/install/v4l2_camera/include/v4l2_camera
[9.824s] -- Up-to-date: /home/szeyuan/Desktop/ros/ros_ws/install/v4l2_camera/include/v4l2_camera/pixel_format.hpp
[9.824s] -- Up-to-date: /home/szeyuan/Desktop/ros/ros_ws/install/v4l2_camera/include/v4l2_camera/v4l2_camera_device.hpp
[9.824s] -- Up-to-date: /home/szeyuan/Desktop/ros/ros_ws/install/v4l2_camera/include/v4l2_camera/fourcc.hpp
[9.825s] -- Up-to-date: /home/szeyuan/Desktop/ros/ros_ws/install/v4l2_camera/include/v4l2_camera/visibility_control.h
[9.825s] -- Up-to-date: /home/szeyuan/Desktop/ros/ros_ws/install/v4l2_camera/include/v4l2_camera/control.hpp
[9.825s] -- Up-to-date: /home/szeyuan/Desktop/ros/ros_ws/install/v4l2_camera/include/v4l2_camera/image_format.hpp
[9.825s] -- Up-to-date: /home/szeyuan/Desktop/ros/ros_ws/install/v4l2_camera/include/v4l2_camera/v4l2_camera.hpp
[9.825s] -- Installing: /home/szeyuan/Desktop/ros/ros_ws/install/v4l2_camera/share/v4l2_camera/launch
[9.825s] -- Installing: /home/szeyuan/Desktop/ros/ros_ws/install/v4l2_camera/share/v4l2_camera/launch/v4l2_camera.launch.py
[9.825s] -- Installing: /home/szeyuan/Desktop/ros/ros_ws/install/v4l2_camera/share/ament_index/resource_index/package_run_dependencies/v4l2_camera
[9.825s] -- Installing: /home/szeyuan/Desktop/ros/ros_ws/install/v4l2_camera/share/ament_index/resource_index/parent_prefix_path/v4l2_camera
[9.825s] -- Installing: /home/szeyuan/Desktop/ros/ros_ws/install/v4l2_camera/share/v4l2_camera/environment/ament_prefix_path.sh
[9.825s] -- Installing: /home/szeyuan/Desktop/ros/ros_ws/install/v4l2_camera/share/v4l2_camera/environment/ament_prefix_path.dsv
[9.825s] -- Installing: /home/szeyuan/Desktop/ros/ros_ws/install/v4l2_camera/share/v4l2_camera/environment/path.sh
[9.825s] -- Installing: /home/szeyuan/Desktop/ros/ros_ws/install/v4l2_camera/share/v4l2_camera/environment/path.dsv
[9.825s] -- Installing: /home/szeyuan/Desktop/ros/ros_ws/install/v4l2_camera/share/v4l2_camera/local_setup.bash
[9.825s] -- Installing: /home/szeyuan/Desktop/ros/ros_ws/install/v4l2_camera/share/v4l2_camera/local_setup.sh
[9.825s] -- Installing: /home/szeyuan/Desktop/ros/ros_ws/install/v4l2_camera/share/v4l2_camera/local_setup.zsh
[9.825s] -- Installing: /home/szeyuan/Desktop/ros/ros_ws/install/v4l2_camera/share/v4l2_camera/local_setup.dsv
[9.825s] -- Installing: /home/szeyuan/Desktop/ros/ros_ws/install/v4l2_camera/share/v4l2_camera/package.dsv
[9.825s] -- Installing: /home/szeyuan/Desktop/ros/ros_ws/install/v4l2_camera/share/ament_index/resource_index/packages/v4l2_camera
[9.825s] -- Installing: /home/szeyuan/Desktop/ros/ros_ws/install/v4l2_camera/share/ament_index/resource_index/rclcpp_components/v4l2_camera
[9.825s] -- Installing: /home/szeyuan/Desktop/ros/ros_ws/install/v4l2_camera/share/v4l2_camera/cmake/export_v4l2_cameraExport.cmake
[9.825s] -- Installing: /home/szeyuan/Desktop/ros/ros_ws/install/v4l2_camera/share/v4l2_camera/cmake/export_v4l2_cameraExport-noconfig.cmake
[9.826s] -- Installing: /home/szeyuan/Desktop/ros/ros_ws/install/v4l2_camera/share/v4l2_camera/cmake/ament_cmake_export_include_directories-extras.cmake
[9.826s] -- Installing: /home/szeyuan/Desktop/ros/ros_ws/install/v4l2_camera/share/v4l2_camera/cmake/ament_cmake_export_targets-extras.cmake
[9.826s] -- Installing: /home/szeyuan/Desktop/ros/ros_ws/install/v4l2_camera/share/v4l2_camera/cmake/ament_cmake_export_libraries-extras.cmake
[9.826s] -- Installing: /home/szeyuan/Desktop/ros/ros_ws/install/v4l2_camera/share/v4l2_camera/cmake/ament_cmake_export_dependencies-extras.cmake
[9.826s] -- Installing: /home/szeyuan/Desktop/ros/ros_ws/install/v4l2_camera/share/v4l2_camera/cmake/v4l2_cameraConfig.cmake
[9.826s] -- Installing: /home/szeyuan/Desktop/ros/ros_ws/install/v4l2_camera/share/v4l2_camera/cmake/v4l2_cameraConfig-version.cmake
[9.826s] -- Installing: /home/szeyuan/Desktop/ros/ros_ws/install/v4l2_camera/share/v4l2_camera/package.xml
[9.827s] Invoked command in '/home/szeyuan/Desktop/ros/ros_ws/build/v4l2_camera' returned '0': CMAKE_PREFIX_PATH=${CMAKE_PREFIX_PATH}:/opt/ros/humble /usr/bin/cmake --install /home/szeyuan/Desktop/ros/ros_ws/build/v4l2_camera
