[0.005s] Invoking command in '/home/szeyuan/Desktop/ros/ros_ws/build/ros2_control_demo_description': /usr/bin/cmake /home/szeyuan/Desktop/ros/ros_ws/src/ros2_control_demo_description -DCMAKE_INSTALL_PREFIX=/home/szeyuan/Desktop/ros/ros_ws/install/ros2_control_demo_description
[0.062s] -- The C compiler identification is GNU 11.4.0
[0.118s] -- The CXX compiler identification is GNU 11.4.0
[0.125s] -- Detecting C compiler ABI info
[0.167s] -- Detecting C compiler ABI info - done
[0.172s] -- Check for working C compiler: /usr/bin/cc - skipped
[0.172s] -- Detecting C compile features
[0.172s] -- Detecting C compile features - done
[0.175s] -- Detecting CXX compiler ABI info
[0.223s] -- Detecting CXX compiler ABI info - done
[0.228s] -- Check for working CXX compiler: /usr/bin/c++ - skipped
[0.228s] -- Detecting CXX compile features
[0.228s] -- Detecting CXX compile features - done
[0.233s] [31mCMake Error at CMakeLists.txt:4 (find_package):
[0.233s]   By not providing "Findament_cmake.cmake" in CMAKE_MODULE_PATH this project
[0.233s]   has asked CMake to find a package configuration file provided by
[0.233s]   "ament_cmake", but CMake did not find one.
[0.233s] 
[0.233s]   Could not find a package configuration file provided by "ament_cmake" with
[0.233s]   any of the following names:
[0.233s] 
[0.233s]     ament_cmakeConfig.cmake
[0.233s]     ament_cmake-config.cmake
[0.233s] 
[0.233s]   Add the installation prefix of "ament_cmake" to CMAKE_PREFIX_PATH or set
[0.233s]   "ament_cmake_DIR" to a directory containing one of the above files.  If
[0.233s]   "ament_cmake" provides a separate development package or SDK, be sure it
[0.233s]   has been installed.
[0.234s] 
[0.234s] [0m
[0.234s] -- Configuring incomplete, errors occurred!
[0.234s] See also "/home/szeyuan/Desktop/ros/ros_ws/build/ros2_control_demo_description/CMakeFiles/CMakeOutput.log".
[0.235s] Invoked command in '/home/szeyuan/Desktop/ros/ros_ws/build/ros2_control_demo_description' returned '1': /usr/bin/cmake /home/szeyuan/Desktop/ros/ros_ws/src/ros2_control_demo_description -DCMAKE_INSTALL_PREFIX=/home/szeyuan/Desktop/ros/ros_ws/install/ros2_control_demo_description
