[0.014s] Invoking command in '/home/szeyuan/Desktop/ros/ros_ws/build/mecanumbot_teleop': /usr/bin/cmake /home/szeyuan/Desktop/ros/ros_ws/src/ros2-mecanum-bot/mecanumbot_teleop -DCMAKE_INSTALL_PREFIX=/home/szeyuan/Desktop/ros/ros_ws/install/mecanumbot_teleop
[0.036s] [31mCMake Error at CMakeLists.txt:19 (find_package):
[0.036s]   By not providing "Findament_cmake.cmake" in CMAKE_MODULE_PATH this project
[0.036s]   has asked CMake to find a package configuration file provided by
[0.036s]   "ament_cmake", but CMake did not find one.
[0.037s] 
[0.037s]   Could not find a package configuration file provided by "ament_cmake" with
[0.037s]   any of the following names:
[0.037s] 
[0.037s]     ament_cmakeConfig.cmake
[0.038s]     ament_cmake-config.cmake
[0.038s] 
[0.038s]   Add the installation prefix of "ament_cmake" to CMAKE_PREFIX_PATH or set
[0.038s]   "ament_cmake_DIR" to a directory containing one of the above files.  If
[0.038s]   "ament_cmake" provides a separate development package or SDK, be sure it
[0.038s]   has been installed.
[0.038s] 
[0.039s] -- Configuring incomplete, errors occurred!
[0.039s] See also "/home/szeyuan/Desktop/ros/ros_ws/build/mecanumbot_teleop/CMakeFiles/CMakeOutput.log".
[0.039s] [0m
[0.040s] Invoked command in '/home/szeyuan/Desktop/ros/ros_ws/build/mecanumbot_teleop' returned '1': /usr/bin/cmake /home/szeyuan/Desktop/ros/ros_ws/src/ros2-mecanum-bot/mecanumbot_teleop -DCMAKE_INSTALL_PREFIX=/home/szeyuan/Desktop/ros/ros_ws/install/mecanumbot_teleop
