-- Found ament_cmake_auto: 1.3.8 (/opt/ros/humble/share/ament_cmake_auto/cmake)
-- Override CMake install command with custom implementation using symlinks instead of copying resources
-- Found rosidl_generator_c: 3.1.5 (/opt/ros/humble/share/rosidl_generator_c/cmake)
-- Found rosidl_adapter: 3.1.5 (/opt/ros/humble/share/rosidl_adapter/cmake)
-- Found rosidl_generator_cpp: 3.1.5 (/opt/ros/humble/share/rosidl_generator_cpp/cmake)
-- Using all available rosidl_typesupport_c: rosidl_typesupport_fastrtps_c;rosidl_typesupport_introspection_c
-- Using all available rosidl_typesupport_cpp: rosidl_typesupport_fastrtps_cpp;rosidl_typesupport_introspection_cpp
-- Found rmw_implementation_cmake: 6.1.1 (/opt/ros/humble/share/rmw_implementation_cmake/cmake)
-- Found rmw_fastrtps_cpp: 6.2.6 (/opt/ros/humble/share/rmw_fastrtps_cpp/cmake)
-- Using RMW implementation 'rmw_fastrtps_cpp' as default
-- Could NOT find CUDA (missing: CUDA_TOOLKIT_ROOT_DIR CUDA_NVCC_EXECUTABLE CUDA_INCLUDE_DIRS CUDA_CUDART_LIBRARY) 
-- Found ament_lint_auto: 0.12.10 (/opt/ros/humble/share/ament_lint_auto/cmake)
-- Added test 'cppcheck' to perform static code analysis on C / C++ code
-- Configured cppcheck include dirs: $<BUILD_INTERFACE:/home/szeyuan/Desktop/ros/ros_ws/src/ros2_v4l2_camera/include>
-- Configured cppcheck exclude dirs and/or files: 
-- Added test 'cpplint' to check C / C++ code against the Google style
-- Configured cpplint exclude dirs and/or files: 
-- Added test 'flake8' to check Python code syntax and style conventions
-- Added test 'lint_cmake' to check CMake code style
-- Added test 'pep257' to check Python code against some of the docstring style conventions in PEP 257
-- Added test 'uncrustify' to check C / C++ code style
-- Configured uncrustify additional arguments: 
-- Added test 'xmllint' to check XML markup files
-- Configuring done
-- Generating done
-- Build files have been written to: /home/szeyuan/Desktop/ros/ros_ws/build/v4l2_camera
[35m[1mConsolidate compiler generated dependencies of target v4l2_camera[0m
[ 42%] Built target v4l2_camera
[35m[1mConsolidate compiler generated dependencies of target v4l2_camera_compose_test[0m
[35m[1mConsolidate compiler generated dependencies of target v4l2_camera_node[0m
[ 71%] Built target v4l2_camera_node
[100%] Built target v4l2_camera_compose_test
-- Install configuration: ""
-- Execute custom install script
-- Up-to-date symlink: /home/szeyuan/Desktop/ros/ros_ws/install/v4l2_camera/include/v4l2_camera/control.hpp
-- Up-to-date symlink: /home/szeyuan/Desktop/ros/ros_ws/install/v4l2_camera/include/v4l2_camera/fourcc.hpp
-- Up-to-date symlink: /home/szeyuan/Desktop/ros/ros_ws/install/v4l2_camera/include/v4l2_camera/image_format.hpp
-- Up-to-date symlink: /home/szeyuan/Desktop/ros/ros_ws/install/v4l2_camera/include/v4l2_camera/pixel_format.hpp
-- Up-to-date symlink: /home/szeyuan/Desktop/ros/ros_ws/install/v4l2_camera/include/v4l2_camera/v4l2_camera.hpp
-- Up-to-date symlink: /home/szeyuan/Desktop/ros/ros_ws/install/v4l2_camera/include/v4l2_camera/v4l2_camera_device.hpp
-- Up-to-date symlink: /home/szeyuan/Desktop/ros/ros_ws/install/v4l2_camera/include/v4l2_camera/visibility_control.h
-- Up-to-date symlink: /home/szeyuan/Desktop/ros/ros_ws/install/v4l2_camera/share/v4l2_camera/environment/library_path.sh
-- Up-to-date symlink: /home/szeyuan/Desktop/ros/ros_ws/install/v4l2_camera/share/v4l2_camera/environment/library_path.dsv
-- Up-to-date symlink: /home/szeyuan/Desktop/ros/ros_ws/install/v4l2_camera/include/v4l2_camera/control.hpp
-- Up-to-date symlink: /home/szeyuan/Desktop/ros/ros_ws/install/v4l2_camera/include/v4l2_camera/fourcc.hpp
-- Up-to-date symlink: /home/szeyuan/Desktop/ros/ros_ws/install/v4l2_camera/include/v4l2_camera/image_format.hpp
-- Up-to-date symlink: /home/szeyuan/Desktop/ros/ros_ws/install/v4l2_camera/include/v4l2_camera/pixel_format.hpp
-- Up-to-date symlink: /home/szeyuan/Desktop/ros/ros_ws/install/v4l2_camera/include/v4l2_camera/v4l2_camera.hpp
-- Up-to-date symlink: /home/szeyuan/Desktop/ros/ros_ws/install/v4l2_camera/include/v4l2_camera/v4l2_camera_device.hpp
-- Up-to-date symlink: /home/szeyuan/Desktop/ros/ros_ws/install/v4l2_camera/include/v4l2_camera/visibility_control.h
-- Up-to-date symlink: /home/szeyuan/Desktop/ros/ros_ws/install/v4l2_camera/share/v4l2_camera/launch/v4l2_camera.launch.py
-- Up-to-date symlink: /home/szeyuan/Desktop/ros/ros_ws/install/v4l2_camera/share/ament_index/resource_index/package_run_dependencies/v4l2_camera
-- Up-to-date symlink: /home/szeyuan/Desktop/ros/ros_ws/install/v4l2_camera/share/ament_index/resource_index/parent_prefix_path/v4l2_camera
-- Up-to-date symlink: /home/szeyuan/Desktop/ros/ros_ws/install/v4l2_camera/share/v4l2_camera/environment/ament_prefix_path.sh
-- Up-to-date symlink: /home/szeyuan/Desktop/ros/ros_ws/install/v4l2_camera/share/v4l2_camera/environment/ament_prefix_path.dsv
-- Up-to-date symlink: /home/szeyuan/Desktop/ros/ros_ws/install/v4l2_camera/share/v4l2_camera/environment/path.sh
-- Up-to-date symlink: /home/szeyuan/Desktop/ros/ros_ws/install/v4l2_camera/share/v4l2_camera/environment/path.dsv
-- Up-to-date symlink: /home/szeyuan/Desktop/ros/ros_ws/install/v4l2_camera/share/v4l2_camera/local_setup.bash
-- Up-to-date symlink: /home/szeyuan/Desktop/ros/ros_ws/install/v4l2_camera/share/v4l2_camera/local_setup.sh
-- Up-to-date symlink: /home/szeyuan/Desktop/ros/ros_ws/install/v4l2_camera/share/v4l2_camera/local_setup.zsh
-- Up-to-date symlink: /home/szeyuan/Desktop/ros/ros_ws/install/v4l2_camera/share/v4l2_camera/local_setup.dsv
-- Symlinking: /home/szeyuan/Desktop/ros/ros_ws/install/v4l2_camera/share/v4l2_camera/package.dsv
-- Up-to-date symlink: /home/szeyuan/Desktop/ros/ros_ws/install/v4l2_camera/share/ament_index/resource_index/packages/v4l2_camera
-- Up-to-date symlink: /home/szeyuan/Desktop/ros/ros_ws/install/v4l2_camera/share/ament_index/resource_index/rclcpp_components/v4l2_camera
-- Up-to-date symlink: /home/szeyuan/Desktop/ros/ros_ws/install/v4l2_camera/share/v4l2_camera/cmake/ament_cmake_export_include_directories-extras.cmake
-- Up-to-date symlink: /home/szeyuan/Desktop/ros/ros_ws/install/v4l2_camera/share/v4l2_camera/cmake/ament_cmake_export_targets-extras.cmake
-- Up-to-date symlink: /home/szeyuan/Desktop/ros/ros_ws/install/v4l2_camera/share/v4l2_camera/cmake/ament_cmake_export_libraries-extras.cmake
-- Up-to-date symlink: /home/szeyuan/Desktop/ros/ros_ws/install/v4l2_camera/share/v4l2_camera/cmake/ament_cmake_export_dependencies-extras.cmake
-- Up-to-date symlink: /home/szeyuan/Desktop/ros/ros_ws/install/v4l2_camera/share/v4l2_camera/cmake/v4l2_cameraConfig.cmake
-- Up-to-date symlink: /home/szeyuan/Desktop/ros/ros_ws/install/v4l2_camera/share/v4l2_camera/cmake/v4l2_cameraConfig-version.cmake
-- Up-to-date symlink: /home/szeyuan/Desktop/ros/ros_ws/install/v4l2_camera/share/v4l2_camera/package.xml
-- Up-to-date: /home/szeyuan/Desktop/ros/ros_ws/install/v4l2_camera/lib/libv4l2_camera.so
-- Up-to-date: /home/szeyuan/Desktop/ros/ros_ws/install/v4l2_camera/lib/v4l2_camera/v4l2_camera_node
-- Up-to-date: /home/szeyuan/Desktop/ros/ros_ws/install/v4l2_camera/lib/v4l2_camera/v4l2_camera_compose_test
-- Up-to-date: /home/szeyuan/Desktop/ros/ros_ws/install/v4l2_camera/share/v4l2_camera/cmake/export_v4l2_cameraExport.cmake
-- Up-to-date: /home/szeyuan/Desktop/ros/ros_ws/install/v4l2_camera/share/v4l2_camera/cmake/export_v4l2_cameraExport-noconfig.cmake
