[0.011s] Invoking command in '/home/szeyuan/Desktop/ros/ros_ws/build/v4l2_camera': CMAKE_PREFIX_PATH=${CMAKE_PREFIX_PATH}:/opt/ros/humble /usr/bin/cmake /home/szeyuan/Desktop/ros/ros_ws/src/ros2_v4l2_camera -DCMAKE_INSTALL_PREFIX=/home/szeyuan/Desktop/ros/ros_ws/install/v4l2_camera
[0.021s] -- Found ament_cmake_auto: 1.3.8 (/opt/ros/humble/share/ament_cmake_auto/cmake)
[0.098s] -- Override CMake install command with custom implementation using symlinks instead of copying resources
[0.160s] -- Found rosidl_generator_c: 3.1.5 (/opt/ros/humble/share/rosidl_generator_c/cmake)
[0.161s] -- Found rosidl_adapter: 3.1.5 (/opt/ros/humble/share/rosidl_adapter/cmake)
[0.165s] -- Found rosidl_generator_cpp: 3.1.5 (/opt/ros/humble/share/rosidl_generator_cpp/cmake)
[0.172s] -- Using all available rosidl_typesupport_c: rosidl_typesupport_fastrtps_c;rosidl_typesupport_introspection_c
[0.182s] -- Using all available rosidl_typesupport_cpp: rosidl_typesupport_fastrtps_cpp;rosidl_typesupport_introspection_cpp
[0.230s] -- Found rmw_implementation_cmake: 6.1.1 (/opt/ros/humble/share/rmw_implementation_cmake/cmake)
[0.230s] -- Found rmw_fastrtps_cpp: 6.2.6 (/opt/ros/humble/share/rmw_fastrtps_cpp/cmake)
[0.308s] -- Using RMW implementation 'rmw_fastrtps_cpp' as default
[0.567s] [0mCUDA_TOOLKIT_ROOT_DIR not found or specified[0m
[0.572s] -- Could NOT find CUDA (missing: CUDA_TOOLKIT_ROOT_DIR CUDA_NVCC_EXECUTABLE CUDA_INCLUDE_DIRS CUDA_CUDART_LIBRARY) 
[0.574s] -- Found ament_lint_auto: 0.12.10 (/opt/ros/humble/share/ament_lint_auto/cmake)
[0.582s] -- Added test 'cppcheck' to perform static code analysis on C / C++ code
[0.582s] -- Configured cppcheck include dirs: $<BUILD_INTERFACE:/home/szeyuan/Desktop/ros/ros_ws/src/ros2_v4l2_camera/include>
[0.582s] -- Configured cppcheck exclude dirs and/or files: 
[0.584s] -- Added test 'cpplint' to check C / C++ code against the Google style
[0.584s] -- Configured cpplint exclude dirs and/or files: 
[0.584s] -- Added test 'flake8' to check Python code syntax and style conventions
[0.585s] -- Added test 'lint_cmake' to check CMake code style
[0.585s] -- Added test 'pep257' to check Python code against some of the docstring style conventions in PEP 257
[0.587s] -- Added test 'uncrustify' to check C / C++ code style
[0.587s] -- Configured uncrustify additional arguments: 
[0.587s] -- Added test 'xmllint' to check XML markup files
[0.588s] -- Configuring done
[0.600s] -- Generating done
[0.601s] -- Build files have been written to: /home/szeyuan/Desktop/ros/ros_ws/build/v4l2_camera
[0.610s] Invoked command in '/home/szeyuan/Desktop/ros/ros_ws/build/v4l2_camera' returned '0': CMAKE_PREFIX_PATH=${CMAKE_PREFIX_PATH}:/opt/ros/humble /usr/bin/cmake /home/szeyuan/Desktop/ros/ros_ws/src/ros2_v4l2_camera -DCMAKE_INSTALL_PREFIX=/home/szeyuan/Desktop/ros/ros_ws/install/v4l2_camera
[0.613s] Invoking command in '/home/szeyuan/Desktop/ros/ros_ws/build/v4l2_camera': CMAKE_PREFIX_PATH=${CMAKE_PREFIX_PATH}:/opt/ros/humble /usr/bin/cmake --build /home/szeyuan/Desktop/ros/ros_ws/build/v4l2_camera -- -j16 -l16
[0.640s] [35m[1mConsolidate compiler generated dependencies of target v4l2_camera[0m
[0.655s] [ 42%] Built target v4l2_camera
[0.663s] [35m[1mConsolidate compiler generated dependencies of target v4l2_camera_compose_test[0m
[0.663s] [35m[1mConsolidate compiler generated dependencies of target v4l2_camera_node[0m
[0.677s] [ 71%] Built target v4l2_camera_node
[0.677s] [100%] Built target v4l2_camera_compose_test
[0.685s] Invoked command in '/home/szeyuan/Desktop/ros/ros_ws/build/v4l2_camera' returned '0': CMAKE_PREFIX_PATH=${CMAKE_PREFIX_PATH}:/opt/ros/humble /usr/bin/cmake --build /home/szeyuan/Desktop/ros/ros_ws/build/v4l2_camera -- -j16 -l16
[0.709s] Invoking command in '/home/szeyuan/Desktop/ros/ros_ws/build/v4l2_camera': CMAKE_PREFIX_PATH=${CMAKE_PREFIX_PATH}:/opt/ros/humble /usr/bin/cmake --install /home/szeyuan/Desktop/ros/ros_ws/build/v4l2_camera
[0.715s] -- Install configuration: ""
[0.715s] -- Execute custom install script
[0.715s] -- Up-to-date symlink: /home/szeyuan/Desktop/ros/ros_ws/install/v4l2_camera/include/v4l2_camera/control.hpp
[0.715s] -- Up-to-date symlink: /home/szeyuan/Desktop/ros/ros_ws/install/v4l2_camera/include/v4l2_camera/fourcc.hpp
[0.716s] -- Up-to-date symlink: /home/szeyuan/Desktop/ros/ros_ws/install/v4l2_camera/include/v4l2_camera/image_format.hpp
[0.716s] -- Up-to-date symlink: /home/szeyuan/Desktop/ros/ros_ws/install/v4l2_camera/include/v4l2_camera/pixel_format.hpp
[0.716s] -- Up-to-date symlink: /home/szeyuan/Desktop/ros/ros_ws/install/v4l2_camera/include/v4l2_camera/v4l2_camera.hpp
[0.716s] -- Up-to-date symlink: /home/szeyuan/Desktop/ros/ros_ws/install/v4l2_camera/include/v4l2_camera/v4l2_camera_device.hpp
[0.716s] -- Up-to-date symlink: /home/szeyuan/Desktop/ros/ros_ws/install/v4l2_camera/include/v4l2_camera/visibility_control.h
[0.716s] -- Up-to-date symlink: /home/szeyuan/Desktop/ros/ros_ws/install/v4l2_camera/share/v4l2_camera/environment/library_path.sh
[0.716s] -- Up-to-date symlink: /home/szeyuan/Desktop/ros/ros_ws/install/v4l2_camera/share/v4l2_camera/environment/library_path.dsv
[0.716s] -- Up-to-date symlink: /home/szeyuan/Desktop/ros/ros_ws/install/v4l2_camera/include/v4l2_camera/control.hpp
[0.717s] -- Up-to-date symlink: /home/szeyuan/Desktop/ros/ros_ws/install/v4l2_camera/include/v4l2_camera/fourcc.hpp
[0.717s] -- Up-to-date symlink: /home/szeyuan/Desktop/ros/ros_ws/install/v4l2_camera/include/v4l2_camera/image_format.hpp
[0.717s] -- Up-to-date symlink: /home/szeyuan/Desktop/ros/ros_ws/install/v4l2_camera/include/v4l2_camera/pixel_format.hpp
[0.717s] -- Up-to-date symlink: /home/szeyuan/Desktop/ros/ros_ws/install/v4l2_camera/include/v4l2_camera/v4l2_camera.hpp
[0.717s] -- Up-to-date symlink: /home/szeyuan/Desktop/ros/ros_ws/install/v4l2_camera/include/v4l2_camera/v4l2_camera_device.hpp
[0.717s] -- Up-to-date symlink: /home/szeyuan/Desktop/ros/ros_ws/install/v4l2_camera/include/v4l2_camera/visibility_control.h
[0.717s] -- Up-to-date symlink: /home/szeyuan/Desktop/ros/ros_ws/install/v4l2_camera/share/v4l2_camera/launch/v4l2_camera.launch.py
[0.717s] -- Up-to-date symlink: /home/szeyuan/Desktop/ros/ros_ws/install/v4l2_camera/share/ament_index/resource_index/package_run_dependencies/v4l2_camera
[0.717s] -- Up-to-date symlink: /home/szeyuan/Desktop/ros/ros_ws/install/v4l2_camera/share/ament_index/resource_index/parent_prefix_path/v4l2_camera
[0.717s] -- Up-to-date symlink: /home/szeyuan/Desktop/ros/ros_ws/install/v4l2_camera/share/v4l2_camera/environment/ament_prefix_path.sh
[0.717s] -- Up-to-date symlink: /home/szeyuan/Desktop/ros/ros_ws/install/v4l2_camera/share/v4l2_camera/environment/ament_prefix_path.dsv
[0.717s] -- Up-to-date symlink: /home/szeyuan/Desktop/ros/ros_ws/install/v4l2_camera/share/v4l2_camera/environment/path.sh
[0.717s] -- Up-to-date symlink: /home/szeyuan/Desktop/ros/ros_ws/install/v4l2_camera/share/v4l2_camera/environment/path.dsv
[0.718s] -- Up-to-date symlink: /home/szeyuan/Desktop/ros/ros_ws/install/v4l2_camera/share/v4l2_camera/local_setup.bash
[0.718s] -- Up-to-date symlink: /home/szeyuan/Desktop/ros/ros_ws/install/v4l2_camera/share/v4l2_camera/local_setup.sh
[0.718s] -- Up-to-date symlink: /home/szeyuan/Desktop/ros/ros_ws/install/v4l2_camera/share/v4l2_camera/local_setup.zsh
[0.718s] -- Up-to-date symlink: /home/szeyuan/Desktop/ros/ros_ws/install/v4l2_camera/share/v4l2_camera/local_setup.dsv
[0.718s] -- Symlinking: /home/szeyuan/Desktop/ros/ros_ws/install/v4l2_camera/share/v4l2_camera/package.dsv
[0.724s] -- Up-to-date symlink: /home/szeyuan/Desktop/ros/ros_ws/install/v4l2_camera/share/ament_index/resource_index/packages/v4l2_camera
[0.724s] -- Up-to-date symlink: /home/szeyuan/Desktop/ros/ros_ws/install/v4l2_camera/share/ament_index/resource_index/rclcpp_components/v4l2_camera
[0.725s] -- Up-to-date symlink: /home/szeyuan/Desktop/ros/ros_ws/install/v4l2_camera/share/v4l2_camera/cmake/ament_cmake_export_include_directories-extras.cmake
[0.725s] -- Up-to-date symlink: /home/szeyuan/Desktop/ros/ros_ws/install/v4l2_camera/share/v4l2_camera/cmake/ament_cmake_export_targets-extras.cmake
[0.725s] -- Up-to-date symlink: /home/szeyuan/Desktop/ros/ros_ws/install/v4l2_camera/share/v4l2_camera/cmake/ament_cmake_export_libraries-extras.cmake
[0.725s] -- Up-to-date symlink: /home/szeyuan/Desktop/ros/ros_ws/install/v4l2_camera/share/v4l2_camera/cmake/ament_cmake_export_dependencies-extras.cmake
[0.725s] -- Up-to-date symlink: /home/szeyuan/Desktop/ros/ros_ws/install/v4l2_camera/share/v4l2_camera/cmake/v4l2_cameraConfig.cmake
[0.725s] -- Up-to-date symlink: /home/szeyuan/Desktop/ros/ros_ws/install/v4l2_camera/share/v4l2_camera/cmake/v4l2_cameraConfig-version.cmake
[0.725s] -- Up-to-date symlink: /home/szeyuan/Desktop/ros/ros_ws/install/v4l2_camera/share/v4l2_camera/package.xml
[0.726s] -- Up-to-date: /home/szeyuan/Desktop/ros/ros_ws/install/v4l2_camera/lib/libv4l2_camera.so
[0.726s] -- Up-to-date: /home/szeyuan/Desktop/ros/ros_ws/install/v4l2_camera/lib/v4l2_camera/v4l2_camera_node
[0.726s] -- Up-to-date: /home/szeyuan/Desktop/ros/ros_ws/install/v4l2_camera/lib/v4l2_camera/v4l2_camera_compose_test
[0.726s] -- Up-to-date: /home/szeyuan/Desktop/ros/ros_ws/install/v4l2_camera/share/v4l2_camera/cmake/export_v4l2_cameraExport.cmake
[0.726s] -- Up-to-date: /home/szeyuan/Desktop/ros/ros_ws/install/v4l2_camera/share/v4l2_camera/cmake/export_v4l2_cameraExport-noconfig.cmake
[0.729s] Invoked command in '/home/szeyuan/Desktop/ros/ros_ws/build/v4l2_camera' returned '0': CMAKE_PREFIX_PATH=${CMAKE_PREFIX_PATH}:/opt/ros/humble /usr/bin/cmake --install /home/szeyuan/Desktop/ros/ros_ws/build/v4l2_camera
