[0.019s] Invoking command in '/home/szeyuan/Desktop/ros/ros_ws/build/mecanumbot_description': CMAKE_PREFIX_PATH=/opt/ros/humble /usr/bin/cmake /home/szeyuan/Desktop/ros/ros_ws/src/ros2-mecanum-bot/mecanumbot_description -DCMAKE_INSTALL_PREFIX=/home/szeyuan/Desktop/ros/ros_ws/install/mecanumbot_description
[0.032s] -- Found ament_cmake: 1.3.8 (/opt/ros/humble/share/ament_cmake/cmake)
[0.153s] -- Found Python3: /usr/bin/python3 (found version "3.10.12") found components: Interpreter 
[0.228s] -- Found urdf: 2.6.0 (/opt/ros/humble/share/urdf/cmake)
[0.273s] [31mCMake Error at CMakeLists.txt:21 (find_package):
[0.273s]   By not providing "Findxacro.cmake" in CMAKE_MODULE_PATH this project has
[0.273s]   asked CMake to find a package configuration file provided by "xacro", but
[0.274s]   CMake did not find one.
[0.274s] 
[0.274s]   Could not find a package configuration file provided by "xacro" with any of
[0.274s]   the following names:
[0.274s] 
[0.274s]     xacroConfig.cmake
[0.274s]     xacro-config.cmake
[0.274s] 
[0.274s]   Add the installation prefix of "xacro" to CMAKE_PREFIX_PATH or set
[0.274s]   "xacro_DIR" to a directory containing one of the above files.  If "xacro"
[0.274s]   provides a separate development package or SDK, be sure it has been
[0.274s]   installed.
[0.274s] 
[0.274s] [0m
[0.274s] -- Configuring incomplete, errors occurred!
[0.274s] See also "/home/szeyuan/Desktop/ros/ros_ws/build/mecanumbot_description/CMakeFiles/CMakeOutput.log".
[0.282s] Invoked command in '/home/szeyuan/Desktop/ros/ros_ws/build/mecanumbot_description' returned '1': CMAKE_PREFIX_PATH=/opt/ros/humble /usr/bin/cmake /home/szeyuan/Desktop/ros/ros_ws/src/ros2-mecanum-bot/mecanumbot_description -DCMAKE_INSTALL_PREFIX=/home/szeyuan/Desktop/ros/ros_ws/install/mecanumbot_description
