[0.020s] Invoking command in '/home/szeyuan/Desktop/ros/ros_ws/build/mecanumbot_bringup': CMAKE_PREFIX_PATH=/home/szeyuan/Desktop/ros/ros_ws/install/mecanumbot_description:/home/szeyuan/Desktop/ros/ros_ws/install/v4l2_camera:/home/szeyuan/Desktop/ros/ros_ws/install/mediapipe_ros2:/opt/ros/humble:/home/szeyuan/Desktop/ros/ros_ws/install/usb_cam:/home/szeyuan/Desktop/ros/ros_ws/install/ros2_control_demo_example_1:/home/szeyuan/Desktop/ros/ros_ws/install/ros2_control_demo_description:/home/szeyuan/Desktop/ros/ros_ws/install/mecanumbot_teleop:/home/szeyuan/Desktop/ros/ros_ws/install/mecanumbot_hardware:/home/szeyuan/Desktop/ros/ros_ws/install/mecanumbot_bringup:/home/szeyuan/Desktop/ros/ros_ws/install/mecanumbot_controller:/home/szeyuan/Desktop/ros/ros_ws/install/mecanumbot_control /usr/bin/cmake --build /home/szeyuan/Desktop/ros/ros_ws/build/mecanumbot_bringup -- -j16 -l16
[0.057s] Invoked command in '/home/szeyuan/Desktop/ros/ros_ws/build/mecanumbot_bringup' returned '0': CMAKE_PREFIX_PATH=/home/szeyuan/Desktop/ros/ros_ws/install/mecanumbot_description:/home/szeyuan/Desktop/ros/ros_ws/install/v4l2_camera:/home/szeyuan/Desktop/ros/ros_ws/install/mediapipe_ros2:/opt/ros/humble:/home/szeyuan/Desktop/ros/ros_ws/install/usb_cam:/home/szeyuan/Desktop/ros/ros_ws/install/ros2_control_demo_example_1:/home/szeyuan/Desktop/ros/ros_ws/install/ros2_control_demo_description:/home/szeyuan/Desktop/ros/ros_ws/install/mecanumbot_teleop:/home/szeyuan/Desktop/ros/ros_ws/install/mecanumbot_hardware:/home/szeyuan/Desktop/ros/ros_ws/install/mecanumbot_bringup:/home/szeyuan/Desktop/ros/ros_ws/install/mecanumbot_controller:/home/szeyuan/Desktop/ros/ros_ws/install/mecanumbot_control /usr/bin/cmake --build /home/szeyuan/Desktop/ros/ros_ws/build/mecanumbot_bringup -- -j16 -l16
[0.075s] Invoking command in '/home/szeyuan/Desktop/ros/ros_ws/build/mecanumbot_bringup': CMAKE_PREFIX_PATH=/home/szeyuan/Desktop/ros/ros_ws/install/mecanumbot_description:/home/szeyuan/Desktop/ros/ros_ws/install/v4l2_camera:/home/szeyuan/Desktop/ros/ros_ws/install/mediapipe_ros2:/opt/ros/humble:/home/szeyuan/Desktop/ros/ros_ws/install/usb_cam:/home/szeyuan/Desktop/ros/ros_ws/install/ros2_control_demo_example_1:/home/szeyuan/Desktop/ros/ros_ws/install/ros2_control_demo_description:/home/szeyuan/Desktop/ros/ros_ws/install/mecanumbot_teleop:/home/szeyuan/Desktop/ros/ros_ws/install/mecanumbot_hardware:/home/szeyuan/Desktop/ros/ros_ws/install/mecanumbot_bringup:/home/szeyuan/Desktop/ros/ros_ws/install/mecanumbot_controller:/home/szeyuan/Desktop/ros/ros_ws/install/mecanumbot_control /usr/bin/cmake --install /home/szeyuan/Desktop/ros/ros_ws/build/mecanumbot_bringup
[0.080s] -- Install configuration: ""
[0.081s] -- Up-to-date: /home/szeyuan/Desktop/ros/ros_ws/install/mecanumbot_bringup/share/mecanumbot_bringup/launch
[0.081s] -- Up-to-date: /home/szeyuan/Desktop/ros/ros_ws/install/mecanumbot_bringup/share/mecanumbot_bringup/launch/mecanumbot_teleop.py
[0.081s] -- Up-to-date: /home/szeyuan/Desktop/ros/ros_ws/install/mecanumbot_bringup/share/mecanumbot_bringup/launch/rviz2.py
[0.081s] -- Up-to-date: /home/szeyuan/Desktop/ros/ros_ws/install/mecanumbot_bringup/share/mecanumbot_bringup/launch/mecanumbot_state_publisher.py
[0.081s] -- Up-to-date: /home/szeyuan/Desktop/ros/ros_ws/install/mecanumbot_bringup/share/mecanumbot_bringup/launch/mecanumbot_hardware.py
[0.081s] -- Up-to-date: /home/szeyuan/Desktop/ros/ros_ws/install/mecanumbot_bringup/share/ament_index/resource_index/package_run_dependencies/mecanumbot_bringup
[0.081s] -- Up-to-date: /home/szeyuan/Desktop/ros/ros_ws/install/mecanumbot_bringup/share/ament_index/resource_index/parent_prefix_path/mecanumbot_bringup
[0.081s] -- Up-to-date: /home/szeyuan/Desktop/ros/ros_ws/install/mecanumbot_bringup/share/mecanumbot_bringup/environment/ament_prefix_path.sh
[0.081s] -- Up-to-date: /home/szeyuan/Desktop/ros/ros_ws/install/mecanumbot_bringup/share/mecanumbot_bringup/environment/ament_prefix_path.dsv
[0.081s] -- Up-to-date: /home/szeyuan/Desktop/ros/ros_ws/install/mecanumbot_bringup/share/mecanumbot_bringup/environment/path.sh
[0.081s] -- Up-to-date: /home/szeyuan/Desktop/ros/ros_ws/install/mecanumbot_bringup/share/mecanumbot_bringup/environment/path.dsv
[0.081s] -- Up-to-date: /home/szeyuan/Desktop/ros/ros_ws/install/mecanumbot_bringup/share/mecanumbot_bringup/local_setup.bash
[0.081s] -- Up-to-date: /home/szeyuan/Desktop/ros/ros_ws/install/mecanumbot_bringup/share/mecanumbot_bringup/local_setup.sh
[0.081s] -- Up-to-date: /home/szeyuan/Desktop/ros/ros_ws/install/mecanumbot_bringup/share/mecanumbot_bringup/local_setup.zsh
[0.081s] -- Up-to-date: /home/szeyuan/Desktop/ros/ros_ws/install/mecanumbot_bringup/share/mecanumbot_bringup/local_setup.dsv
[0.081s] -- Installing: /home/szeyuan/Desktop/ros/ros_ws/install/mecanumbot_bringup/share/mecanumbot_bringup/package.dsv
[0.081s] -- Up-to-date: /home/szeyuan/Desktop/ros/ros_ws/install/mecanumbot_bringup/share/ament_index/resource_index/packages/mecanumbot_bringup
[0.081s] -- Up-to-date: /home/szeyuan/Desktop/ros/ros_ws/install/mecanumbot_bringup/share/mecanumbot_bringup/cmake/mecanumbot_bringupConfig.cmake
[0.083s] -- Up-to-date: /home/szeyuan/Desktop/ros/ros_ws/install/mecanumbot_bringup/share/mecanumbot_bringup/cmake/mecanumbot_bringupConfig-version.cmake
[0.084s] -- Up-to-date: /home/szeyuan/Desktop/ros/ros_ws/install/mecanumbot_bringup/share/mecanumbot_bringup/package.xml
[0.092s] Invoked command in '/home/szeyuan/Desktop/ros/ros_ws/build/mecanumbot_bringup' returned '0': CMAKE_PREFIX_PATH=/home/szeyuan/Desktop/ros/ros_ws/install/mecanumbot_description:/home/szeyuan/Desktop/ros/ros_ws/install/v4l2_camera:/home/szeyuan/Desktop/ros/ros_ws/install/mediapipe_ros2:/opt/ros/humble:/home/szeyuan/Desktop/ros/ros_ws/install/usb_cam:/home/szeyuan/Desktop/ros/ros_ws/install/ros2_control_demo_example_1:/home/szeyuan/Desktop/ros/ros_ws/install/ros2_control_demo_description:/home/szeyuan/Desktop/ros/ros_ws/install/mecanumbot_teleop:/home/szeyuan/Desktop/ros/ros_ws/install/mecanumbot_hardware:/home/szeyuan/Desktop/ros/ros_ws/install/mecanumbot_bringup:/home/szeyuan/Desktop/ros/ros_ws/install/mecanumbot_controller:/home/szeyuan/Desktop/ros/ros_ws/install/mecanumbot_control /usr/bin/cmake --install /home/szeyuan/Desktop/ros/ros_ws/build/mecanumbot_bringup
