[0.013s] Invoking command in '/home/szeyuan/Desktop/ros/ros_ws/build/mecanumbot_hardware': /usr/bin/cmake /home/szeyuan/Desktop/ros/ros_ws/src/ros2-mecanum-bot/mecanumbot_hardware -DCMAKE_INSTALL_PREFIX=/home/szeyuan/Desktop/ros/ros_ws/install/mecanumbot_hardware
[0.031s] [31mCMake Error at CMakeLists.txt:19 (find_package):
[0.031s]   By not providing "Findament_cmake.cmake" in CMAKE_MODULE_PATH this project
[0.032s]   has asked CMake to find a package configuration file provided by
[0.032s]   "ament_cmake", but CMake did not find one.
[0.032s] 
[0.033s]   Could not find a package configuration file provided by "ament_cmake" with
[0.033s]   any of the following names:
[0.034s] 
[0.034s]     ament_cmakeConfig.cmake
[0.034s]     ament_cmake-config.cmake
[0.035s] 
[0.035s]   Add the installation prefix of "ament_cmake" to CMAKE_PREFIX_PATH or set
[0.035s]   "ament_cmake_DIR" to a directory containing one of the above files.  If
[0.035s]   "ament_cmake" provides a separate development package or SDK, be sure it
[0.036s]   has been installed.
[0.036s] 
[0.036s] [0m
[0.036s] -- Configuring incomplete, errors occurred!
[0.037s] See also "/home/szeyuan/Desktop/ros/ros_ws/build/mecanumbot_hardware/CMakeFiles/CMakeOutput.log".
[0.040s] Invoked command in '/home/szeyuan/Desktop/ros/ros_ws/build/mecanumbot_hardware' returned '1': /usr/bin/cmake /home/szeyuan/Desktop/ros/ros_ws/src/ros2-mecanum-bot/mecanumbot_hardware -DCMAKE_INSTALL_PREFIX=/home/szeyuan/Desktop/ros/ros_ws/install/mecanumbot_hardware
