[ 33%] [32mBuilding CXX object CMakeFiles/mecanumbot_hardware.dir/src/mecanumbot_hardware.cpp.o[0m
[ 66%] [32mBuilding CXX object CMakeFiles/mecanumbot_hardware.dir/src/mecanumbot_serial_port.cpp.o[0m
[100%] [32m[1mLinking CXX shared library libmecanumbot_hardware.so[0m
[100%] Built target mecanumbot_hardware
-- Install configuration: ""
-- Installing: /home/szeyuan/Desktop/ros/ros_ws/install/mecanumbot_hardware/share/mecanumbot_hardware/mecanumbot_hardware.xml
-- Installing: /home/szeyuan/Desktop/ros/ros_ws/install/mecanumbot_hardware/lib/libmecanumbot_hardware.so
-- Set runtime path of "/home/szeyuan/Desktop/ros/ros_ws/install/mecanumbot_hardware/lib/libmecanumbot_hardware.so" to ""
-- Installing: /home/szeyuan/Desktop/ros/ros_ws/install/mecanumbot_hardware/include/include
-- Installing: /home/szeyuan/Desktop/ros/ros_ws/install/mecanumbot_hardware/include/include/mecanumbot_hardware
-- Installing: /home/szeyuan/Desktop/ros/ros_ws/install/mecanumbot_hardware/include/include/mecanumbot_hardware/mecanumbot_hardware.hpp
-- Installing: /home/szeyuan/Desktop/ros/ros_ws/install/mecanumbot_hardware/include/include/mecanumbot_hardware/mecanumbot_hardware_compiler.h
-- Installing: /home/szeyuan/Desktop/ros/ros_ws/install/mecanumbot_hardware/include/include/mecanumbot_hardware/mecanumbot_serial_port.hpp
-- Installing: /home/szeyuan/Desktop/ros/ros_ws/install/mecanumbot_hardware/share/mecanumbot_hardware/environment/library_path.sh
-- Installing: /home/szeyuan/Desktop/ros/ros_ws/install/mecanumbot_hardware/share/mecanumbot_hardware/environment/library_path.dsv
-- Installing: /home/szeyuan/Desktop/ros/ros_ws/install/mecanumbot_hardware/share/ament_index/resource_index/package_run_dependencies/mecanumbot_hardware
-- Installing: /home/szeyuan/Desktop/ros/ros_ws/install/mecanumbot_hardware/share/ament_index/resource_index/parent_prefix_path/mecanumbot_hardware
-- Installing: /home/szeyuan/Desktop/ros/ros_ws/install/mecanumbot_hardware/share/mecanumbot_hardware/environment/ament_prefix_path.sh
-- Installing: /home/szeyuan/Desktop/ros/ros_ws/install/mecanumbot_hardware/share/mecanumbot_hardware/environment/ament_prefix_path.dsv
-- Installing: /home/szeyuan/Desktop/ros/ros_ws/install/mecanumbot_hardware/share/mecanumbot_hardware/environment/path.sh
-- Installing: /home/szeyuan/Desktop/ros/ros_ws/install/mecanumbot_hardware/share/mecanumbot_hardware/environment/path.dsv
-- Installing: /home/szeyuan/Desktop/ros/ros_ws/install/mecanumbot_hardware/share/mecanumbot_hardware/local_setup.bash
-- Installing: /home/szeyuan/Desktop/ros/ros_ws/install/mecanumbot_hardware/share/mecanumbot_hardware/local_setup.sh
-- Installing: /home/szeyuan/Desktop/ros/ros_ws/install/mecanumbot_hardware/share/mecanumbot_hardware/local_setup.zsh
-- Installing: /home/szeyuan/Desktop/ros/ros_ws/install/mecanumbot_hardware/share/mecanumbot_hardware/local_setup.dsv
-- Installing: /home/szeyuan/Desktop/ros/ros_ws/install/mecanumbot_hardware/share/mecanumbot_hardware/package.dsv
-- Installing: /home/szeyuan/Desktop/ros/ros_ws/install/mecanumbot_hardware/share/ament_index/resource_index/packages/mecanumbot_hardware
-- Installing: /home/szeyuan/Desktop/ros/ros_ws/install/mecanumbot_hardware/share/ament_index/resource_index/hardware_interface__pluginlib__plugin/mecanumbot_hardware
-- Installing: /home/szeyuan/Desktop/ros/ros_ws/install/mecanumbot_hardware/share/mecanumbot_hardware/cmake/ament_cmake_export_include_directories-extras.cmake
-- Installing: /home/szeyuan/Desktop/ros/ros_ws/install/mecanumbot_hardware/share/mecanumbot_hardware/cmake/ament_cmake_export_libraries-extras.cmake
-- Installing: /home/szeyuan/Desktop/ros/ros_ws/install/mecanumbot_hardware/share/mecanumbot_hardware/cmake/ament_cmake_export_dependencies-extras.cmake
-- Installing: /home/szeyuan/Desktop/ros/ros_ws/install/mecanumbot_hardware/share/mecanumbot_hardware/cmake/mecanumbot_hardwareConfig.cmake
-- Installing: /home/szeyuan/Desktop/ros/ros_ws/install/mecanumbot_hardware/share/mecanumbot_hardware/cmake/mecanumbot_hardwareConfig-version.cmake
-- Installing: /home/szeyuan/Desktop/ros/ros_ws/install/mecanumbot_hardware/share/mecanumbot_hardware/package.xml
