[0.075s] DEBUG:colcon:Command line arguments: ['/home/szeyuan/.local/bin/colcon', 'build']
[0.075s] DEBUG:colcon:Parsed command line arguments: Namespace(log_base=None, log_level=None, verb_name='build', build_base='build', install_base='install', merge_install=False, symlink_install=False, test_result_base=None, continue_on_error=False, executor='parallel', parallel_workers=16, event_handlers=None, ignore_user_meta=False, metas=['./colcon.meta'], base_paths=['.'], packages_ignore=None, packages_ignore_regex=None, paths=None, packages_up_to=None, packages_up_to_regex=None, packages_above=None, packages_above_and_dependencies=None, packages_above_depth=None, packages_select_by_dep=None, packages_skip_by_dep=None, packages_skip_up_to=None, packages_select_build_failed=False, packages_skip_build_finished=False, packages_select_test_failures=False, packages_skip_test_passed=False, packages_select=None, packages_skip=None, packages_select_regex=None, packages_skip_regex=None, packages_start=None, packages_end=None, allow_overriding=[], cmake_args=None, cmake_target=None, cmake_target_skip_unavailable=False, cmake_clean_cache=False, cmake_clean_first=False, cmake_force_configure=False, ament_cmake_args=None, catkin_cmake_args=None, catkin_skip_building_tests=False, verb_parser=<colcon_defaults.argument_parser.defaults.DefaultArgumentsDecorator object at 0x7487a46e2680>, verb_extension=<colcon_core.verb.build.BuildVerb object at 0x7487a4663ca0>, main=<bound method BuildVerb.main of <colcon_core.verb.build.BuildVerb object at 0x7487a4663ca0>>)
[0.167s] Level 1:colcon.colcon_core.package_discovery:discover_packages(colcon_meta) check parameters
[0.167s] Level 1:colcon.colcon_core.package_discovery:discover_packages(recursive) check parameters
[0.167s] Level 1:colcon.colcon_core.package_discovery:discover_packages(ignore) check parameters
[0.167s] Level 1:colcon.colcon_core.package_discovery:discover_packages(path) check parameters
[0.167s] Level 1:colcon.colcon_core.package_discovery:discover_packages(colcon_meta) discover
[0.167s] Level 1:colcon.colcon_core.package_discovery:discover_packages(recursive) discover
[0.167s] INFO:colcon.colcon_core.package_discovery:Crawling recursively for packages in '/home/szeyuan/Desktop/ros/ros_ws'
[0.167s] Level 1:colcon.colcon_core.package_identification:_identify(.) by extensions ['ignore', 'ignore_ament_install']
[0.168s] Level 1:colcon.colcon_core.package_identification:_identify(.) by extension 'ignore'
[0.168s] Level 1:colcon.colcon_core.package_identification:_identify(.) by extension 'ignore_ament_install'
[0.168s] Level 1:colcon.colcon_core.package_identification:_identify(.) by extensions ['colcon_pkg']
[0.168s] Level 1:colcon.colcon_core.package_identification:_identify(.) by extension 'colcon_pkg'
[0.168s] Level 1:colcon.colcon_core.package_identification:_identify(.) by extensions ['colcon_meta']
[0.168s] Level 1:colcon.colcon_core.package_identification:_identify(.) by extension 'colcon_meta'
[0.168s] Level 1:colcon.colcon_core.package_identification:_identify(.) by extensions ['ros']
[0.168s] Level 1:colcon.colcon_core.package_identification:_identify(.) by extension 'ros'
[0.175s] Level 1:colcon.colcon_core.package_identification:_identify(.) by extensions ['cmake', 'python']
[0.175s] Level 1:colcon.colcon_core.package_identification:_identify(.) by extension 'cmake'
[0.175s] Level 1:colcon.colcon_core.package_identification:_identify(.) by extension 'python'
[0.175s] Level 1:colcon.colcon_core.package_identification:_identify(.) by extensions ['python_setup_py']
[0.175s] Level 1:colcon.colcon_core.package_identification:_identify(.) by extension 'python_setup_py'
[0.175s] Level 1:colcon.colcon_core.package_identification:_identify(build) by extensions ['ignore', 'ignore_ament_install']
[0.175s] Level 1:colcon.colcon_core.package_identification:_identify(build) by extension 'ignore'
[0.175s] Level 1:colcon.colcon_core.package_identification:_identify(build) ignored
[0.175s] Level 1:colcon.colcon_core.package_identification:_identify(install) by extensions ['ignore', 'ignore_ament_install']
[0.175s] Level 1:colcon.colcon_core.package_identification:_identify(install) by extension 'ignore'
[0.175s] Level 1:colcon.colcon_core.package_identification:_identify(install) ignored
[0.175s] Level 1:colcon.colcon_core.package_identification:_identify(log) by extensions ['ignore', 'ignore_ament_install']
[0.175s] Level 1:colcon.colcon_core.package_identification:_identify(log) by extension 'ignore'
[0.175s] Level 1:colcon.colcon_core.package_identification:_identify(log) ignored
[0.175s] Level 1:colcon.colcon_core.package_identification:_identify(src) by extensions ['ignore', 'ignore_ament_install']
[0.175s] Level 1:colcon.colcon_core.package_identification:_identify(src) by extension 'ignore'
[0.175s] Level 1:colcon.colcon_core.package_identification:_identify(src) by extension 'ignore_ament_install'
[0.175s] Level 1:colcon.colcon_core.package_identification:_identify(src) by extensions ['colcon_pkg']
[0.175s] Level 1:colcon.colcon_core.package_identification:_identify(src) by extension 'colcon_pkg'
[0.175s] Level 1:colcon.colcon_core.package_identification:_identify(src) by extensions ['colcon_meta']
[0.175s] Level 1:colcon.colcon_core.package_identification:_identify(src) by extension 'colcon_meta'
[0.175s] Level 1:colcon.colcon_core.package_identification:_identify(src) by extensions ['ros']
[0.175s] Level 1:colcon.colcon_core.package_identification:_identify(src) by extension 'ros'
[0.175s] Level 1:colcon.colcon_core.package_identification:_identify(src) by extensions ['cmake', 'python']
[0.175s] Level 1:colcon.colcon_core.package_identification:_identify(src) by extension 'cmake'
[0.175s] Level 1:colcon.colcon_core.package_identification:_identify(src) by extension 'python'
[0.175s] Level 1:colcon.colcon_core.package_identification:_identify(src) by extensions ['python_setup_py']
[0.175s] Level 1:colcon.colcon_core.package_identification:_identify(src) by extension 'python_setup_py'
[0.176s] Level 1:colcon.colcon_core.package_identification:_identify(src/example_1) by extensions ['ignore', 'ignore_ament_install']
[0.176s] Level 1:colcon.colcon_core.package_identification:_identify(src/example_1) by extension 'ignore'
[0.176s] Level 1:colcon.colcon_core.package_identification:_identify(src/example_1) by extension 'ignore_ament_install'
[0.176s] Level 1:colcon.colcon_core.package_identification:_identify(src/example_1) by extensions ['colcon_pkg']
[0.176s] Level 1:colcon.colcon_core.package_identification:_identify(src/example_1) by extension 'colcon_pkg'
[0.176s] Level 1:colcon.colcon_core.package_identification:_identify(src/example_1) by extensions ['colcon_meta']
[0.176s] Level 1:colcon.colcon_core.package_identification:_identify(src/example_1) by extension 'colcon_meta'
[0.176s] Level 1:colcon.colcon_core.package_identification:_identify(src/example_1) by extensions ['ros']
[0.176s] Level 1:colcon.colcon_core.package_identification:_identify(src/example_1) by extension 'ros'
[0.177s] DEBUG:colcon.colcon_core.package_identification:Package 'src/example_1' with type 'ros.ament_cmake' and name 'ros2_control_demo_example_1'
[0.178s] Level 1:colcon.colcon_core.package_identification:_identify(src/ros2_control_demo_description) by extensions ['ignore', 'ignore_ament_install']
[0.178s] Level 1:colcon.colcon_core.package_identification:_identify(src/ros2_control_demo_description) by extension 'ignore'
[0.178s] Level 1:colcon.colcon_core.package_identification:_identify(src/ros2_control_demo_description) by extension 'ignore_ament_install'
[0.178s] Level 1:colcon.colcon_core.package_identification:_identify(src/ros2_control_demo_description) by extensions ['colcon_pkg']
[0.178s] Level 1:colcon.colcon_core.package_identification:_identify(src/ros2_control_demo_description) by extension 'colcon_pkg'
[0.178s] Level 1:colcon.colcon_core.package_identification:_identify(src/ros2_control_demo_description) by extensions ['colcon_meta']
[0.178s] Level 1:colcon.colcon_core.package_identification:_identify(src/ros2_control_demo_description) by extension 'colcon_meta'
[0.178s] Level 1:colcon.colcon_core.package_identification:_identify(src/ros2_control_demo_description) by extensions ['ros']
[0.178s] Level 1:colcon.colcon_core.package_identification:_identify(src/ros2_control_demo_description) by extension 'ros'
[0.178s] DEBUG:colcon.colcon_core.package_identification:Package 'src/ros2_control_demo_description' with type 'ros.ament_cmake' and name 'ros2_control_demo_description'
[0.178s] Level 1:colcon.colcon_core.package_identification:_identify(src/ros2_v4l2_camera) by extensions ['ignore', 'ignore_ament_install']
[0.178s] Level 1:colcon.colcon_core.package_identification:_identify(src/ros2_v4l2_camera) by extension 'ignore'
[0.178s] Level 1:colcon.colcon_core.package_identification:_identify(src/ros2_v4l2_camera) by extension 'ignore_ament_install'
[0.178s] Level 1:colcon.colcon_core.package_identification:_identify(src/ros2_v4l2_camera) by extensions ['colcon_pkg']
[0.178s] Level 1:colcon.colcon_core.package_identification:_identify(src/ros2_v4l2_camera) by extension 'colcon_pkg'
[0.178s] Level 1:colcon.colcon_core.package_identification:_identify(src/ros2_v4l2_camera) by extensions ['colcon_meta']
[0.178s] Level 1:colcon.colcon_core.package_identification:_identify(src/ros2_v4l2_camera) by extension 'colcon_meta'
[0.178s] Level 1:colcon.colcon_core.package_identification:_identify(src/ros2_v4l2_camera) by extensions ['ros']
[0.178s] Level 1:colcon.colcon_core.package_identification:_identify(src/ros2_v4l2_camera) by extension 'ros'
[0.179s] DEBUG:colcon.colcon_core.package_identification:Package 'src/ros2_v4l2_camera' with type 'ros.ament_cmake' and name 'v4l2_camera'
[0.179s] Level 1:colcon.colcon_core.package_identification:_identify(src/usb_cam) by extensions ['ignore', 'ignore_ament_install']
[0.179s] Level 1:colcon.colcon_core.package_identification:_identify(src/usb_cam) by extension 'ignore'
[0.179s] Level 1:colcon.colcon_core.package_identification:_identify(src/usb_cam) by extension 'ignore_ament_install'
[0.179s] Level 1:colcon.colcon_core.package_identification:_identify(src/usb_cam) by extensions ['colcon_pkg']
[0.179s] Level 1:colcon.colcon_core.package_identification:_identify(src/usb_cam) by extension 'colcon_pkg'
[0.179s] Level 1:colcon.colcon_core.package_identification:_identify(src/usb_cam) by extensions ['colcon_meta']
[0.179s] Level 1:colcon.colcon_core.package_identification:_identify(src/usb_cam) by extension 'colcon_meta'
[0.179s] Level 1:colcon.colcon_core.package_identification:_identify(src/usb_cam) by extensions ['ros']
[0.179s] Level 1:colcon.colcon_core.package_identification:_identify(src/usb_cam) by extension 'ros'
[0.183s] DEBUG:colcon.colcon_core.package_identification:Package 'src/usb_cam' with type 'ros.ament_cmake' and name 'usb_cam'
[0.183s] Level 1:colcon.colcon_core.package_discovery:discover_packages(recursive) using defaults
[0.183s] Level 1:colcon.colcon_core.package_discovery:discover_packages(ignore) discover
[0.183s] Level 1:colcon.colcon_core.package_discovery:discover_packages(ignore) using defaults
[0.183s] Level 1:colcon.colcon_core.package_discovery:discover_packages(path) discover
[0.183s] Level 1:colcon.colcon_core.package_discovery:discover_packages(path) using defaults
[0.195s] Level 1:colcon.colcon_core.package_discovery:discover_packages(prefix_path) check parameters
[0.195s] Level 1:colcon.colcon_core.package_discovery:discover_packages(prefix_path) discover
[0.196s] DEBUG:colcon.colcon_installed_package_information.package_discovery:Found 3 installed packages in /home/szeyuan/Desktop/ros/ros_ws/install
[0.197s] DEBUG:colcon.colcon_installed_package_information.package_discovery:Found 315 installed packages in /opt/ros/humble
[0.203s] Level 1:colcon.colcon_core.package_discovery:discover_packages(prefix_path) using defaults
[0.226s] Level 5:colcon.colcon_core.verb:set package 'ros2_control_demo_description' build argument 'cmake_args' from command line to 'None'
[0.226s] Level 5:colcon.colcon_core.verb:set package 'ros2_control_demo_description' build argument 'cmake_target' from command line to 'None'
[0.226s] Level 5:colcon.colcon_core.verb:set package 'ros2_control_demo_description' build argument 'cmake_target_skip_unavailable' from command line to 'False'
[0.226s] Level 5:colcon.colcon_core.verb:set package 'ros2_control_demo_description' build argument 'cmake_clean_cache' from command line to 'False'
[0.226s] Level 5:colcon.colcon_core.verb:set package 'ros2_control_demo_description' build argument 'cmake_clean_first' from command line to 'False'
[0.226s] Level 5:colcon.colcon_core.verb:set package 'ros2_control_demo_description' build argument 'cmake_force_configure' from command line to 'False'
[0.226s] Level 5:colcon.colcon_core.verb:set package 'ros2_control_demo_description' build argument 'ament_cmake_args' from command line to 'None'
[0.226s] Level 5:colcon.colcon_core.verb:set package 'ros2_control_demo_description' build argument 'catkin_cmake_args' from command line to 'None'
[0.226s] Level 5:colcon.colcon_core.verb:set package 'ros2_control_demo_description' build argument 'catkin_skip_building_tests' from command line to 'False'
[0.226s] DEBUG:colcon.colcon_core.verb:Building package 'ros2_control_demo_description' with the following arguments: {'ament_cmake_args': None, 'build_base': '/home/szeyuan/Desktop/ros/ros_ws/build/ros2_control_demo_description', 'catkin_cmake_args': None, 'catkin_skip_building_tests': False, 'cmake_args': None, 'cmake_clean_cache': False, 'cmake_clean_first': False, 'cmake_force_configure': False, 'cmake_target': None, 'cmake_target_skip_unavailable': False, 'install_base': '/home/szeyuan/Desktop/ros/ros_ws/install/ros2_control_demo_description', 'merge_install': False, 'path': '/home/szeyuan/Desktop/ros/ros_ws/src/ros2_control_demo_description', 'symlink_install': False, 'test_result_base': None}
[0.226s] Level 5:colcon.colcon_core.verb:set package 'usb_cam' build argument 'cmake_args' from command line to 'None'
[0.226s] Level 5:colcon.colcon_core.verb:set package 'usb_cam' build argument 'cmake_target' from command line to 'None'
[0.226s] Level 5:colcon.colcon_core.verb:set package 'usb_cam' build argument 'cmake_target_skip_unavailable' from command line to 'False'
[0.226s] Level 5:colcon.colcon_core.verb:set package 'usb_cam' build argument 'cmake_clean_cache' from command line to 'False'
[0.226s] Level 5:colcon.colcon_core.verb:set package 'usb_cam' build argument 'cmake_clean_first' from command line to 'False'
[0.226s] Level 5:colcon.colcon_core.verb:set package 'usb_cam' build argument 'cmake_force_configure' from command line to 'False'
[0.226s] Level 5:colcon.colcon_core.verb:set package 'usb_cam' build argument 'ament_cmake_args' from command line to 'None'
[0.226s] Level 5:colcon.colcon_core.verb:set package 'usb_cam' build argument 'catkin_cmake_args' from command line to 'None'
[0.226s] Level 5:colcon.colcon_core.verb:set package 'usb_cam' build argument 'catkin_skip_building_tests' from command line to 'False'
[0.226s] DEBUG:colcon.colcon_core.verb:Building package 'usb_cam' with the following arguments: {'ament_cmake_args': None, 'build_base': '/home/szeyuan/Desktop/ros/ros_ws/build/usb_cam', 'catkin_cmake_args': None, 'catkin_skip_building_tests': False, 'cmake_args': None, 'cmake_clean_cache': False, 'cmake_clean_first': False, 'cmake_force_configure': False, 'cmake_target': None, 'cmake_target_skip_unavailable': False, 'install_base': '/home/szeyuan/Desktop/ros/ros_ws/install/usb_cam', 'merge_install': False, 'path': '/home/szeyuan/Desktop/ros/ros_ws/src/usb_cam', 'symlink_install': False, 'test_result_base': None}
[0.226s] Level 5:colcon.colcon_core.verb:set package 'v4l2_camera' build argument 'cmake_args' from command line to 'None'
[0.226s] Level 5:colcon.colcon_core.verb:set package 'v4l2_camera' build argument 'cmake_target' from command line to 'None'
[0.226s] Level 5:colcon.colcon_core.verb:set package 'v4l2_camera' build argument 'cmake_target_skip_unavailable' from command line to 'False'
[0.226s] Level 5:colcon.colcon_core.verb:set package 'v4l2_camera' build argument 'cmake_clean_cache' from command line to 'False'
[0.226s] Level 5:colcon.colcon_core.verb:set package 'v4l2_camera' build argument 'cmake_clean_first' from command line to 'False'
[0.226s] Level 5:colcon.colcon_core.verb:set package 'v4l2_camera' build argument 'cmake_force_configure' from command line to 'False'
[0.226s] Level 5:colcon.colcon_core.verb:set package 'v4l2_camera' build argument 'ament_cmake_args' from command line to 'None'
[0.226s] Level 5:colcon.colcon_core.verb:set package 'v4l2_camera' build argument 'catkin_cmake_args' from command line to 'None'
[0.226s] Level 5:colcon.colcon_core.verb:set package 'v4l2_camera' build argument 'catkin_skip_building_tests' from command line to 'False'
[0.226s] DEBUG:colcon.colcon_core.verb:Building package 'v4l2_camera' with the following arguments: {'ament_cmake_args': None, 'build_base': '/home/szeyuan/Desktop/ros/ros_ws/build/v4l2_camera', 'catkin_cmake_args': None, 'catkin_skip_building_tests': False, 'cmake_args': None, 'cmake_clean_cache': False, 'cmake_clean_first': False, 'cmake_force_configure': False, 'cmake_target': None, 'cmake_target_skip_unavailable': False, 'install_base': '/home/szeyuan/Desktop/ros/ros_ws/install/v4l2_camera', 'merge_install': False, 'path': '/home/szeyuan/Desktop/ros/ros_ws/src/ros2_v4l2_camera', 'symlink_install': False, 'test_result_base': None}
[0.227s] Level 5:colcon.colcon_core.verb:set package 'ros2_control_demo_example_1' build argument 'cmake_args' from command line to 'None'
[0.227s] Level 5:colcon.colcon_core.verb:set package 'ros2_control_demo_example_1' build argument 'cmake_target' from command line to 'None'
[0.227s] Level 5:colcon.colcon_core.verb:set package 'ros2_control_demo_example_1' build argument 'cmake_target_skip_unavailable' from command line to 'False'
[0.227s] Level 5:colcon.colcon_core.verb:set package 'ros2_control_demo_example_1' build argument 'cmake_clean_cache' from command line to 'False'
[0.227s] Level 5:colcon.colcon_core.verb:set package 'ros2_control_demo_example_1' build argument 'cmake_clean_first' from command line to 'False'
[0.227s] Level 5:colcon.colcon_core.verb:set package 'ros2_control_demo_example_1' build argument 'cmake_force_configure' from command line to 'False'
[0.227s] Level 5:colcon.colcon_core.verb:set package 'ros2_control_demo_example_1' build argument 'ament_cmake_args' from command line to 'None'
[0.227s] Level 5:colcon.colcon_core.verb:set package 'ros2_control_demo_example_1' build argument 'catkin_cmake_args' from command line to 'None'
[0.227s] Level 5:colcon.colcon_core.verb:set package 'ros2_control_demo_example_1' build argument 'catkin_skip_building_tests' from command line to 'False'
[0.227s] DEBUG:colcon.colcon_core.verb:Building package 'ros2_control_demo_example_1' with the following arguments: {'ament_cmake_args': None, 'build_base': '/home/szeyuan/Desktop/ros/ros_ws/build/ros2_control_demo_example_1', 'catkin_cmake_args': None, 'catkin_skip_building_tests': False, 'cmake_args': None, 'cmake_clean_cache': False, 'cmake_clean_first': False, 'cmake_force_configure': False, 'cmake_target': None, 'cmake_target_skip_unavailable': False, 'install_base': '/home/szeyuan/Desktop/ros/ros_ws/install/ros2_control_demo_example_1', 'merge_install': False, 'path': '/home/szeyuan/Desktop/ros/ros_ws/src/example_1', 'symlink_install': False, 'test_result_base': None}
[0.227s] INFO:colcon.colcon_core.executor:Executing jobs using 'parallel' executor
[0.227s] DEBUG:colcon.colcon_parallel_executor.executor.parallel:run_until_complete
[0.228s] INFO:colcon.colcon_ros.task.ament_cmake.build:Building ROS package in '/home/szeyuan/Desktop/ros/ros_ws/src/ros2_control_demo_description' with build type 'ament_cmake'
[0.228s] INFO:colcon.colcon_cmake.task.cmake.build:Building CMake package in '/home/szeyuan/Desktop/ros/ros_ws/src/ros2_control_demo_description'
[0.229s] INFO:colcon.colcon_core.plugin_system:Skipping extension 'colcon_core.shell.bat': Not used on non-Windows systems
[0.229s] INFO:colcon.colcon_core.shell:Skip shell extension 'powershell' for command environment: Not usable outside of PowerShell
[0.229s] DEBUG:colcon.colcon_core.shell:Skip shell extension 'dsv' for command environment
[0.231s] INFO:colcon.colcon_ros.task.ament_cmake.build:Building ROS package in '/home/szeyuan/Desktop/ros/ros_ws/src/usb_cam' with build type 'ament_cmake'
[0.231s] INFO:colcon.colcon_cmake.task.cmake.build:Building CMake package in '/home/szeyuan/Desktop/ros/ros_ws/src/usb_cam'
[0.231s] INFO:colcon.colcon_core.shell:Skip shell extension 'powershell' for command environment: Not usable outside of PowerShell
[0.231s] DEBUG:colcon.colcon_core.shell:Skip shell extension 'dsv' for command environment
[0.233s] INFO:colcon.colcon_ros.task.ament_cmake.build:Building ROS package in '/home/szeyuan/Desktop/ros/ros_ws/src/ros2_v4l2_camera' with build type 'ament_cmake'
[0.233s] INFO:colcon.colcon_cmake.task.cmake.build:Building CMake package in '/home/szeyuan/Desktop/ros/ros_ws/src/ros2_v4l2_camera'
[0.233s] INFO:colcon.colcon_core.shell:Skip shell extension 'powershell' for command environment: Not usable outside of PowerShell
[0.233s] DEBUG:colcon.colcon_core.shell:Skip shell extension 'dsv' for command environment
[0.238s] DEBUG:colcon.colcon_core.event_handler.log_command:Invoking command in '/home/szeyuan/Desktop/ros/ros_ws/build/ros2_control_demo_description': CMAKE_PREFIX_PATH=${CMAKE_PREFIX_PATH}:/opt/ros/humble /usr/bin/cmake --build /home/szeyuan/Desktop/ros/ros_ws/build/ros2_control_demo_description -- -j16 -l16
[0.240s] DEBUG:colcon.colcon_core.event_handler.log_command:Invoking command in '/home/szeyuan/Desktop/ros/ros_ws/build/usb_cam': CMAKE_PREFIX_PATH=${CMAKE_PREFIX_PATH}:/opt/ros/humble /usr/bin/cmake --build /home/szeyuan/Desktop/ros/ros_ws/build/usb_cam -- -j16 -l16
[0.241s] DEBUG:colcon.colcon_core.event_handler.log_command:Invoking command in '/home/szeyuan/Desktop/ros/ros_ws/build/v4l2_camera': CMAKE_PREFIX_PATH=${CMAKE_PREFIX_PATH}:/opt/ros/humble /usr/bin/cmake /home/szeyuan/Desktop/ros/ros_ws/src/ros2_v4l2_camera -DCMAKE_INSTALL_PREFIX=/home/szeyuan/Desktop/ros/ros_ws/install/v4l2_camera
[0.261s] DEBUG:colcon.colcon_core.event_handler.log_command:Invoked command in '/home/szeyuan/Desktop/ros/ros_ws/build/ros2_control_demo_description' returned '0': CMAKE_PREFIX_PATH=${CMAKE_PREFIX_PATH}:/opt/ros/humble /usr/bin/cmake --build /home/szeyuan/Desktop/ros/ros_ws/build/ros2_control_demo_description -- -j16 -l16
[0.280s] DEBUG:colcon.colcon_core.event_handler.log_command:Invoking command in '/home/szeyuan/Desktop/ros/ros_ws/build/ros2_control_demo_description': CMAKE_PREFIX_PATH=${CMAKE_PREFIX_PATH}:/opt/ros/humble /usr/bin/cmake --install /home/szeyuan/Desktop/ros/ros_ws/build/ros2_control_demo_description
[0.294s] Level 1:colcon.colcon_core.environment:create_environment_scripts_only(ros2_control_demo_description)
[0.295s] DEBUG:colcon.colcon_core.event_handler.log_command:Invoked command in '/home/szeyuan/Desktop/ros/ros_ws/build/ros2_control_demo_description' returned '0': CMAKE_PREFIX_PATH=${CMAKE_PREFIX_PATH}:/opt/ros/humble /usr/bin/cmake --install /home/szeyuan/Desktop/ros/ros_ws/build/ros2_control_demo_description
[0.296s] Level 1:colcon.colcon_core.environment:checking '/home/szeyuan/Desktop/ros/ros_ws/install/ros2_control_demo_description' for CMake module files
[0.297s] Level 1:colcon.colcon_core.environment:checking '/home/szeyuan/Desktop/ros/ros_ws/install/ros2_control_demo_description' for CMake config files
[0.297s] Level 1:colcon.colcon_core.shell:create_environment_hook('ros2_control_demo_description', 'cmake_prefix_path')
[0.297s] INFO:colcon.colcon_core.shell:Creating environment hook '/home/szeyuan/Desktop/ros/ros_ws/install/ros2_control_demo_description/share/ros2_control_demo_description/hook/cmake_prefix_path.ps1'
[0.297s] INFO:colcon.colcon_core.shell:Creating environment descriptor '/home/szeyuan/Desktop/ros/ros_ws/install/ros2_control_demo_description/share/ros2_control_demo_description/hook/cmake_prefix_path.dsv'
[0.298s] INFO:colcon.colcon_core.shell:Creating environment hook '/home/szeyuan/Desktop/ros/ros_ws/install/ros2_control_demo_description/share/ros2_control_demo_description/hook/cmake_prefix_path.sh'
[0.298s] Level 1:colcon.colcon_core.environment:checking '/home/szeyuan/Desktop/ros/ros_ws/install/ros2_control_demo_description/bin'
[0.298s] Level 1:colcon.colcon_core.environment:checking '/home/szeyuan/Desktop/ros/ros_ws/install/ros2_control_demo_description/lib/pkgconfig/ros2_control_demo_description.pc'
[0.298s] Level 1:colcon.colcon_core.environment:checking '/home/szeyuan/Desktop/ros/ros_ws/install/ros2_control_demo_description/lib/python3.10/site-packages'
[0.299s] Level 1:colcon.colcon_core.environment:checking '/home/szeyuan/Desktop/ros/ros_ws/install/ros2_control_demo_description/bin'
[0.299s] INFO:colcon.colcon_core.shell:Creating package script '/home/szeyuan/Desktop/ros/ros_ws/install/ros2_control_demo_description/share/ros2_control_demo_description/package.ps1'
[0.299s] INFO:colcon.colcon_core.shell:Creating package descriptor '/home/szeyuan/Desktop/ros/ros_ws/install/ros2_control_demo_description/share/ros2_control_demo_description/package.dsv'
[0.300s] INFO:colcon.colcon_core.shell:Creating package script '/home/szeyuan/Desktop/ros/ros_ws/install/ros2_control_demo_description/share/ros2_control_demo_description/package.sh'
[0.300s] INFO:colcon.colcon_core.shell:Creating package script '/home/szeyuan/Desktop/ros/ros_ws/install/ros2_control_demo_description/share/ros2_control_demo_description/package.bash'
[0.301s] INFO:colcon.colcon_core.shell:Creating package script '/home/szeyuan/Desktop/ros/ros_ws/install/ros2_control_demo_description/share/ros2_control_demo_description/package.zsh'
[0.301s] Level 1:colcon.colcon_core.environment:create_file_with_runtime_dependencies(/home/szeyuan/Desktop/ros/ros_ws/install/ros2_control_demo_description/share/colcon-core/packages/ros2_control_demo_description)
[0.302s] DEBUG:colcon.colcon_core.event_handler.log_command:Invoked command in '/home/szeyuan/Desktop/ros/ros_ws/build/usb_cam' returned '0': CMAKE_PREFIX_PATH=${CMAKE_PREFIX_PATH}:/opt/ros/humble /usr/bin/cmake --build /home/szeyuan/Desktop/ros/ros_ws/build/usb_cam -- -j16 -l16
[0.315s] Level 1:colcon.colcon_core.environment:create_environment_scripts_only(ros2_control_demo_description)
[0.315s] Level 1:colcon.colcon_core.environment:checking '/home/szeyuan/Desktop/ros/ros_ws/install/ros2_control_demo_description' for CMake module files
[0.316s] Level 1:colcon.colcon_core.environment:checking '/home/szeyuan/Desktop/ros/ros_ws/install/ros2_control_demo_description' for CMake config files
[0.316s] Level 1:colcon.colcon_core.shell:create_environment_hook('ros2_control_demo_description', 'cmake_prefix_path')
[0.316s] INFO:colcon.colcon_core.shell:Creating environment hook '/home/szeyuan/Desktop/ros/ros_ws/install/ros2_control_demo_description/share/ros2_control_demo_description/hook/cmake_prefix_path.ps1'
[0.316s] INFO:colcon.colcon_core.shell:Creating environment descriptor '/home/szeyuan/Desktop/ros/ros_ws/install/ros2_control_demo_description/share/ros2_control_demo_description/hook/cmake_prefix_path.dsv'
[0.317s] INFO:colcon.colcon_core.shell:Creating environment hook '/home/szeyuan/Desktop/ros/ros_ws/install/ros2_control_demo_description/share/ros2_control_demo_description/hook/cmake_prefix_path.sh'
[0.317s] Level 1:colcon.colcon_core.environment:checking '/home/szeyuan/Desktop/ros/ros_ws/install/ros2_control_demo_description/bin'
[0.317s] Level 1:colcon.colcon_core.environment:checking '/home/szeyuan/Desktop/ros/ros_ws/install/ros2_control_demo_description/lib/pkgconfig/ros2_control_demo_description.pc'
[0.317s] Level 1:colcon.colcon_core.environment:checking '/home/szeyuan/Desktop/ros/ros_ws/install/ros2_control_demo_description/lib/python3.10/site-packages'
[0.317s] Level 1:colcon.colcon_core.environment:checking '/home/szeyuan/Desktop/ros/ros_ws/install/ros2_control_demo_description/bin'
[0.318s] INFO:colcon.colcon_core.shell:Creating package script '/home/szeyuan/Desktop/ros/ros_ws/install/ros2_control_demo_description/share/ros2_control_demo_description/package.ps1'
[0.318s] INFO:colcon.colcon_core.shell:Creating package descriptor '/home/szeyuan/Desktop/ros/ros_ws/install/ros2_control_demo_description/share/ros2_control_demo_description/package.dsv'
[0.318s] INFO:colcon.colcon_core.shell:Creating package script '/home/szeyuan/Desktop/ros/ros_ws/install/ros2_control_demo_description/share/ros2_control_demo_description/package.sh'
[0.319s] INFO:colcon.colcon_core.shell:Creating package script '/home/szeyuan/Desktop/ros/ros_ws/install/ros2_control_demo_description/share/ros2_control_demo_description/package.bash'
[0.319s] INFO:colcon.colcon_core.shell:Creating package script '/home/szeyuan/Desktop/ros/ros_ws/install/ros2_control_demo_description/share/ros2_control_demo_description/package.zsh'
[0.319s] Level 1:colcon.colcon_core.environment:create_file_with_runtime_dependencies(/home/szeyuan/Desktop/ros/ros_ws/install/ros2_control_demo_description/share/colcon-core/packages/ros2_control_demo_description)
[0.319s] INFO:colcon.colcon_ros.task.ament_cmake.build:Building ROS package in '/home/szeyuan/Desktop/ros/ros_ws/src/example_1' with build type 'ament_cmake'
[0.319s] INFO:colcon.colcon_cmake.task.cmake.build:Building CMake package in '/home/szeyuan/Desktop/ros/ros_ws/src/example_1'
[0.320s] INFO:colcon.colcon_core.shell:Skip shell extension 'powershell' for command environment: Not usable outside of PowerShell
[0.320s] DEBUG:colcon.colcon_core.shell:Skip shell extension 'dsv' for command environment
[0.325s] DEBUG:colcon.colcon_core.event_handler.log_command:Invoking command in '/home/szeyuan/Desktop/ros/ros_ws/build/ros2_control_demo_example_1': CMAKE_PREFIX_PATH=/home/szeyuan/Desktop/ros/ros_ws/install/ros2_control_demo_description:/home/szeyuan/Desktop/ros/ros_ws/install/usb_cam:/home/szeyuan/Desktop/ros/ros_ws/install/ros2_control_demo_example_1:/opt/ros/humble /usr/bin/cmake --build /home/szeyuan/Desktop/ros/ros_ws/build/ros2_control_demo_example_1 -- -j16 -l16
[0.328s] DEBUG:colcon.colcon_core.event_handler.log_command:Invoking command in '/home/szeyuan/Desktop/ros/ros_ws/build/usb_cam': CMAKE_PREFIX_PATH=${CMAKE_PREFIX_PATH}:/opt/ros/humble /usr/bin/cmake --install /home/szeyuan/Desktop/ros/ros_ws/build/usb_cam
[0.342s] Level 1:colcon.colcon_core.environment:create_environment_scripts_only(usb_cam)
[0.343s] Level 1:colcon.colcon_core.environment:checking '/home/szeyuan/Desktop/ros/ros_ws/install/usb_cam' for CMake module files
[0.343s] DEBUG:colcon.colcon_core.event_handler.log_command:Invoked command in '/home/szeyuan/Desktop/ros/ros_ws/build/usb_cam' returned '0': CMAKE_PREFIX_PATH=${CMAKE_PREFIX_PATH}:/opt/ros/humble /usr/bin/cmake --install /home/szeyuan/Desktop/ros/ros_ws/build/usb_cam
[0.343s] Level 1:colcon.colcon_core.environment:checking '/home/szeyuan/Desktop/ros/ros_ws/install/usb_cam' for CMake config files
[0.343s] Level 1:colcon.colcon_core.shell:create_environment_hook('usb_cam', 'cmake_prefix_path')
[0.344s] INFO:colcon.colcon_core.shell:Creating environment hook '/home/szeyuan/Desktop/ros/ros_ws/install/usb_cam/share/usb_cam/hook/cmake_prefix_path.ps1'
[0.344s] INFO:colcon.colcon_core.shell:Creating environment descriptor '/home/szeyuan/Desktop/ros/ros_ws/install/usb_cam/share/usb_cam/hook/cmake_prefix_path.dsv'
[0.344s] INFO:colcon.colcon_core.shell:Creating environment hook '/home/szeyuan/Desktop/ros/ros_ws/install/usb_cam/share/usb_cam/hook/cmake_prefix_path.sh'
[0.344s] Level 1:colcon.colcon_core.environment:checking '/home/szeyuan/Desktop/ros/ros_ws/install/usb_cam/lib'
[0.345s] Level 1:colcon.colcon_core.shell:create_environment_hook('usb_cam', 'ld_library_path_lib')
[0.345s] INFO:colcon.colcon_core.shell:Creating environment hook '/home/szeyuan/Desktop/ros/ros_ws/install/usb_cam/share/usb_cam/hook/ld_library_path_lib.ps1'
[0.345s] INFO:colcon.colcon_core.shell:Creating environment descriptor '/home/szeyuan/Desktop/ros/ros_ws/install/usb_cam/share/usb_cam/hook/ld_library_path_lib.dsv'
[0.345s] INFO:colcon.colcon_core.shell:Creating environment hook '/home/szeyuan/Desktop/ros/ros_ws/install/usb_cam/share/usb_cam/hook/ld_library_path_lib.sh'
[0.345s] Level 1:colcon.colcon_core.environment:checking '/home/szeyuan/Desktop/ros/ros_ws/install/usb_cam/bin'
[0.345s] Level 1:colcon.colcon_core.environment:checking '/home/szeyuan/Desktop/ros/ros_ws/install/usb_cam/lib/pkgconfig/usb_cam.pc'
[0.345s] Level 1:colcon.colcon_core.environment:checking '/home/szeyuan/Desktop/ros/ros_ws/install/usb_cam/lib/python3.10/site-packages'
[0.346s] Level 1:colcon.colcon_core.environment:checking '/home/szeyuan/Desktop/ros/ros_ws/install/usb_cam/bin'
[0.346s] INFO:colcon.colcon_core.shell:Creating package script '/home/szeyuan/Desktop/ros/ros_ws/install/usb_cam/share/usb_cam/package.ps1'
[0.346s] INFO:colcon.colcon_core.shell:Creating package descriptor '/home/szeyuan/Desktop/ros/ros_ws/install/usb_cam/share/usb_cam/package.dsv'
[0.346s] INFO:colcon.colcon_core.shell:Creating package script '/home/szeyuan/Desktop/ros/ros_ws/install/usb_cam/share/usb_cam/package.sh'
[0.346s] INFO:colcon.colcon_core.shell:Creating package script '/home/szeyuan/Desktop/ros/ros_ws/install/usb_cam/share/usb_cam/package.bash'
[0.347s] INFO:colcon.colcon_core.shell:Creating package script '/home/szeyuan/Desktop/ros/ros_ws/install/usb_cam/share/usb_cam/package.zsh'
[0.347s] Level 1:colcon.colcon_core.environment:create_file_with_runtime_dependencies(/home/szeyuan/Desktop/ros/ros_ws/install/usb_cam/share/colcon-core/packages/usb_cam)
[0.365s] DEBUG:colcon.colcon_core.event_handler.log_command:Invoked command in '/home/szeyuan/Desktop/ros/ros_ws/build/ros2_control_demo_example_1' returned '0': CMAKE_PREFIX_PATH=/home/szeyuan/Desktop/ros/ros_ws/install/ros2_control_demo_description:/home/szeyuan/Desktop/ros/ros_ws/install/usb_cam:/home/szeyuan/Desktop/ros/ros_ws/install/ros2_control_demo_example_1:/opt/ros/humble /usr/bin/cmake --build /home/szeyuan/Desktop/ros/ros_ws/build/ros2_control_demo_example_1 -- -j16 -l16
[0.371s] Level 1:colcon.colcon_core.environment:create_environment_scripts_only(usb_cam)
[0.371s] Level 1:colcon.colcon_core.environment:checking '/home/szeyuan/Desktop/ros/ros_ws/install/usb_cam' for CMake module files
[0.371s] Level 1:colcon.colcon_core.environment:checking '/home/szeyuan/Desktop/ros/ros_ws/install/usb_cam' for CMake config files
[0.372s] Level 1:colcon.colcon_core.shell:create_environment_hook('usb_cam', 'cmake_prefix_path')
[0.372s] INFO:colcon.colcon_core.shell:Creating environment hook '/home/szeyuan/Desktop/ros/ros_ws/install/usb_cam/share/usb_cam/hook/cmake_prefix_path.ps1'
[0.372s] INFO:colcon.colcon_core.shell:Creating environment descriptor '/home/szeyuan/Desktop/ros/ros_ws/install/usb_cam/share/usb_cam/hook/cmake_prefix_path.dsv'
[0.372s] INFO:colcon.colcon_core.shell:Creating environment hook '/home/szeyuan/Desktop/ros/ros_ws/install/usb_cam/share/usb_cam/hook/cmake_prefix_path.sh'
[0.373s] Level 1:colcon.colcon_core.environment:checking '/home/szeyuan/Desktop/ros/ros_ws/install/usb_cam/lib'
[0.373s] Level 1:colcon.colcon_core.shell:create_environment_hook('usb_cam', 'ld_library_path_lib')
[0.373s] INFO:colcon.colcon_core.shell:Creating environment hook '/home/szeyuan/Desktop/ros/ros_ws/install/usb_cam/share/usb_cam/hook/ld_library_path_lib.ps1'
[0.373s] INFO:colcon.colcon_core.shell:Creating environment descriptor '/home/szeyuan/Desktop/ros/ros_ws/install/usb_cam/share/usb_cam/hook/ld_library_path_lib.dsv'
[0.373s] INFO:colcon.colcon_core.shell:Creating environment hook '/home/szeyuan/Desktop/ros/ros_ws/install/usb_cam/share/usb_cam/hook/ld_library_path_lib.sh'
[0.374s] Level 1:colcon.colcon_core.environment:checking '/home/szeyuan/Desktop/ros/ros_ws/install/usb_cam/bin'
[0.374s] Level 1:colcon.colcon_core.environment:checking '/home/szeyuan/Desktop/ros/ros_ws/install/usb_cam/lib/pkgconfig/usb_cam.pc'
[0.374s] Level 1:colcon.colcon_core.environment:checking '/home/szeyuan/Desktop/ros/ros_ws/install/usb_cam/lib/python3.10/site-packages'
[0.374s] Level 1:colcon.colcon_core.environment:checking '/home/szeyuan/Desktop/ros/ros_ws/install/usb_cam/bin'
[0.375s] INFO:colcon.colcon_core.shell:Creating package script '/home/szeyuan/Desktop/ros/ros_ws/install/usb_cam/share/usb_cam/package.ps1'
[0.375s] INFO:colcon.colcon_core.shell:Creating package descriptor '/home/szeyuan/Desktop/ros/ros_ws/install/usb_cam/share/usb_cam/package.dsv'
[0.376s] INFO:colcon.colcon_core.shell:Creating package script '/home/szeyuan/Desktop/ros/ros_ws/install/usb_cam/share/usb_cam/package.sh'
[0.376s] INFO:colcon.colcon_core.shell:Creating package script '/home/szeyuan/Desktop/ros/ros_ws/install/usb_cam/share/usb_cam/package.bash'
[0.376s] INFO:colcon.colcon_core.shell:Creating package script '/home/szeyuan/Desktop/ros/ros_ws/install/usb_cam/share/usb_cam/package.zsh'
[0.377s] Level 1:colcon.colcon_core.environment:create_file_with_runtime_dependencies(/home/szeyuan/Desktop/ros/ros_ws/install/usb_cam/share/colcon-core/packages/usb_cam)
[0.381s] DEBUG:colcon.colcon_core.event_handler.log_command:Invoking command in '/home/szeyuan/Desktop/ros/ros_ws/build/ros2_control_demo_example_1': CMAKE_PREFIX_PATH=/home/szeyuan/Desktop/ros/ros_ws/install/ros2_control_demo_description:/home/szeyuan/Desktop/ros/ros_ws/install/usb_cam:/home/szeyuan/Desktop/ros/ros_ws/install/ros2_control_demo_example_1:/opt/ros/humble /usr/bin/cmake --install /home/szeyuan/Desktop/ros/ros_ws/build/ros2_control_demo_example_1
[0.396s] Level 1:colcon.colcon_core.environment:create_environment_scripts_only(ros2_control_demo_example_1)
[0.397s] Level 1:colcon.colcon_core.environment:checking '/home/szeyuan/Desktop/ros/ros_ws/install/ros2_control_demo_example_1' for CMake module files
[0.397s] DEBUG:colcon.colcon_core.event_handler.log_command:Invoked command in '/home/szeyuan/Desktop/ros/ros_ws/build/ros2_control_demo_example_1' returned '0': CMAKE_PREFIX_PATH=/home/szeyuan/Desktop/ros/ros_ws/install/ros2_control_demo_description:/home/szeyuan/Desktop/ros/ros_ws/install/usb_cam:/home/szeyuan/Desktop/ros/ros_ws/install/ros2_control_demo_example_1:/opt/ros/humble /usr/bin/cmake --install /home/szeyuan/Desktop/ros/ros_ws/build/ros2_control_demo_example_1
[0.397s] Level 1:colcon.colcon_core.environment:checking '/home/szeyuan/Desktop/ros/ros_ws/install/ros2_control_demo_example_1' for CMake config files
[0.397s] Level 1:colcon.colcon_core.shell:create_environment_hook('ros2_control_demo_example_1', 'cmake_prefix_path')
[0.398s] INFO:colcon.colcon_core.shell:Creating environment hook '/home/szeyuan/Desktop/ros/ros_ws/install/ros2_control_demo_example_1/share/ros2_control_demo_example_1/hook/cmake_prefix_path.ps1'
[0.398s] INFO:colcon.colcon_core.shell:Creating environment descriptor '/home/szeyuan/Desktop/ros/ros_ws/install/ros2_control_demo_example_1/share/ros2_control_demo_example_1/hook/cmake_prefix_path.dsv'
[0.398s] INFO:colcon.colcon_core.shell:Creating environment hook '/home/szeyuan/Desktop/ros/ros_ws/install/ros2_control_demo_example_1/share/ros2_control_demo_example_1/hook/cmake_prefix_path.sh'
[0.398s] Level 1:colcon.colcon_core.environment:checking '/home/szeyuan/Desktop/ros/ros_ws/install/ros2_control_demo_example_1/lib'
[0.398s] Level 1:colcon.colcon_core.shell:create_environment_hook('ros2_control_demo_example_1', 'ld_library_path_lib')
[0.399s] INFO:colcon.colcon_core.shell:Creating environment hook '/home/szeyuan/Desktop/ros/ros_ws/install/ros2_control_demo_example_1/share/ros2_control_demo_example_1/hook/ld_library_path_lib.ps1'
[0.399s] INFO:colcon.colcon_core.shell:Creating environment descriptor '/home/szeyuan/Desktop/ros/ros_ws/install/ros2_control_demo_example_1/share/ros2_control_demo_example_1/hook/ld_library_path_lib.dsv'
[0.399s] INFO:colcon.colcon_core.shell:Creating environment hook '/home/szeyuan/Desktop/ros/ros_ws/install/ros2_control_demo_example_1/share/ros2_control_demo_example_1/hook/ld_library_path_lib.sh'
[0.399s] Level 1:colcon.colcon_core.environment:checking '/home/szeyuan/Desktop/ros/ros_ws/install/ros2_control_demo_example_1/bin'
[0.399s] Level 1:colcon.colcon_core.environment:checking '/home/szeyuan/Desktop/ros/ros_ws/install/ros2_control_demo_example_1/lib/pkgconfig/ros2_control_demo_example_1.pc'
[0.400s] Level 1:colcon.colcon_core.environment:checking '/home/szeyuan/Desktop/ros/ros_ws/install/ros2_control_demo_example_1/lib/python3.10/site-packages'
[0.400s] Level 1:colcon.colcon_core.environment:checking '/home/szeyuan/Desktop/ros/ros_ws/install/ros2_control_demo_example_1/bin'
[0.400s] INFO:colcon.colcon_core.shell:Creating package script '/home/szeyuan/Desktop/ros/ros_ws/install/ros2_control_demo_example_1/share/ros2_control_demo_example_1/package.ps1'
[0.400s] INFO:colcon.colcon_core.shell:Creating package descriptor '/home/szeyuan/Desktop/ros/ros_ws/install/ros2_control_demo_example_1/share/ros2_control_demo_example_1/package.dsv'
[0.400s] INFO:colcon.colcon_core.shell:Creating package script '/home/szeyuan/Desktop/ros/ros_ws/install/ros2_control_demo_example_1/share/ros2_control_demo_example_1/package.sh'
[0.401s] INFO:colcon.colcon_core.shell:Creating package script '/home/szeyuan/Desktop/ros/ros_ws/install/ros2_control_demo_example_1/share/ros2_control_demo_example_1/package.bash'
[0.401s] INFO:colcon.colcon_core.shell:Creating package script '/home/szeyuan/Desktop/ros/ros_ws/install/ros2_control_demo_example_1/share/ros2_control_demo_example_1/package.zsh'
[0.401s] Level 1:colcon.colcon_core.environment:create_file_with_runtime_dependencies(/home/szeyuan/Desktop/ros/ros_ws/install/ros2_control_demo_example_1/share/colcon-core/packages/ros2_control_demo_example_1)
[0.417s] Level 1:colcon.colcon_core.environment:create_environment_scripts_only(ros2_control_demo_example_1)
[0.417s] Level 1:colcon.colcon_core.environment:checking '/home/szeyuan/Desktop/ros/ros_ws/install/ros2_control_demo_example_1' for CMake module files
[0.417s] Level 1:colcon.colcon_core.environment:checking '/home/szeyuan/Desktop/ros/ros_ws/install/ros2_control_demo_example_1' for CMake config files
[0.417s] Level 1:colcon.colcon_core.shell:create_environment_hook('ros2_control_demo_example_1', 'cmake_prefix_path')
[0.418s] INFO:colcon.colcon_core.shell:Creating environment hook '/home/szeyuan/Desktop/ros/ros_ws/install/ros2_control_demo_example_1/share/ros2_control_demo_example_1/hook/cmake_prefix_path.ps1'
[0.418s] INFO:colcon.colcon_core.shell:Creating environment descriptor '/home/szeyuan/Desktop/ros/ros_ws/install/ros2_control_demo_example_1/share/ros2_control_demo_example_1/hook/cmake_prefix_path.dsv'
[0.418s] INFO:colcon.colcon_core.shell:Creating environment hook '/home/szeyuan/Desktop/ros/ros_ws/install/ros2_control_demo_example_1/share/ros2_control_demo_example_1/hook/cmake_prefix_path.sh'
[0.418s] Level 1:colcon.colcon_core.environment:checking '/home/szeyuan/Desktop/ros/ros_ws/install/ros2_control_demo_example_1/lib'
[0.418s] Level 1:colcon.colcon_core.shell:create_environment_hook('ros2_control_demo_example_1', 'ld_library_path_lib')
[0.419s] INFO:colcon.colcon_core.shell:Creating environment hook '/home/szeyuan/Desktop/ros/ros_ws/install/ros2_control_demo_example_1/share/ros2_control_demo_example_1/hook/ld_library_path_lib.ps1'
[0.419s] INFO:colcon.colcon_core.shell:Creating environment descriptor '/home/szeyuan/Desktop/ros/ros_ws/install/ros2_control_demo_example_1/share/ros2_control_demo_example_1/hook/ld_library_path_lib.dsv'
[0.419s] INFO:colcon.colcon_core.shell:Creating environment hook '/home/szeyuan/Desktop/ros/ros_ws/install/ros2_control_demo_example_1/share/ros2_control_demo_example_1/hook/ld_library_path_lib.sh'
[0.419s] Level 1:colcon.colcon_core.environment:checking '/home/szeyuan/Desktop/ros/ros_ws/install/ros2_control_demo_example_1/bin'
[0.419s] Level 1:colcon.colcon_core.environment:checking '/home/szeyuan/Desktop/ros/ros_ws/install/ros2_control_demo_example_1/lib/pkgconfig/ros2_control_demo_example_1.pc'
[0.419s] Level 1:colcon.colcon_core.environment:checking '/home/szeyuan/Desktop/ros/ros_ws/install/ros2_control_demo_example_1/lib/python3.10/site-packages'
[0.419s] Level 1:colcon.colcon_core.environment:checking '/home/szeyuan/Desktop/ros/ros_ws/install/ros2_control_demo_example_1/bin'
[0.420s] INFO:colcon.colcon_core.shell:Creating package script '/home/szeyuan/Desktop/ros/ros_ws/install/ros2_control_demo_example_1/share/ros2_control_demo_example_1/package.ps1'
[0.420s] INFO:colcon.colcon_core.shell:Creating package descriptor '/home/szeyuan/Desktop/ros/ros_ws/install/ros2_control_demo_example_1/share/ros2_control_demo_example_1/package.dsv'
[0.420s] INFO:colcon.colcon_core.shell:Creating package script '/home/szeyuan/Desktop/ros/ros_ws/install/ros2_control_demo_example_1/share/ros2_control_demo_example_1/package.sh'
[0.420s] INFO:colcon.colcon_core.shell:Creating package script '/home/szeyuan/Desktop/ros/ros_ws/install/ros2_control_demo_example_1/share/ros2_control_demo_example_1/package.bash'
[0.421s] INFO:colcon.colcon_core.shell:Creating package script '/home/szeyuan/Desktop/ros/ros_ws/install/ros2_control_demo_example_1/share/ros2_control_demo_example_1/package.zsh'
[0.421s] Level 1:colcon.colcon_core.environment:create_file_with_runtime_dependencies(/home/szeyuan/Desktop/ros/ros_ws/install/ros2_control_demo_example_1/share/colcon-core/packages/ros2_control_demo_example_1)
[1.206s] DEBUG:colcon.colcon_core.event_handler.log_command:Invoked command in '/home/szeyuan/Desktop/ros/ros_ws/build/v4l2_camera' returned '0': CMAKE_PREFIX_PATH=${CMAKE_PREFIX_PATH}:/opt/ros/humble /usr/bin/cmake /home/szeyuan/Desktop/ros/ros_ws/src/ros2_v4l2_camera -DCMAKE_INSTALL_PREFIX=/home/szeyuan/Desktop/ros/ros_ws/install/v4l2_camera
[1.207s] DEBUG:colcon.colcon_core.event_handler.log_command:Invoking command in '/home/szeyuan/Desktop/ros/ros_ws/build/v4l2_camera': CMAKE_PREFIX_PATH=${CMAKE_PREFIX_PATH}:/opt/ros/humble /usr/bin/cmake --build /home/szeyuan/Desktop/ros/ros_ws/build/v4l2_camera -- -j16 -l16
[10.027s] DEBUG:colcon.colcon_core.event_handler.log_command:Invoked command in '/home/szeyuan/Desktop/ros/ros_ws/build/v4l2_camera' returned '0': CMAKE_PREFIX_PATH=${CMAKE_PREFIX_PATH}:/opt/ros/humble /usr/bin/cmake --build /home/szeyuan/Desktop/ros/ros_ws/build/v4l2_camera -- -j16 -l16
[10.048s] DEBUG:colcon.colcon_core.event_handler.log_command:Invoking command in '/home/szeyuan/Desktop/ros/ros_ws/build/v4l2_camera': CMAKE_PREFIX_PATH=${CMAKE_PREFIX_PATH}:/opt/ros/humble /usr/bin/cmake --install /home/szeyuan/Desktop/ros/ros_ws/build/v4l2_camera
[10.060s] Level 1:colcon.colcon_core.environment:create_environment_scripts_only(v4l2_camera)
[10.060s] Level 1:colcon.colcon_core.environment:checking '/home/szeyuan/Desktop/ros/ros_ws/install/v4l2_camera' for CMake module files
[10.060s] DEBUG:colcon.colcon_core.event_handler.log_command:Invoked command in '/home/szeyuan/Desktop/ros/ros_ws/build/v4l2_camera' returned '0': CMAKE_PREFIX_PATH=${CMAKE_PREFIX_PATH}:/opt/ros/humble /usr/bin/cmake --install /home/szeyuan/Desktop/ros/ros_ws/build/v4l2_camera
[10.061s] Level 1:colcon.colcon_core.environment:checking '/home/szeyuan/Desktop/ros/ros_ws/install/v4l2_camera' for CMake config files
[10.061s] Level 1:colcon.colcon_core.shell:create_environment_hook('v4l2_camera', 'cmake_prefix_path')
[10.061s] INFO:colcon.colcon_core.shell:Creating environment hook '/home/szeyuan/Desktop/ros/ros_ws/install/v4l2_camera/share/v4l2_camera/hook/cmake_prefix_path.ps1'
[10.061s] INFO:colcon.colcon_core.shell:Creating environment descriptor '/home/szeyuan/Desktop/ros/ros_ws/install/v4l2_camera/share/v4l2_camera/hook/cmake_prefix_path.dsv'
[10.061s] INFO:colcon.colcon_core.shell:Creating environment hook '/home/szeyuan/Desktop/ros/ros_ws/install/v4l2_camera/share/v4l2_camera/hook/cmake_prefix_path.sh'
[10.062s] Level 1:colcon.colcon_core.environment:checking '/home/szeyuan/Desktop/ros/ros_ws/install/v4l2_camera/lib'
[10.062s] Level 1:colcon.colcon_core.shell:create_environment_hook('v4l2_camera', 'ld_library_path_lib')
[10.062s] INFO:colcon.colcon_core.shell:Creating environment hook '/home/szeyuan/Desktop/ros/ros_ws/install/v4l2_camera/share/v4l2_camera/hook/ld_library_path_lib.ps1'
[10.062s] INFO:colcon.colcon_core.shell:Creating environment descriptor '/home/szeyuan/Desktop/ros/ros_ws/install/v4l2_camera/share/v4l2_camera/hook/ld_library_path_lib.dsv'
[10.062s] INFO:colcon.colcon_core.shell:Creating environment hook '/home/szeyuan/Desktop/ros/ros_ws/install/v4l2_camera/share/v4l2_camera/hook/ld_library_path_lib.sh'
[10.062s] Level 1:colcon.colcon_core.environment:checking '/home/szeyuan/Desktop/ros/ros_ws/install/v4l2_camera/bin'
[10.062s] Level 1:colcon.colcon_core.environment:checking '/home/szeyuan/Desktop/ros/ros_ws/install/v4l2_camera/lib/pkgconfig/v4l2_camera.pc'
[10.062s] Level 1:colcon.colcon_core.environment:checking '/home/szeyuan/Desktop/ros/ros_ws/install/v4l2_camera/lib/python3.10/site-packages'
[10.063s] Level 1:colcon.colcon_core.environment:checking '/home/szeyuan/Desktop/ros/ros_ws/install/v4l2_camera/bin'
[10.063s] INFO:colcon.colcon_core.shell:Creating package script '/home/szeyuan/Desktop/ros/ros_ws/install/v4l2_camera/share/v4l2_camera/package.ps1'
[10.063s] INFO:colcon.colcon_core.shell:Creating package descriptor '/home/szeyuan/Desktop/ros/ros_ws/install/v4l2_camera/share/v4l2_camera/package.dsv'
[10.063s] INFO:colcon.colcon_core.shell:Creating package script '/home/szeyuan/Desktop/ros/ros_ws/install/v4l2_camera/share/v4l2_camera/package.sh'
[10.063s] INFO:colcon.colcon_core.shell:Creating package script '/home/szeyuan/Desktop/ros/ros_ws/install/v4l2_camera/share/v4l2_camera/package.bash'
[10.064s] INFO:colcon.colcon_core.shell:Creating package script '/home/szeyuan/Desktop/ros/ros_ws/install/v4l2_camera/share/v4l2_camera/package.zsh'
[10.064s] Level 1:colcon.colcon_core.environment:create_file_with_runtime_dependencies(/home/szeyuan/Desktop/ros/ros_ws/install/v4l2_camera/share/colcon-core/packages/v4l2_camera)
[10.084s] Level 1:colcon.colcon_core.environment:create_environment_scripts_only(v4l2_camera)
[10.084s] Level 1:colcon.colcon_core.environment:checking '/home/szeyuan/Desktop/ros/ros_ws/install/v4l2_camera' for CMake module files
[10.084s] Level 1:colcon.colcon_core.environment:checking '/home/szeyuan/Desktop/ros/ros_ws/install/v4l2_camera' for CMake config files
[10.084s] Level 1:colcon.colcon_core.shell:create_environment_hook('v4l2_camera', 'cmake_prefix_path')
[10.085s] INFO:colcon.colcon_core.shell:Creating environment hook '/home/szeyuan/Desktop/ros/ros_ws/install/v4l2_camera/share/v4l2_camera/hook/cmake_prefix_path.ps1'
[10.085s] INFO:colcon.colcon_core.shell:Creating environment descriptor '/home/szeyuan/Desktop/ros/ros_ws/install/v4l2_camera/share/v4l2_camera/hook/cmake_prefix_path.dsv'
[10.085s] INFO:colcon.colcon_core.shell:Creating environment hook '/home/szeyuan/Desktop/ros/ros_ws/install/v4l2_camera/share/v4l2_camera/hook/cmake_prefix_path.sh'
[10.085s] Level 1:colcon.colcon_core.environment:checking '/home/szeyuan/Desktop/ros/ros_ws/install/v4l2_camera/lib'
[10.085s] Level 1:colcon.colcon_core.shell:create_environment_hook('v4l2_camera', 'ld_library_path_lib')
[10.085s] INFO:colcon.colcon_core.shell:Creating environment hook '/home/szeyuan/Desktop/ros/ros_ws/install/v4l2_camera/share/v4l2_camera/hook/ld_library_path_lib.ps1'
[10.086s] INFO:colcon.colcon_core.shell:Creating environment descriptor '/home/szeyuan/Desktop/ros/ros_ws/install/v4l2_camera/share/v4l2_camera/hook/ld_library_path_lib.dsv'
[10.086s] INFO:colcon.colcon_core.shell:Creating environment hook '/home/szeyuan/Desktop/ros/ros_ws/install/v4l2_camera/share/v4l2_camera/hook/ld_library_path_lib.sh'
[10.086s] Level 1:colcon.colcon_core.environment:checking '/home/szeyuan/Desktop/ros/ros_ws/install/v4l2_camera/bin'
[10.086s] Level 1:colcon.colcon_core.environment:checking '/home/szeyuan/Desktop/ros/ros_ws/install/v4l2_camera/lib/pkgconfig/v4l2_camera.pc'
[10.086s] Level 1:colcon.colcon_core.environment:checking '/home/szeyuan/Desktop/ros/ros_ws/install/v4l2_camera/lib/python3.10/site-packages'
[10.086s] Level 1:colcon.colcon_core.environment:checking '/home/szeyuan/Desktop/ros/ros_ws/install/v4l2_camera/bin'
[10.086s] INFO:colcon.colcon_core.shell:Creating package script '/home/szeyuan/Desktop/ros/ros_ws/install/v4l2_camera/share/v4l2_camera/package.ps1'
[10.087s] INFO:colcon.colcon_core.shell:Creating package descriptor '/home/szeyuan/Desktop/ros/ros_ws/install/v4l2_camera/share/v4l2_camera/package.dsv'
[10.087s] INFO:colcon.colcon_core.shell:Creating package script '/home/szeyuan/Desktop/ros/ros_ws/install/v4l2_camera/share/v4l2_camera/package.sh'
[10.087s] INFO:colcon.colcon_core.shell:Creating package script '/home/szeyuan/Desktop/ros/ros_ws/install/v4l2_camera/share/v4l2_camera/package.bash'
[10.088s] INFO:colcon.colcon_core.shell:Creating package script '/home/szeyuan/Desktop/ros/ros_ws/install/v4l2_camera/share/v4l2_camera/package.zsh'
[10.088s] Level 1:colcon.colcon_core.environment:create_file_with_runtime_dependencies(/home/szeyuan/Desktop/ros/ros_ws/install/v4l2_camera/share/colcon-core/packages/v4l2_camera)
[10.088s] DEBUG:colcon.colcon_parallel_executor.executor.parallel:closing loop
[10.088s] DEBUG:colcon.colcon_parallel_executor.executor.parallel:loop closed
[10.088s] DEBUG:colcon.colcon_parallel_executor.executor.parallel:run_until_complete finished with '0'
[10.088s] DEBUG:colcon.colcon_core.event_reactor:joining thread
[10.092s] INFO:colcon.colcon_core.plugin_system:Skipping extension 'colcon_notification.desktop_notification.terminal_notifier': Not used on non-Darwin systems
[10.092s] INFO:colcon.colcon_core.plugin_system:Skipping extension 'colcon_notification.desktop_notification.win32': Not used on non-Windows systems
[10.092s] INFO:colcon.colcon_notification.desktop_notification:Sending desktop notification using 'notify2'
[10.103s] DEBUG:colcon.colcon_core.event_reactor:joined thread
[10.103s] INFO:colcon.colcon_core.shell:Creating prefix script '/home/szeyuan/Desktop/ros/ros_ws/install/local_setup.ps1'
[10.104s] INFO:colcon.colcon_core.shell:Creating prefix util module '/home/szeyuan/Desktop/ros/ros_ws/install/_local_setup_util_ps1.py'
[10.105s] INFO:colcon.colcon_core.shell:Creating prefix chain script '/home/szeyuan/Desktop/ros/ros_ws/install/setup.ps1'
[10.105s] INFO:colcon.colcon_core.shell:Creating prefix script '/home/szeyuan/Desktop/ros/ros_ws/install/local_setup.sh'
[10.105s] INFO:colcon.colcon_core.shell:Creating prefix util module '/home/szeyuan/Desktop/ros/ros_ws/install/_local_setup_util_sh.py'
[10.106s] INFO:colcon.colcon_core.shell:Creating prefix chain script '/home/szeyuan/Desktop/ros/ros_ws/install/setup.sh'
[10.106s] INFO:colcon.colcon_core.shell:Creating prefix script '/home/szeyuan/Desktop/ros/ros_ws/install/local_setup.bash'
[10.107s] INFO:colcon.colcon_core.shell:Creating prefix chain script '/home/szeyuan/Desktop/ros/ros_ws/install/setup.bash'
[10.107s] INFO:colcon.colcon_core.shell:Creating prefix script '/home/szeyuan/Desktop/ros/ros_ws/install/local_setup.zsh'
[10.107s] INFO:colcon.colcon_core.shell:Creating prefix chain script '/home/szeyuan/Desktop/ros/ros_ws/install/setup.zsh'
