[0.027s] Invoking command in '/home/szeyuan/Desktop/ros/ros_ws/build/mecanumbot_description': CMAKE_PREFIX_PATH=/home/szeyuan/Desktop/ros/ros_ws/install/v4l2_camera:/opt/ros/humble:/home/szeyuan/Desktop/ros/ros_ws/install/usb_cam:/home/szeyuan/Desktop/ros/ros_ws/install/ros2_control_demo_example_1:/home/szeyuan/Desktop/ros/ros_ws/install/ros2_control_demo_description:/home/szeyuan/Desktop/ros/ros_ws/install/mecanumbot_teleop:/home/szeyuan/Desktop/ros/ros_ws/install/mecanumbot_hardware:/home/szeyuan/Desktop/ros/ros_ws/install/mecanumbot_bringup:/home/szeyuan/Desktop/ros/ros_ws/install/mecanumbot_description:/home/szeyuan/Desktop/ros/ros_ws/install/mecanumbot_controller:/home/szeyuan/Desktop/ros/ros_ws/install/mecanumbot_control /usr/bin/cmake --build /home/szeyuan/Desktop/ros/ros_ws/build/mecanumbot_description -- -j16 -l16
[0.251s] Invoked command in '/home/szeyuan/Desktop/ros/ros_ws/build/mecanumbot_description' returned '0': CMAKE_PREFIX_PATH=/home/szeyuan/Desktop/ros/ros_ws/install/v4l2_camera:/opt/ros/humble:/home/szeyuan/Desktop/ros/ros_ws/install/usb_cam:/home/szeyuan/Desktop/ros/ros_ws/install/ros2_control_demo_example_1:/home/szeyuan/Desktop/ros/ros_ws/install/ros2_control_demo_description:/home/szeyuan/Desktop/ros/ros_ws/install/mecanumbot_teleop:/home/szeyuan/Desktop/ros/ros_ws/install/mecanumbot_hardware:/home/szeyuan/Desktop/ros/ros_ws/install/mecanumbot_bringup:/home/szeyuan/Desktop/ros/ros_ws/install/mecanumbot_description:/home/szeyuan/Desktop/ros/ros_ws/install/mecanumbot_controller:/home/szeyuan/Desktop/ros/ros_ws/install/mecanumbot_control /usr/bin/cmake --build /home/szeyuan/Desktop/ros/ros_ws/build/mecanumbot_description -- -j16 -l16
[0.277s] Invoking command in '/home/szeyuan/Desktop/ros/ros_ws/build/mecanumbot_description': CMAKE_PREFIX_PATH=/home/szeyuan/Desktop/ros/ros_ws/install/v4l2_camera:/opt/ros/humble:/home/szeyuan/Desktop/ros/ros_ws/install/usb_cam:/home/szeyuan/Desktop/ros/ros_ws/install/ros2_control_demo_example_1:/home/szeyuan/Desktop/ros/ros_ws/install/ros2_control_demo_description:/home/szeyuan/Desktop/ros/ros_ws/install/mecanumbot_teleop:/home/szeyuan/Desktop/ros/ros_ws/install/mecanumbot_hardware:/home/szeyuan/Desktop/ros/ros_ws/install/mecanumbot_bringup:/home/szeyuan/Desktop/ros/ros_ws/install/mecanumbot_description:/home/szeyuan/Desktop/ros/ros_ws/install/mecanumbot_controller:/home/szeyuan/Desktop/ros/ros_ws/install/mecanumbot_control /usr/bin/cmake --install /home/szeyuan/Desktop/ros/ros_ws/build/mecanumbot_description
[0.283s] -- Install configuration: ""
[0.284s] -- Up-to-date: /home/szeyuan/Desktop/ros/ros_ws/install/mecanumbot_description/share/mecanumbot_description/urdf
[0.285s] -- Up-to-date: /home/szeyuan/Desktop/ros/ros_ws/install/mecanumbot_description/share/mecanumbot_description/urdf/mecanumbot.urdf
[0.286s] -- Up-to-date: /home/szeyuan/Desktop/ros/ros_ws/install/mecanumbot_description/share/mecanumbot_description/rviz
[0.286s] -- Up-to-date: /home/szeyuan/Desktop/ros/ros_ws/install/mecanumbot_description/share/mecanumbot_description/rviz/model.rviz
[0.286s] -- Up-to-date: /home/szeyuan/Desktop/ros/ros_ws/install/mecanumbot_description/share/mecanumbot_description/meshes
[0.287s] -- Up-to-date: /home/szeyuan/Desktop/ros/ros_ws/install/mecanumbot_description/share/mecanumbot_description/meshes/rl_wheel_link.STL
[0.287s] -- Up-to-date: /home/szeyuan/Desktop/ros/ros_ws/install/mecanumbot_description/share/mecanumbot_description/meshes/fl_wheel_link.STL
[0.287s] -- Up-to-date: /home/szeyuan/Desktop/ros/ros_ws/install/mecanumbot_description/share/mecanumbot_description/meshes/fr_wheel_link.STL
[0.288s] -- Up-to-date: /home/szeyuan/Desktop/ros/ros_ws/install/mecanumbot_description/share/mecanumbot_description/meshes/rr_wheel_link.STL
[0.288s] -- Up-to-date: /home/szeyuan/Desktop/ros/ros_ws/install/mecanumbot_description/share/mecanumbot_description/config
[0.288s] -- Up-to-date: /home/szeyuan/Desktop/ros/ros_ws/install/mecanumbot_description/share/mecanumbot_description/config/robot_controller_config.yaml
[0.288s] -- Up-to-date: /home/szeyuan/Desktop/ros/ros_ws/install/mecanumbot_description/share/ament_index/resource_index/package_run_dependencies/mecanumbot_description
[0.289s] -- Up-to-date: /home/szeyuan/Desktop/ros/ros_ws/install/mecanumbot_description/share/ament_index/resource_index/parent_prefix_path/mecanumbot_description
[0.289s] -- Up-to-date: /home/szeyuan/Desktop/ros/ros_ws/install/mecanumbot_description/share/mecanumbot_description/environment/ament_prefix_path.sh
[0.289s] -- Up-to-date: /home/szeyuan/Desktop/ros/ros_ws/install/mecanumbot_description/share/mecanumbot_description/environment/ament_prefix_path.dsv
[0.289s] -- Up-to-date: /home/szeyuan/Desktop/ros/ros_ws/install/mecanumbot_description/share/mecanumbot_description/environment/path.sh
[0.289s] -- Up-to-date: /home/szeyuan/Desktop/ros/ros_ws/install/mecanumbot_description/share/mecanumbot_description/environment/path.dsv
[0.289s] -- Up-to-date: /home/szeyuan/Desktop/ros/ros_ws/install/mecanumbot_description/share/mecanumbot_description/local_setup.bash
[0.289s] -- Up-to-date: /home/szeyuan/Desktop/ros/ros_ws/install/mecanumbot_description/share/mecanumbot_description/local_setup.sh
[0.290s] -- Up-to-date: /home/szeyuan/Desktop/ros/ros_ws/install/mecanumbot_description/share/mecanumbot_description/local_setup.zsh
[0.290s] -- Up-to-date: /home/szeyuan/Desktop/ros/ros_ws/install/mecanumbot_description/share/mecanumbot_description/local_setup.dsv
[0.290s] -- Installing: /home/szeyuan/Desktop/ros/ros_ws/install/mecanumbot_description/share/mecanumbot_description/package.dsv
[0.291s] -- Up-to-date: /home/szeyuan/Desktop/ros/ros_ws/install/mecanumbot_description/share/ament_index/resource_index/packages/mecanumbot_description
[0.291s] -- Up-to-date: /home/szeyuan/Desktop/ros/ros_ws/install/mecanumbot_description/share/mecanumbot_description/cmake/mecanumbot_descriptionConfig.cmake
[0.291s] -- Up-to-date: /home/szeyuan/Desktop/ros/ros_ws/install/mecanumbot_description/share/mecanumbot_description/cmake/mecanumbot_descriptionConfig-version.cmake
[0.291s] -- Up-to-date: /home/szeyuan/Desktop/ros/ros_ws/install/mecanumbot_description/share/mecanumbot_description/package.xml
[0.294s] Invoked command in '/home/szeyuan/Desktop/ros/ros_ws/build/mecanumbot_description' returned '0': CMAKE_PREFIX_PATH=/home/szeyuan/Desktop/ros/ros_ws/install/v4l2_camera:/opt/ros/humble:/home/szeyuan/Desktop/ros/ros_ws/install/usb_cam:/home/szeyuan/Desktop/ros/ros_ws/install/ros2_control_demo_example_1:/home/szeyuan/Desktop/ros/ros_ws/install/ros2_control_demo_description:/home/szeyuan/Desktop/ros/ros_ws/install/mecanumbot_teleop:/home/szeyuan/Desktop/ros/ros_ws/install/mecanumbot_hardware:/home/szeyuan/Desktop/ros/ros_ws/install/mecanumbot_bringup:/home/szeyuan/Desktop/ros/ros_ws/install/mecanumbot_description:/home/szeyuan/Desktop/ros/ros_ws/install/mecanumbot_controller:/home/szeyuan/Desktop/ros/ros_ws/install/mecanumbot_control /usr/bin/cmake --install /home/szeyuan/Desktop/ros/ros_ws/build/mecanumbot_description
