[0.014s] Invoking command in '/home/szeyuan/Desktop/ros/ros_ws/build/mecanumbot_hardware': /usr/bin/cmake /home/szeyuan/Desktop/ros/ros_ws/src/ros2-mecanum-bot/mecanumbot_hardware -DCMAKE_INSTALL_PREFIX=/home/szeyuan/Desktop/ros/ros_ws/install/mecanumbot_hardware
[0.075s] -- The C compiler identification is GNU 11.4.0
[0.139s] -- The CXX compiler identification is GNU 11.4.0
[0.144s] -- Detecting C compiler ABI info
[0.195s] -- Detecting C compiler ABI info - done
[0.200s] -- Check for working C compiler: /usr/bin/cc - skipped
[0.200s] -- Detecting C compile features
[0.200s] -- Detecting C compile features - done
[0.203s] -- Detecting CXX compiler ABI info
[0.255s] -- Detecting CXX compiler ABI info - done
[0.260s] -- Check for working CXX compiler: /usr/bin/c++ - skipped
[0.260s] -- Detecting CXX compile features
[0.260s] -- Detecting CXX compile features - done
[0.266s] [31mCMake Error at CMakeLists.txt:19 (find_package):
[0.267s]   By not providing "Findament_cmake.cmake" in CMAKE_MODULE_PATH this project
[0.267s]   has asked CMake to find a package configuration file provided by
[0.267s]   "ament_cmake", but CMake did not find one.
[0.267s] 
[0.267s]   Could not find a package configuration file provided by "ament_cmake" with
[0.267s]   any of the following names:
[0.267s] 
[0.267s]     ament_cmakeConfig.cmake
[0.267s]     ament_cmake-config.cmake
[0.267s] 
[0.267s]   Add the installation prefix of "ament_cmake" to CMAKE_PREFIX_PATH or set
[0.267s]   "ament_cmake_DIR" to a directory containing one of the above files.  If
[0.267s]   "ament_cmake" provides a separate development package or SDK, be sure it
[0.267s]   has been installed.
[0.267s] 
[0.267s] [0m
[0.267s] -- Configuring incomplete, errors occurred!
[0.267s] See also "/home/szeyuan/Desktop/ros/ros_ws/build/mecanumbot_hardware/CMakeFiles/CMakeOutput.log".
