[0.025s] Invoking command in '/home/szeyuan/Desktop/ros/ros_ws/build/mecanumbot_controller': CMAKE_PREFIX_PATH=/home/szeyuan/Desktop/ros/ros_ws/install/v4l2_camera:/home/szeyuan/Desktop/ros/ros_ws/install/mediapipe_ros2:/opt/ros/humble:/home/szeyuan/Desktop/ros/ros_ws/install/usb_cam:/home/szeyuan/Desktop/ros/ros_ws/install/ros2_control_demo_example_1:/home/szeyuan/Desktop/ros/ros_ws/install/ros2_control_demo_description:/home/szeyuan/Desktop/ros/ros_ws/install/mecanumbot_teleop:/home/szeyuan/Desktop/ros/ros_ws/install/mecanumbot_hardware:/home/szeyuan/Desktop/ros/ros_ws/install/mecanumbot_bringup:/home/szeyuan/Desktop/ros/ros_ws/install/mecanumbot_description:/home/szeyuan/Desktop/ros/ros_ws/install/mecanumbot_controller:/home/szeyuan/Desktop/ros/ros_ws/install/mecanumbot_control /usr/bin/cmake --build /home/szeyuan/Desktop/ros/ros_ws/build/mecanumbot_controller -- -j16 -l16
[0.208s] [35m[1mConsolidate compiler generated dependencies of target mecanumbot_controller[0m
[0.208s] [ 33%] [32mBuilding CXX object CMakeFiles/mecanumbot_controller.dir/src/mecanumbot_drive_controller.cpp.o[0m
[1.545s] [01m[K/home/szeyuan/Desktop/ros/ros_ws/src/ros2-mecanum-bot/mecanumbot_controller/src/mecanumbot_drive_controller.cpp:[m[K In member function ‘[01m[Kvirtual controller_interface::return_type debict::mecanumbot::controller::MecanumbotDriveController::update(const rclcpp::Time&, const rclcpp::Duration&)[m[K’:
[1.545s] [01m[K/home/szeyuan/Desktop/ros/ros_ws/src/ros2-mecanum-bot/mecanumbot_controller/src/mecanumbot_drive_controller.cpp:71:61:[m[K [01;31m[Kerror: [m[K‘[01m[Kconst class std::shared_ptr<geometry_msgs::msg::Twist_<std::allocator<void> > >[m[K’ has no member named ‘[01m[Klinear[m[K’
[1.545s]    71 |     double fl_wheel_velocity = (1 / wheel_radius_) * (twist.[01;31m[Klinear[m[K.x - twist.linear.y - (wheel_separation_width_ + wheel_separation_length_) * twist.angular.z);
[1.545s]       |                                                             [01;31m[K^~~~~~[m[K
[1.545s] [01m[K/home/szeyuan/Desktop/ros/ros_ws/src/ros2-mecanum-bot/mecanumbot_controller/src/mecanumbot_drive_controller.cpp:71:78:[m[K [01;31m[Kerror: [m[K‘[01m[Kconst class std::shared_ptr<geometry_msgs::msg::Twist_<std::allocator<void> > >[m[K’ has no member named ‘[01m[Klinear[m[K’
[1.546s]    71 |     double fl_wheel_velocity = (1 / wheel_radius_) * (twist.linear.x - twist.[01;31m[Klinear[m[K.y - (wheel_separation_width_ + wheel_separation_length_) * twist.angular.z);
[1.546s]       |                                                                              [01;31m[K^~~~~~[m[K
[1.546s] [01m[K/home/szeyuan/Desktop/ros/ros_ws/src/ros2-mecanum-bot/mecanumbot_controller/src/mecanumbot_drive_controller.cpp:71:150:[m[K [01;31m[Kerror: [m[K‘[01m[Kconst class std::shared_ptr<geometry_msgs::msg::Twist_<std::allocator<void> > >[m[K’ has no member named ‘[01m[Kangular[m[K’
[1.546s]    71 | - twist.linear.y - (wheel_separation_width_ + wheel_separation_length_) * twist.[01;31m[Kangular[m[K.z);
[1.546s]       |                                                                                 [01;31m[K^~~~~~~[m[K
[1.546s] 
[1.546s] [01m[K/home/szeyuan/Desktop/ros/ros_ws/src/ros2-mecanum-bot/mecanumbot_controller/src/mecanumbot_drive_controller.cpp:72:61:[m[K [01;31m[Kerror: [m[K‘[01m[Kconst class std::shared_ptr<geometry_msgs::msg::Twist_<std::allocator<void> > >[m[K’ has no member named ‘[01m[Klinear[m[K’
[1.546s]    72 |     double fr_wheel_velocity = (1 / wheel_radius_) * (twist.[01;31m[Klinear[m[K.x + twist.linear.y + (wheel_separation_width_ + wheel_separation_length_) * twist.angular.z);
[1.546s]       |                                                             [01;31m[K^~~~~~[m[K
[1.546s] [01m[K/home/szeyuan/Desktop/ros/ros_ws/src/ros2-mecanum-bot/mecanumbot_controller/src/mecanumbot_drive_controller.cpp:72:78:[m[K [01;31m[Kerror: [m[K‘[01m[Kconst class std::shared_ptr<geometry_msgs::msg::Twist_<std::allocator<void> > >[m[K’ has no member named ‘[01m[Klinear[m[K’
[1.546s]    72 |     double fr_wheel_velocity = (1 / wheel_radius_) * (twist.linear.x + twist.[01;31m[Klinear[m[K.y + (wheel_separation_width_ + wheel_separation_length_) * twist.angular.z);
[1.546s]       |                                                                              [01;31m[K^~~~~~[m[K
[1.546s] [01m[K/home/szeyuan/Desktop/ros/ros_ws/src/ros2-mecanum-bot/mecanumbot_controller/src/mecanumbot_drive_controller.cpp:72:150:[m[K [01;31m[Kerror: [m[K‘[01m[Kconst class std::shared_ptr<geometry_msgs::msg::Twist_<std::allocator<void> > >[m[K’ has no member named ‘[01m[Kangular[m[K’
[1.546s]    72 | + twist.linear.y + (wheel_separation_width_ + wheel_separation_length_) * twist.[01;31m[Kangular[m[K.z);
[1.546s]       |                                                                                 [01;31m[K^~~~~~~[m[K
[1.546s] 
[1.546s] [01m[K/home/szeyuan/Desktop/ros/ros_ws/src/ros2-mecanum-bot/mecanumbot_controller/src/mecanumbot_drive_controller.cpp:73:61:[m[K [01;31m[Kerror: [m[K‘[01m[Kconst class std::shared_ptr<geometry_msgs::msg::Twist_<std::allocator<void> > >[m[K’ has no member named ‘[01m[Klinear[m[K’
[1.546s]    73 |     double rl_wheel_velocity = (1 / wheel_radius_) * (twist.[01;31m[Klinear[m[K.x + twist.linear.y - (wheel_separation_width_ + wheel_separation_length_) * twist.angular.z);
[1.546s]       |                                                             [01;31m[K^~~~~~[m[K
[1.546s] [01m[K/home/szeyuan/Desktop/ros/ros_ws/src/ros2-mecanum-bot/mecanumbot_controller/src/mecanumbot_drive_controller.cpp:73:78:[m[K [01;31m[Kerror: [m[K‘[01m[Kconst class std::shared_ptr<geometry_msgs::msg::Twist_<std::allocator<void> > >[m[K’ has no member named ‘[01m[Klinear[m[K’
[1.546s]    73 |     double rl_wheel_velocity = (1 / wheel_radius_) * (twist.linear.x + twist.[01;31m[Klinear[m[K.y - (wheel_separation_width_ + wheel_separation_length_) * twist.angular.z);
[1.546s]       |                                                                              [01;31m[K^~~~~~[m[K
[1.546s] [01m[K/home/szeyuan/Desktop/ros/ros_ws/src/ros2-mecanum-bot/mecanumbot_controller/src/mecanumbot_drive_controller.cpp:73:150:[m[K [01;31m[Kerror: [m[K‘[01m[Kconst class std::shared_ptr<geometry_msgs::msg::Twist_<std::allocator<void> > >[m[K’ has no member named ‘[01m[Kangular[m[K’
[1.546s]    73 | + twist.linear.y - (wheel_separation_width_ + wheel_separation_length_) * twist.[01;31m[Kangular[m[K.z);
[1.546s]       |                                                                                 [01;31m[K^~~~~~~[m[K
[1.546s] 
[1.547s] [01m[K/home/szeyuan/Desktop/ros/ros_ws/src/ros2-mecanum-bot/mecanumbot_controller/src/mecanumbot_drive_controller.cpp:74:61:[m[K [01;31m[Kerror: [m[K‘[01m[Kconst class std::shared_ptr<geometry_msgs::msg::Twist_<std::allocator<void> > >[m[K’ has no member named ‘[01m[Klinear[m[K’
[1.547s]    74 |     double rr_wheel_velocity = (1 / wheel_radius_) * (twist.[01;31m[Klinear[m[K.x - twist.linear.y + (wheel_separation_width_ + wheel_separation_length_) * twist.angular.z);
[1.547s]       |                                                             [01;31m[K^~~~~~[m[K
[1.547s] [01m[K/home/szeyuan/Desktop/ros/ros_ws/src/ros2-mecanum-bot/mecanumbot_controller/src/mecanumbot_drive_controller.cpp:74:78:[m[K [01;31m[Kerror: [m[K‘[01m[Kconst class std::shared_ptr<geometry_msgs::msg::Twist_<std::allocator<void> > >[m[K’ has no member named ‘[01m[Klinear[m[K’
[1.547s]    74 |     double rr_wheel_velocity = (1 / wheel_radius_) * (twist.linear.x - twist.[01;31m[Klinear[m[K.y + (wheel_separation_width_ + wheel_separation_length_) * twist.angular.z);
[1.547s]       |                                                                              [01;31m[K^~~~~~[m[K
[1.547s] [01m[K/home/szeyuan/Desktop/ros/ros_ws/src/ros2-mecanum-bot/mecanumbot_controller/src/mecanumbot_drive_controller.cpp:74:150:[m[K [01;31m[Kerror: [m[K‘[01m[Kconst class std::shared_ptr<geometry_msgs::msg::Twist_<std::allocator<void> > >[m[K’ has no member named ‘[01m[Kangular[m[K’
[1.547s]    74 | - twist.linear.y + (wheel_separation_width_ + wheel_separation_length_) * twist.[01;31m[Kangular[m[K.z);
[1.547s]       |                                                                                 [01;31m[K^~~~~~~[m[K
[1.547s] 
[1.547s] [01m[K/home/szeyuan/Desktop/ros/ros_ws/src/ros2-mecanum-bot/mecanumbot_controller/src/mecanumbot_drive_controller.cpp:60:90:[m[K [01;35m[Kwarning: [m[Kunused parameter ‘[01m[Ktime[m[K’ [[01;35m[K]8;;https://gcc.gnu.org/onlinedocs/gcc/Warning-Options.html#index-Wunused-parameter-Wunused-parameter]8;;[m[K]
[1.547s]    60 | r_interface::return_type MecanumbotDriveController::update([01;35m[Kconst rclcpp::Time & time[m[K, const rclcpp::Duration & period)
[1.547s]       |                                                            [01;35m[K~~~~~~~~~~~~~~~~~~~~~^~~~[m[K
[1.547s] 
[1.547s] [01m[K/home/szeyuan/Desktop/ros/ros_ws/src/ros2-mecanum-bot/mecanumbot_controller/src/mecanumbot_drive_controller.cpp:60:121:[m[K [01;35m[Kwarning: [m[Kunused parameter ‘[01m[Kperiod[m[K’ [[01;35m[K]8;;https://gcc.gnu.org/onlinedocs/gcc/Warning-Options.html#index-Wunused-parameter-Wunused-parameter]8;;[m[K]
[1.547s]    60 | canumbotDriveController::update(const rclcpp::Time & time, [01;35m[Kconst rclcpp::Duration & period[m[K)
[1.547s]       |                                                            [01;35m[K~~~~~~~~~~~~~~~~~~~~~~~~~^~~~~~[m[K
[1.547s] 
[2.981s] gmake[2]: *** [CMakeFiles/mecanumbot_controller.dir/build.make:76: CMakeFiles/mecanumbot_controller.dir/src/mecanumbot_drive_controller.cpp.o] Error 1
[2.981s] gmake[1]: *** [CMakeFiles/Makefile2:137: CMakeFiles/mecanumbot_controller.dir/all] Error 2
[2.981s] gmake: *** [Makefile:146: all] Error 2
[2.984s] Invoked command in '/home/szeyuan/Desktop/ros/ros_ws/build/mecanumbot_controller' returned '2': CMAKE_PREFIX_PATH=/home/szeyuan/Desktop/ros/ros_ws/install/v4l2_camera:/home/szeyuan/Desktop/ros/ros_ws/install/mediapipe_ros2:/opt/ros/humble:/home/szeyuan/Desktop/ros/ros_ws/install/usb_cam:/home/szeyuan/Desktop/ros/ros_ws/install/ros2_control_demo_example_1:/home/szeyuan/Desktop/ros/ros_ws/install/ros2_control_demo_description:/home/szeyuan/Desktop/ros/ros_ws/install/mecanumbot_teleop:/home/szeyuan/Desktop/ros/ros_ws/install/mecanumbot_hardware:/home/szeyuan/Desktop/ros/ros_ws/install/mecanumbot_bringup:/home/szeyuan/Desktop/ros/ros_ws/install/mecanumbot_description:/home/szeyuan/Desktop/ros/ros_ws/install/mecanumbot_controller:/home/szeyuan/Desktop/ros/ros_ws/install/mecanumbot_control /usr/bin/cmake --build /home/szeyuan/Desktop/ros/ros_ws/build/mecanumbot_controller -- -j16 -l16
