[ 33%] [32mBuilding CXX object CMakeFiles/mecanumbot_controller.dir/src/mecanumbot_wheel.cpp.o[0m
[ 66%] [32mBuilding CXX object CMakeFiles/mecanumbot_controller.dir/src/mecanumbot_drive_controller.cpp.o[0m
[100%] [32m[1mLinking CXX shared library libmecanumbot_controller.so[0m
[100%] Built target mecanumbot_controller
-- Install configuration: ""
-- Installing: /home/szeyuan/Desktop/ros/ros_ws/install/mecanumbot_controller/share/mecanumbot_controller/mecanumbot_controller.xml
-- Installing: /home/szeyuan/Desktop/ros/ros_ws/install/mecanumbot_controller/lib/libmecanumbot_controller.so
-- Set runtime path of "/home/szeyuan/Desktop/ros/ros_ws/install/mecanumbot_controller/lib/libmecanumbot_controller.so" to ""
-- Installing: /home/szeyuan/Desktop/ros/ros_ws/install/mecanumbot_controller/include/include
-- Installing: /home/szeyuan/Desktop/ros/ros_ws/install/mecanumbot_controller/include/include/mecanumbot_controller
-- Installing: /home/szeyuan/Desktop/ros/ros_ws/install/mecanumbot_controller/include/include/mecanumbot_controller/mecanumbot_drive_controller.hpp
-- Installing: /home/szeyuan/Desktop/ros/ros_ws/install/mecanumbot_controller/include/include/mecanumbot_controller/mecanumbot_wheel.hpp
-- Installing: /home/szeyuan/Desktop/ros/ros_ws/install/mecanumbot_controller/include/include/mecanumbot_controller/mecanumbot_controller_compiler.h
-- Installing: /home/szeyuan/Desktop/ros/ros_ws/install/mecanumbot_controller/share/mecanumbot_controller/environment/library_path.sh
-- Installing: /home/szeyuan/Desktop/ros/ros_ws/install/mecanumbot_controller/share/mecanumbot_controller/environment/library_path.dsv
-- Installing: /home/szeyuan/Desktop/ros/ros_ws/install/mecanumbot_controller/share/ament_index/resource_index/package_run_dependencies/mecanumbot_controller
-- Installing: /home/szeyuan/Desktop/ros/ros_ws/install/mecanumbot_controller/share/ament_index/resource_index/parent_prefix_path/mecanumbot_controller
-- Installing: /home/szeyuan/Desktop/ros/ros_ws/install/mecanumbot_controller/share/mecanumbot_controller/environment/ament_prefix_path.sh
-- Installing: /home/szeyuan/Desktop/ros/ros_ws/install/mecanumbot_controller/share/mecanumbot_controller/environment/ament_prefix_path.dsv
-- Installing: /home/szeyuan/Desktop/ros/ros_ws/install/mecanumbot_controller/share/mecanumbot_controller/environment/path.sh
-- Installing: /home/szeyuan/Desktop/ros/ros_ws/install/mecanumbot_controller/share/mecanumbot_controller/environment/path.dsv
-- Installing: /home/szeyuan/Desktop/ros/ros_ws/install/mecanumbot_controller/share/mecanumbot_controller/local_setup.bash
-- Installing: /home/szeyuan/Desktop/ros/ros_ws/install/mecanumbot_controller/share/mecanumbot_controller/local_setup.sh
-- Installing: /home/szeyuan/Desktop/ros/ros_ws/install/mecanumbot_controller/share/mecanumbot_controller/local_setup.zsh
-- Installing: /home/szeyuan/Desktop/ros/ros_ws/install/mecanumbot_controller/share/mecanumbot_controller/local_setup.dsv
-- Installing: /home/szeyuan/Desktop/ros/ros_ws/install/mecanumbot_controller/share/mecanumbot_controller/package.dsv
-- Installing: /home/szeyuan/Desktop/ros/ros_ws/install/mecanumbot_controller/share/ament_index/resource_index/packages/mecanumbot_controller
-- Installing: /home/szeyuan/Desktop/ros/ros_ws/install/mecanumbot_controller/share/ament_index/resource_index/controller_interface__pluginlib__plugin/mecanumbot_controller
-- Installing: /home/szeyuan/Desktop/ros/ros_ws/install/mecanumbot_controller/share/mecanumbot_controller/cmake/ament_cmake_export_include_directories-extras.cmake
-- Installing: /home/szeyuan/Desktop/ros/ros_ws/install/mecanumbot_controller/share/mecanumbot_controller/cmake/ament_cmake_export_libraries-extras.cmake
-- Installing: /home/szeyuan/Desktop/ros/ros_ws/install/mecanumbot_controller/share/mecanumbot_controller/cmake/ament_cmake_export_dependencies-extras.cmake
-- Installing: /home/szeyuan/Desktop/ros/ros_ws/install/mecanumbot_controller/share/mecanumbot_controller/cmake/mecanumbot_controllerConfig.cmake
-- Installing: /home/szeyuan/Desktop/ros/ros_ws/install/mecanumbot_controller/share/mecanumbot_controller/cmake/mecanumbot_controllerConfig-version.cmake
-- Installing: /home/szeyuan/Desktop/ros/ros_ws/install/mecanumbot_controller/share/mecanumbot_controller/package.xml
