[0.018s] Invoking command in '/home/szeyuan/Desktop/ros/ros_ws/build/mecanumbot_controller': CMAKE_PREFIX_PATH=/opt/ros/humble /usr/bin/cmake --build /home/szeyuan/Desktop/ros/ros_ws/build/mecanumbot_controller -- -j16 -l16
[0.059s] [ 33%] [32mBuilding CXX object CMakeFiles/mecanumbot_controller.dir/src/mecanumbot_wheel.cpp.o[0m
[0.059s] [ 66%] [32mBuilding CXX object CMakeFiles/mecanumbot_controller.dir/src/mecanumbot_drive_controller.cpp.o[0m
[2.184s] [01m[K/home/szeyuan/Desktop/ros/ros_ws/src/ros2-mecanum-bot/mecanumbot_controller/src/mecanumbot_drive_controller.cpp:[m[K In member function ‘[01m[Kvirtual controller_interface::return_type debict::mecanumbot::controller::MecanumbotDriveController::update(const rclcpp::Time&, const rclcpp::Duration&)[m[K’:
[2.184s] [01m[K/home/szeyuan/Desktop/ros/ros_ws/src/ros2-mecanum-bot/mecanumbot_controller/src/mecanumbot_drive_controller.cpp:60:90:[m[K [01;35m[Kwarning: [m[Kunused parameter ‘[01m[Ktime[m[K’ [[01;35m[K]8;;https://gcc.gnu.org/onlinedocs/gcc/Warning-Options.html#index-Wunused-parameter-Wunused-parameter]8;;[m[K]
[2.184s]    60 | controller_interface::return_type MecanumbotDriveController::update([01;35m[Kconst rclcpp::Time & time[m[K, const rclcpp::Duration & period)
[2.184s]       |                                                                     [01;35m[K~~~~~~~~~~~~~~~~~~~~~^~~~[m[K
[2.184s] [01m[K/home/szeyuan/Desktop/ros/ros_ws/src/ros2-mecanum-bot/mecanumbot_controller/src/mecanumbot_drive_controller.cpp:60:121:[m[K [01;35m[Kwarning: [m[Kunused parameter ‘[01m[Kperiod[m[K’ [[01;35m[K]8;;https://gcc.gnu.org/onlinedocs/gcc/Warning-Options.html#index-Wunused-parameter-Wunused-parameter]8;;[m[K]
[2.184s]    60 | controller_interface::return_type MecanumbotDriveController::update(const rclcpp::Time & time, [01;35m[Kconst rclcpp::Duration & period[m[K)
[2.184s]       |                                                                                                [01;35m[K~~~~~~~~~~~~~~~~~~~~~~~~~^~~~~~[m[K
[6.155s] [100%] [32m[1mLinking CXX shared library libmecanumbot_controller.so[0m
[6.475s] [100%] Built target mecanumbot_controller
[6.482s] Invoked command in '/home/szeyuan/Desktop/ros/ros_ws/build/mecanumbot_controller' returned '0': CMAKE_PREFIX_PATH=/opt/ros/humble /usr/bin/cmake --build /home/szeyuan/Desktop/ros/ros_ws/build/mecanumbot_controller -- -j16 -l16
[6.499s] Invoking command in '/home/szeyuan/Desktop/ros/ros_ws/build/mecanumbot_controller': CMAKE_PREFIX_PATH=/opt/ros/humble /usr/bin/cmake --install /home/szeyuan/Desktop/ros/ros_ws/build/mecanumbot_controller
[6.503s] -- Install configuration: ""
[6.504s] -- Installing: /home/szeyuan/Desktop/ros/ros_ws/install/mecanumbot_controller/share/mecanumbot_controller/mecanumbot_controller.xml
[6.504s] -- Installing: /home/szeyuan/Desktop/ros/ros_ws/install/mecanumbot_controller/lib/libmecanumbot_controller.so
[6.507s] -- Set runtime path of "/home/szeyuan/Desktop/ros/ros_ws/install/mecanumbot_controller/lib/libmecanumbot_controller.so" to ""
[6.507s] -- Installing: /home/szeyuan/Desktop/ros/ros_ws/install/mecanumbot_controller/include/include
[6.507s] -- Installing: /home/szeyuan/Desktop/ros/ros_ws/install/mecanumbot_controller/include/include/mecanumbot_controller
[6.507s] -- Installing: /home/szeyuan/Desktop/ros/ros_ws/install/mecanumbot_controller/include/include/mecanumbot_controller/mecanumbot_drive_controller.hpp
[6.507s] -- Installing: /home/szeyuan/Desktop/ros/ros_ws/install/mecanumbot_controller/include/include/mecanumbot_controller/mecanumbot_wheel.hpp
[6.507s] -- Installing: /home/szeyuan/Desktop/ros/ros_ws/install/mecanumbot_controller/include/include/mecanumbot_controller/mecanumbot_controller_compiler.h
[6.507s] -- Installing: /home/szeyuan/Desktop/ros/ros_ws/install/mecanumbot_controller/share/mecanumbot_controller/environment/library_path.sh
[6.507s] -- Installing: /home/szeyuan/Desktop/ros/ros_ws/install/mecanumbot_controller/share/mecanumbot_controller/environment/library_path.dsv
[6.508s] -- Installing: /home/szeyuan/Desktop/ros/ros_ws/install/mecanumbot_controller/share/ament_index/resource_index/package_run_dependencies/mecanumbot_controller
[6.508s] -- Installing: /home/szeyuan/Desktop/ros/ros_ws/install/mecanumbot_controller/share/ament_index/resource_index/parent_prefix_path/mecanumbot_controller
[6.508s] -- Installing: /home/szeyuan/Desktop/ros/ros_ws/install/mecanumbot_controller/share/mecanumbot_controller/environment/ament_prefix_path.sh
[6.508s] -- Installing: /home/szeyuan/Desktop/ros/ros_ws/install/mecanumbot_controller/share/mecanumbot_controller/environment/ament_prefix_path.dsv
[6.508s] -- Installing: /home/szeyuan/Desktop/ros/ros_ws/install/mecanumbot_controller/share/mecanumbot_controller/environment/path.sh
[6.508s] -- Installing: /home/szeyuan/Desktop/ros/ros_ws/install/mecanumbot_controller/share/mecanumbot_controller/environment/path.dsv
[6.508s] -- Installing: /home/szeyuan/Desktop/ros/ros_ws/install/mecanumbot_controller/share/mecanumbot_controller/local_setup.bash
[6.508s] -- Installing: /home/szeyuan/Desktop/ros/ros_ws/install/mecanumbot_controller/share/mecanumbot_controller/local_setup.sh
[6.508s] -- Installing: /home/szeyuan/Desktop/ros/ros_ws/install/mecanumbot_controller/share/mecanumbot_controller/local_setup.zsh
[6.508s] -- Installing: /home/szeyuan/Desktop/ros/ros_ws/install/mecanumbot_controller/share/mecanumbot_controller/local_setup.dsv
[6.508s] -- Installing: /home/szeyuan/Desktop/ros/ros_ws/install/mecanumbot_controller/share/mecanumbot_controller/package.dsv
[6.508s] -- Installing: /home/szeyuan/Desktop/ros/ros_ws/install/mecanumbot_controller/share/ament_index/resource_index/packages/mecanumbot_controller
[6.508s] -- Installing: /home/szeyuan/Desktop/ros/ros_ws/install/mecanumbot_controller/share/ament_index/resource_index/controller_interface__pluginlib__plugin/mecanumbot_controller
[6.508s] -- Installing: /home/szeyuan/Desktop/ros/ros_ws/install/mecanumbot_controller/share/mecanumbot_controller/cmake/ament_cmake_export_include_directories-extras.cmake
[6.508s] -- Installing: /home/szeyuan/Desktop/ros/ros_ws/install/mecanumbot_controller/share/mecanumbot_controller/cmake/ament_cmake_export_libraries-extras.cmake
[6.509s] -- Installing: /home/szeyuan/Desktop/ros/ros_ws/install/mecanumbot_controller/share/mecanumbot_controller/cmake/ament_cmake_export_dependencies-extras.cmake
[6.509s] -- Installing: /home/szeyuan/Desktop/ros/ros_ws/install/mecanumbot_controller/share/mecanumbot_controller/cmake/mecanumbot_controllerConfig.cmake
[6.509s] -- Installing: /home/szeyuan/Desktop/ros/ros_ws/install/mecanumbot_controller/share/mecanumbot_controller/cmake/mecanumbot_controllerConfig-version.cmake
[6.509s] -- Installing: /home/szeyuan/Desktop/ros/ros_ws/install/mecanumbot_controller/share/mecanumbot_controller/package.xml
[6.510s] Invoked command in '/home/szeyuan/Desktop/ros/ros_ws/build/mecanumbot_controller' returned '0': CMAKE_PREFIX_PATH=/opt/ros/humble /usr/bin/cmake --install /home/szeyuan/Desktop/ros/ros_ws/build/mecanumbot_controller
