/home/szeyuan/Desktop/ros/ros_ws/install/mediapipe_ros2/lib/python3.10/site-packages/mediapipe_ros2/hands.py
/home/szeyuan/Desktop/ros/ros_ws/install/mediapipe_ros2/lib/python3.10/site-packages/mediapipe_ros2/gesture_to_cmdvel.py
/home/szeyuan/Desktop/ros/ros_ws/install/mediapipe_ros2/lib/python3.10/site-packages/mediapipe_ros2/__init__.py
/home/szeyuan/Desktop/ros/ros_ws/install/mediapipe_ros2/lib/python3.10/site-packages/mediapipe_ros2/__pycache__/hands.cpython-310.pyc
/home/szeyuan/Desktop/ros/ros_ws/install/mediapipe_ros2/lib/python3.10/site-packages/mediapipe_ros2/__pycache__/gesture_to_cmdvel.cpython-310.pyc
/home/szeyuan/Desktop/ros/ros_ws/install/mediapipe_ros2/lib/python3.10/site-packages/mediapipe_ros2/__pycache__/__init__.cpython-310.pyc
/home/szeyuan/Desktop/ros/ros_ws/install/mediapipe_ros2/share/ament_index/resource_index/packages/mediapipe_ros2
/home/szeyuan/Desktop/ros/ros_ws/install/mediapipe_ros2/share/mediapipe_ros2/package.xml
/home/szeyuan/Desktop/ros/ros_ws/install/mediapipe_ros2/share/mediapipe_ros2/hand_gesture.launch.py
/home/szeyuan/Desktop/ros/ros_ws/install/mediapipe_ros2/share/mediapipe_ros2/resource/stop.png
/home/szeyuan/Desktop/ros/ros_ws/install/mediapipe_ros2/share/mediapipe_ros2/resource/mediapipe_ros2
/home/szeyuan/Desktop/ros/ros_ws/install/mediapipe_ros2/share/mediapipe_ros2/resource/left.png
/home/szeyuan/Desktop/ros/ros_ws/install/mediapipe_ros2/share/mediapipe_ros2/resource/back.png
/home/szeyuan/Desktop/ros/ros_ws/install/mediapipe_ros2/share/mediapipe_ros2/resource/right.png
/home/szeyuan/Desktop/ros/ros_ws/install/mediapipe_ros2/share/mediapipe_ros2/resource/front.png
/home/szeyuan/Desktop/ros/ros_ws/install/mediapipe_ros2/share/mediapipe_ros2/keypoint_classifier/keypoint_classifier_label.csv
/home/szeyuan/Desktop/ros/ros_ws/install/mediapipe_ros2/share/mediapipe_ros2/keypoint_classifier/keypoint_classifier.py
/home/szeyuan/Desktop/ros/ros_ws/install/mediapipe_ros2/share/mediapipe_ros2/keypoint_classifier/keypoint_classifier.tflite
/home/szeyuan/Desktop/ros/ros_ws/install/mediapipe_ros2/lib/python3.10/site-packages/mediapipe_ros2-0.0.0-py3.10.egg-info/zip-safe
/home/szeyuan/Desktop/ros/ros_ws/install/mediapipe_ros2/lib/python3.10/site-packages/mediapipe_ros2-0.0.0-py3.10.egg-info/requires.txt
/home/szeyuan/Desktop/ros/ros_ws/install/mediapipe_ros2/lib/python3.10/site-packages/mediapipe_ros2-0.0.0-py3.10.egg-info/PKG-INFO
/home/szeyuan/Desktop/ros/ros_ws/install/mediapipe_ros2/lib/python3.10/site-packages/mediapipe_ros2-0.0.0-py3.10.egg-info/dependency_links.txt
/home/szeyuan/Desktop/ros/ros_ws/install/mediapipe_ros2/lib/python3.10/site-packages/mediapipe_ros2-0.0.0-py3.10.egg-info/entry_points.txt
/home/szeyuan/Desktop/ros/ros_ws/install/mediapipe_ros2/lib/python3.10/site-packages/mediapipe_ros2-0.0.0-py3.10.egg-info/SOURCES.txt
/home/szeyuan/Desktop/ros/ros_ws/install/mediapipe_ros2/lib/python3.10/site-packages/mediapipe_ros2-0.0.0-py3.10.egg-info/top_level.txt
/home/szeyuan/Desktop/ros/ros_ws/install/mediapipe_ros2/lib/mediapipe_ros2/gesture_to_cmdvel
/home/szeyuan/Desktop/ros/ros_ws/install/mediapipe_ros2/lib/mediapipe_ros2/hands
