[0.022s] Invoking command in '/home/szeyuan/Desktop/ros/ros_ws/build/mecanumbot_control': CMAKE_PREFIX_PATH=/home/szeyuan/Desktop/ros/ros_ws/install/v4l2_camera:/home/szeyuan/Desktop/ros/ros_ws/install/mediapipe_ros2:/opt/ros/humble:/home/szeyuan/Desktop/ros/ros_ws/install/usb_cam:/home/szeyuan/Desktop/ros/ros_ws/install/ros2_control_demo_example_1:/home/szeyuan/Desktop/ros/ros_ws/install/ros2_control_demo_description:/home/szeyuan/Desktop/ros/ros_ws/install/mecanumbot_teleop:/home/szeyuan/Desktop/ros/ros_ws/install/mecanumbot_hardware:/home/szeyuan/Desktop/ros/ros_ws/install/mecanumbot_bringup:/home/szeyuan/Desktop/ros/ros_ws/install/mecanumbot_description:/home/szeyuan/Desktop/ros/ros_ws/install/mecanumbot_controller:/home/szeyuan/Desktop/ros/ros_ws/install/mecanumbot_control /usr/bin/cmake --build /home/szeyuan/Desktop/ros/ros_ws/build/mecanumbot_control -- -j16 -l16
[0.213s] [100%] Built target mecanumbot_control_node
[0.218s] Invoked command in '/home/szeyuan/Desktop/ros/ros_ws/build/mecanumbot_control' returned '0': CMAKE_PREFIX_PATH=/home/szeyuan/Desktop/ros/ros_ws/install/v4l2_camera:/home/szeyuan/Desktop/ros/ros_ws/install/mediapipe_ros2:/opt/ros/humble:/home/szeyuan/Desktop/ros/ros_ws/install/usb_cam:/home/szeyuan/Desktop/ros/ros_ws/install/ros2_control_demo_example_1:/home/szeyuan/Desktop/ros/ros_ws/install/ros2_control_demo_description:/home/szeyuan/Desktop/ros/ros_ws/install/mecanumbot_teleop:/home/szeyuan/Desktop/ros/ros_ws/install/mecanumbot_hardware:/home/szeyuan/Desktop/ros/ros_ws/install/mecanumbot_bringup:/home/szeyuan/Desktop/ros/ros_ws/install/mecanumbot_description:/home/szeyuan/Desktop/ros/ros_ws/install/mecanumbot_controller:/home/szeyuan/Desktop/ros/ros_ws/install/mecanumbot_control /usr/bin/cmake --build /home/szeyuan/Desktop/ros/ros_ws/build/mecanumbot_control -- -j16 -l16
[0.246s] Invoking command in '/home/szeyuan/Desktop/ros/ros_ws/build/mecanumbot_control': CMAKE_PREFIX_PATH=/home/szeyuan/Desktop/ros/ros_ws/install/v4l2_camera:/home/szeyuan/Desktop/ros/ros_ws/install/mediapipe_ros2:/opt/ros/humble:/home/szeyuan/Desktop/ros/ros_ws/install/usb_cam:/home/szeyuan/Desktop/ros/ros_ws/install/ros2_control_demo_example_1:/home/szeyuan/Desktop/ros/ros_ws/install/ros2_control_demo_description:/home/szeyuan/Desktop/ros/ros_ws/install/mecanumbot_teleop:/home/szeyuan/Desktop/ros/ros_ws/install/mecanumbot_hardware:/home/szeyuan/Desktop/ros/ros_ws/install/mecanumbot_bringup:/home/szeyuan/Desktop/ros/ros_ws/install/mecanumbot_description:/home/szeyuan/Desktop/ros/ros_ws/install/mecanumbot_controller:/home/szeyuan/Desktop/ros/ros_ws/install/mecanumbot_control /usr/bin/cmake --install /home/szeyuan/Desktop/ros/ros_ws/build/mecanumbot_control
[0.267s] -- Install configuration: ""
[0.267s] -- Up-to-date: /home/szeyuan/Desktop/ros/ros_ws/install/mecanumbot_control/lib/mecanumbot_control/mecanumbot_control_node
[0.268s] -- Up-to-date: /home/szeyuan/Desktop/ros/ros_ws/install/mecanumbot_control/share/ament_index/resource_index/package_run_dependencies/mecanumbot_control
[0.268s] -- Up-to-date: /home/szeyuan/Desktop/ros/ros_ws/install/mecanumbot_control/share/ament_index/resource_index/parent_prefix_path/mecanumbot_control
[0.268s] -- Up-to-date: /home/szeyuan/Desktop/ros/ros_ws/install/mecanumbot_control/share/mecanumbot_control/environment/ament_prefix_path.sh
[0.268s] -- Up-to-date: /home/szeyuan/Desktop/ros/ros_ws/install/mecanumbot_control/share/mecanumbot_control/environment/ament_prefix_path.dsv
[0.269s] -- Up-to-date: /home/szeyuan/Desktop/ros/ros_ws/install/mecanumbot_control/share/mecanumbot_control/environment/path.sh
[0.269s] -- Up-to-date: /home/szeyuan/Desktop/ros/ros_ws/install/mecanumbot_control/share/mecanumbot_control/environment/path.dsv
[0.269s] -- Up-to-date: /home/szeyuan/Desktop/ros/ros_ws/install/mecanumbot_control/share/mecanumbot_control/local_setup.bash
[0.269s] -- Up-to-date: /home/szeyuan/Desktop/ros/ros_ws/install/mecanumbot_control/share/mecanumbot_control/local_setup.sh
[0.269s] -- Up-to-date: /home/szeyuan/Desktop/ros/ros_ws/install/mecanumbot_control/share/mecanumbot_control/local_setup.zsh
[0.269s] -- Up-to-date: /home/szeyuan/Desktop/ros/ros_ws/install/mecanumbot_control/share/mecanumbot_control/local_setup.dsv
[0.269s] -- Installing: /home/szeyuan/Desktop/ros/ros_ws/install/mecanumbot_control/share/mecanumbot_control/package.dsv
[0.269s] -- Up-to-date: /home/szeyuan/Desktop/ros/ros_ws/install/mecanumbot_control/share/ament_index/resource_index/packages/mecanumbot_control
[0.269s] -- Up-to-date: /home/szeyuan/Desktop/ros/ros_ws/install/mecanumbot_control/share/mecanumbot_control/cmake/mecanumbot_controlConfig.cmake
[0.269s] -- Up-to-date: /home/szeyuan/Desktop/ros/ros_ws/install/mecanumbot_control/share/mecanumbot_control/cmake/mecanumbot_controlConfig-version.cmake
[0.269s] -- Up-to-date: /home/szeyuan/Desktop/ros/ros_ws/install/mecanumbot_control/share/mecanumbot_control/package.xml
[0.274s] Invoked command in '/home/szeyuan/Desktop/ros/ros_ws/build/mecanumbot_control' returned '0': CMAKE_PREFIX_PATH=/home/szeyuan/Desktop/ros/ros_ws/install/v4l2_camera:/home/szeyuan/Desktop/ros/ros_ws/install/mediapipe_ros2:/opt/ros/humble:/home/szeyuan/Desktop/ros/ros_ws/install/usb_cam:/home/szeyuan/Desktop/ros/ros_ws/install/ros2_control_demo_example_1:/home/szeyuan/Desktop/ros/ros_ws/install/ros2_control_demo_description:/home/szeyuan/Desktop/ros/ros_ws/install/mecanumbot_teleop:/home/szeyuan/Desktop/ros/ros_ws/install/mecanumbot_hardware:/home/szeyuan/Desktop/ros/ros_ws/install/mecanumbot_bringup:/home/szeyuan/Desktop/ros/ros_ws/install/mecanumbot_description:/home/szeyuan/Desktop/ros/ros_ws/install/mecanumbot_controller:/home/szeyuan/Desktop/ros/ros_ws/install/mecanumbot_control /usr/bin/cmake --install /home/szeyuan/Desktop/ros/ros_ws/build/mecanumbot_control
