[0.193s] Invoking command in '/home/szeyuan/Desktop/ros/ros_ws/build/v4l2_camera': CMAKE_PREFIX_PATH=/home/szeyuan/Desktop/ros/ros_ws/install/v4l2_camera:/home/szeyuan/Desktop/ros/ros_ws/install/mediapipe_ros2:/opt/ros/humble:/home/szeyuan/Desktop/ros/ros_ws/install/usb_cam:/home/szeyuan/Desktop/ros/ros_ws/install/ros2_control_demo_example_1:/home/szeyuan/Desktop/ros/ros_ws/install/ros2_control_demo_description:/home/szeyuan/Desktop/ros/ros_ws/install/mecanumbot_teleop:/home/szeyuan/Desktop/ros/ros_ws/install/mecanumbot_hardware:/home/szeyuan/Desktop/ros/ros_ws/install/mecanumbot_bringup:/home/szeyuan/Desktop/ros/ros_ws/install/mecanumbot_description:/home/szeyuan/Desktop/ros/ros_ws/install/mecanumbot_controller:/home/szeyuan/Desktop/ros/ros_ws/install/mecanumbot_control /usr/bin/cmake --build /home/szeyuan/Desktop/ros/ros_ws/build/v4l2_camera -- -j16 -l16
[0.250s] [ 42%] Built target v4l2_camera
[0.252s] [100%] Built target v4l2_camera_compose_test
[0.252s] [100%] Built target v4l2_camera_node
[0.273s] Invoked command in '/home/szeyuan/Desktop/ros/ros_ws/build/v4l2_camera' returned '0': CMAKE_PREFIX_PATH=/home/szeyuan/Desktop/ros/ros_ws/install/v4l2_camera:/home/szeyuan/Desktop/ros/ros_ws/install/mediapipe_ros2:/opt/ros/humble:/home/szeyuan/Desktop/ros/ros_ws/install/usb_cam:/home/szeyuan/Desktop/ros/ros_ws/install/ros2_control_demo_example_1:/home/szeyuan/Desktop/ros/ros_ws/install/ros2_control_demo_description:/home/szeyuan/Desktop/ros/ros_ws/install/mecanumbot_teleop:/home/szeyuan/Desktop/ros/ros_ws/install/mecanumbot_hardware:/home/szeyuan/Desktop/ros/ros_ws/install/mecanumbot_bringup:/home/szeyuan/Desktop/ros/ros_ws/install/mecanumbot_description:/home/szeyuan/Desktop/ros/ros_ws/install/mecanumbot_controller:/home/szeyuan/Desktop/ros/ros_ws/install/mecanumbot_control /usr/bin/cmake --build /home/szeyuan/Desktop/ros/ros_ws/build/v4l2_camera -- -j16 -l16
[0.310s] Invoking command in '/home/szeyuan/Desktop/ros/ros_ws/build/v4l2_camera': CMAKE_PREFIX_PATH=/home/szeyuan/Desktop/ros/ros_ws/install/v4l2_camera:/home/szeyuan/Desktop/ros/ros_ws/install/mediapipe_ros2:/opt/ros/humble:/home/szeyuan/Desktop/ros/ros_ws/install/usb_cam:/home/szeyuan/Desktop/ros/ros_ws/install/ros2_control_demo_example_1:/home/szeyuan/Desktop/ros/ros_ws/install/ros2_control_demo_description:/home/szeyuan/Desktop/ros/ros_ws/install/mecanumbot_teleop:/home/szeyuan/Desktop/ros/ros_ws/install/mecanumbot_hardware:/home/szeyuan/Desktop/ros/ros_ws/install/mecanumbot_bringup:/home/szeyuan/Desktop/ros/ros_ws/install/mecanumbot_description:/home/szeyuan/Desktop/ros/ros_ws/install/mecanumbot_controller:/home/szeyuan/Desktop/ros/ros_ws/install/mecanumbot_control /usr/bin/cmake --install /home/szeyuan/Desktop/ros/ros_ws/build/v4l2_camera
[0.316s] -- Install configuration: ""
[0.316s] -- Execute custom install script
[0.316s] -- Up-to-date symlink: /home/szeyuan/Desktop/ros/ros_ws/install/v4l2_camera/include/v4l2_camera/control.hpp
[0.317s] -- Up-to-date symlink: /home/szeyuan/Desktop/ros/ros_ws/install/v4l2_camera/include/v4l2_camera/fourcc.hpp
[0.317s] -- Up-to-date symlink: /home/szeyuan/Desktop/ros/ros_ws/install/v4l2_camera/include/v4l2_camera/image_format.hpp
[0.317s] -- Up-to-date symlink: /home/szeyuan/Desktop/ros/ros_ws/install/v4l2_camera/include/v4l2_camera/pixel_format.hpp
[0.317s] -- Up-to-date symlink: /home/szeyuan/Desktop/ros/ros_ws/install/v4l2_camera/include/v4l2_camera/v4l2_camera.hpp
[0.317s] -- Up-to-date symlink: /home/szeyuan/Desktop/ros/ros_ws/install/v4l2_camera/include/v4l2_camera/v4l2_camera_device.hpp
[0.317s] -- Up-to-date symlink: /home/szeyuan/Desktop/ros/ros_ws/install/v4l2_camera/include/v4l2_camera/visibility_control.h
[0.317s] -- Up-to-date symlink: /home/szeyuan/Desktop/ros/ros_ws/install/v4l2_camera/share/v4l2_camera/environment/library_path.sh
[0.317s] -- Up-to-date symlink: /home/szeyuan/Desktop/ros/ros_ws/install/v4l2_camera/share/v4l2_camera/environment/library_path.dsv
[0.318s] -- Up-to-date symlink: /home/szeyuan/Desktop/ros/ros_ws/install/v4l2_camera/include/v4l2_camera/control.hpp
[0.318s] -- Up-to-date symlink: /home/szeyuan/Desktop/ros/ros_ws/install/v4l2_camera/include/v4l2_camera/fourcc.hpp
[0.318s] -- Up-to-date symlink: /home/szeyuan/Desktop/ros/ros_ws/install/v4l2_camera/include/v4l2_camera/image_format.hpp
[0.318s] -- Up-to-date symlink: /home/szeyuan/Desktop/ros/ros_ws/install/v4l2_camera/include/v4l2_camera/pixel_format.hpp
[0.318s] -- Up-to-date symlink: /home/szeyuan/Desktop/ros/ros_ws/install/v4l2_camera/include/v4l2_camera/v4l2_camera.hpp
[0.318s] -- Up-to-date symlink: /home/szeyuan/Desktop/ros/ros_ws/install/v4l2_camera/include/v4l2_camera/v4l2_camera_device.hpp
[0.318s] -- Up-to-date symlink: /home/szeyuan/Desktop/ros/ros_ws/install/v4l2_camera/include/v4l2_camera/visibility_control.h
[0.319s] -- Up-to-date symlink: /home/szeyuan/Desktop/ros/ros_ws/install/v4l2_camera/share/v4l2_camera/launch/v4l2_camera.launch.py
[0.319s] -- Up-to-date symlink: /home/szeyuan/Desktop/ros/ros_ws/install/v4l2_camera/share/ament_index/resource_index/package_run_dependencies/v4l2_camera
[0.319s] -- Up-to-date symlink: /home/szeyuan/Desktop/ros/ros_ws/install/v4l2_camera/share/ament_index/resource_index/parent_prefix_path/v4l2_camera
[0.319s] -- Up-to-date symlink: /home/szeyuan/Desktop/ros/ros_ws/install/v4l2_camera/share/v4l2_camera/environment/ament_prefix_path.sh
[0.319s] -- Up-to-date symlink: /home/szeyuan/Desktop/ros/ros_ws/install/v4l2_camera/share/v4l2_camera/environment/ament_prefix_path.dsv
[0.319s] -- Up-to-date symlink: /home/szeyuan/Desktop/ros/ros_ws/install/v4l2_camera/share/v4l2_camera/environment/path.sh
[0.319s] -- Up-to-date symlink: /home/szeyuan/Desktop/ros/ros_ws/install/v4l2_camera/share/v4l2_camera/environment/path.dsv
[0.320s] -- Up-to-date symlink: /home/szeyuan/Desktop/ros/ros_ws/install/v4l2_camera/share/v4l2_camera/local_setup.bash
[0.320s] -- Up-to-date symlink: /home/szeyuan/Desktop/ros/ros_ws/install/v4l2_camera/share/v4l2_camera/local_setup.sh
[0.320s] -- Up-to-date symlink: /home/szeyuan/Desktop/ros/ros_ws/install/v4l2_camera/share/v4l2_camera/local_setup.zsh
[0.320s] -- Up-to-date symlink: /home/szeyuan/Desktop/ros/ros_ws/install/v4l2_camera/share/v4l2_camera/local_setup.dsv
[0.320s] -- Symlinking: /home/szeyuan/Desktop/ros/ros_ws/install/v4l2_camera/share/v4l2_camera/package.dsv
[0.325s] -- Up-to-date symlink: /home/szeyuan/Desktop/ros/ros_ws/install/v4l2_camera/share/ament_index/resource_index/packages/v4l2_camera
[0.325s] -- Up-to-date symlink: /home/szeyuan/Desktop/ros/ros_ws/install/v4l2_camera/share/ament_index/resource_index/rclcpp_components/v4l2_camera
[0.325s] -- Up-to-date symlink: /home/szeyuan/Desktop/ros/ros_ws/install/v4l2_camera/share/v4l2_camera/cmake/ament_cmake_export_include_directories-extras.cmake
[0.326s] -- Up-to-date symlink: /home/szeyuan/Desktop/ros/ros_ws/install/v4l2_camera/share/v4l2_camera/cmake/ament_cmake_export_targets-extras.cmake
[0.326s] -- Up-to-date symlink: /home/szeyuan/Desktop/ros/ros_ws/install/v4l2_camera/share/v4l2_camera/cmake/ament_cmake_export_libraries-extras.cmake
[0.326s] -- Up-to-date symlink: /home/szeyuan/Desktop/ros/ros_ws/install/v4l2_camera/share/v4l2_camera/cmake/ament_cmake_export_dependencies-extras.cmake
[0.326s] -- Up-to-date symlink: /home/szeyuan/Desktop/ros/ros_ws/install/v4l2_camera/share/v4l2_camera/cmake/v4l2_cameraConfig.cmake
[0.326s] -- Up-to-date symlink: /home/szeyuan/Desktop/ros/ros_ws/install/v4l2_camera/share/v4l2_camera/cmake/v4l2_cameraConfig-version.cmake
[0.326s] -- Up-to-date symlink: /home/szeyuan/Desktop/ros/ros_ws/install/v4l2_camera/share/v4l2_camera/package.xml
[0.326s] -- Up-to-date: /home/szeyuan/Desktop/ros/ros_ws/install/v4l2_camera/lib/libv4l2_camera.so
[0.326s] -- Up-to-date: /home/szeyuan/Desktop/ros/ros_ws/install/v4l2_camera/lib/v4l2_camera/v4l2_camera_node
[0.326s] -- Up-to-date: /home/szeyuan/Desktop/ros/ros_ws/install/v4l2_camera/lib/v4l2_camera/v4l2_camera_compose_test
[0.327s] -- Up-to-date: /home/szeyuan/Desktop/ros/ros_ws/install/v4l2_camera/share/v4l2_camera/cmake/export_v4l2_cameraExport.cmake
[0.327s] -- Up-to-date: /home/szeyuan/Desktop/ros/ros_ws/install/v4l2_camera/share/v4l2_camera/cmake/export_v4l2_cameraExport-noconfig.cmake
[0.328s] Invoked command in '/home/szeyuan/Desktop/ros/ros_ws/build/v4l2_camera' returned '0': CMAKE_PREFIX_PATH=/home/szeyuan/Desktop/ros/ros_ws/install/v4l2_camera:/home/szeyuan/Desktop/ros/ros_ws/install/mediapipe_ros2:/opt/ros/humble:/home/szeyuan/Desktop/ros/ros_ws/install/usb_cam:/home/szeyuan/Desktop/ros/ros_ws/install/ros2_control_demo_example_1:/home/szeyuan/Desktop/ros/ros_ws/install/ros2_control_demo_description:/home/szeyuan/Desktop/ros/ros_ws/install/mecanumbot_teleop:/home/szeyuan/Desktop/ros/ros_ws/install/mecanumbot_hardware:/home/szeyuan/Desktop/ros/ros_ws/install/mecanumbot_bringup:/home/szeyuan/Desktop/ros/ros_ws/install/mecanumbot_description:/home/szeyuan/Desktop/ros/ros_ws/install/mecanumbot_controller:/home/szeyuan/Desktop/ros/ros_ws/install/mecanumbot_control /usr/bin/cmake --install /home/szeyuan/Desktop/ros/ros_ws/build/v4l2_camera
