[0.007s] Invoking command in '/home/szeyuan/Desktop/ros/ros_ws/build/usb_cam': CMAKE_PREFIX_PATH=${CMAKE_PREFIX_PATH}:/opt/ros/humble /usr/bin/cmake /home/szeyuan/Desktop/ros/ros_ws/src/usb_cam -DCMAKE_INSTALL_PREFIX=/home/szeyuan/Desktop/ros/ros_ws/install/usb_cam
[0.016s] -- Found ament_cmake_auto: 1.3.8 (/opt/ros/humble/share/ament_cmake_auto/cmake)
[0.090s] -- Override CMake install command with custom implementation using symlinks instead of copying resources
[0.154s] -- Found rosidl_generator_c: 3.1.5 (/opt/ros/humble/share/rosidl_generator_c/cmake)
[0.155s] -- Found rosidl_adapter: 3.1.5 (/opt/ros/humble/share/rosidl_adapter/cmake)
[0.159s] -- Found rosidl_generator_cpp: 3.1.5 (/opt/ros/humble/share/rosidl_generator_cpp/cmake)
[0.166s] -- Using all available rosidl_typesupport_c: rosidl_typesupport_fastrtps_c;rosidl_typesupport_introspection_c
[0.176s] -- Using all available rosidl_typesupport_cpp: rosidl_typesupport_fastrtps_cpp;rosidl_typesupport_introspection_cpp
[0.219s] -- Found rmw_implementation_cmake: 6.1.1 (/opt/ros/humble/share/rmw_implementation_cmake/cmake)
[0.220s] -- Found rmw_fastrtps_cpp: 6.2.6 (/opt/ros/humble/share/rmw_fastrtps_cpp/cmake)
[0.297s] -- Using RMW implementation 'rmw_fastrtps_cpp' as default
[0.595s] -- Found ament_lint_auto: 0.12.10 (/opt/ros/humble/share/ament_lint_auto/cmake)
[0.599s] -- Found gtest sources under '/opt/ros/humble/src/gtest_vendor': C++ tests using 'Google Test' will be built
[0.606s] -- Added test 'copyright' to check source files copyright and LICENSE
[0.609s] -- Added test 'cppcheck' to perform static code analysis on C / C++ code
[0.609s] -- Configured cppcheck include dirs: /home/szeyuan/Desktop/ros/ros_ws/src/usb_cam/include
[0.609s] -- Configured cppcheck exclude dirs and/or files: 
[0.612s] -- Added test 'cpplint' to check C / C++ code against the Google style
[0.612s] -- Configured cpplint exclude dirs and/or files: 
[0.612s] -- Added test 'flake8' to check Python code syntax and style conventions
[0.613s] -- Added test 'lint_cmake' to check CMake code style
[0.613s] -- Added test 'pep257' to check Python code against some of the docstring style conventions in PEP 257
[0.616s] -- Added test 'uncrustify' to check C / C++ code style
[0.616s] -- Configured uncrustify additional arguments: 
[0.616s] -- Added test 'xmllint' to check XML markup files
[0.617s] -- Configuring done
[0.635s] -- Generating done
[0.637s] -- Build files have been written to: /home/szeyuan/Desktop/ros/ros_ws/build/usb_cam
[0.644s] Invoked command in '/home/szeyuan/Desktop/ros/ros_ws/build/usb_cam' returned '0': CMAKE_PREFIX_PATH=${CMAKE_PREFIX_PATH}:/opt/ros/humble /usr/bin/cmake /home/szeyuan/Desktop/ros/ros_ws/src/usb_cam -DCMAKE_INSTALL_PREFIX=/home/szeyuan/Desktop/ros/ros_ws/install/usb_cam
[0.645s] Invoking command in '/home/szeyuan/Desktop/ros/ros_ws/build/usb_cam': CMAKE_PREFIX_PATH=${CMAKE_PREFIX_PATH}:/opt/ros/humble /usr/bin/cmake --build /home/szeyuan/Desktop/ros/ros_ws/build/usb_cam -- -j16 -l16
[0.668s] [35m[1mConsolidate compiler generated dependencies of target usb_cam[0m
[0.669s] [35m[1mConsolidate compiler generated dependencies of target gtest_main[0m
[0.669s] [35m[1mConsolidate compiler generated dependencies of target usb_cam_node_exe[0m
[0.669s] [35m[1mConsolidate compiler generated dependencies of target gtest[0m
[0.678s] [ 14%] Built target gtest_main
[0.679s] [ 28%] Built target gtest
[0.679s] [ 42%] Built target usb_cam
[0.681s] [ 57%] Built target usb_cam_node_exe
[0.685s] [35m[1mConsolidate compiler generated dependencies of target test_usb_cam_utils[0m
[0.685s] [35m[1mConsolidate compiler generated dependencies of target test_pixel_formats[0m
[0.685s] [35m[1mConsolidate compiler generated dependencies of target usb_cam_node[0m
[0.696s] [ 85%] Built target test_usb_cam_utils
[0.696s] [ 85%] Built target test_pixel_formats
[0.700s] [100%] Built target usb_cam_node
[0.707s] Invoked command in '/home/szeyuan/Desktop/ros/ros_ws/build/usb_cam' returned '0': CMAKE_PREFIX_PATH=${CMAKE_PREFIX_PATH}:/opt/ros/humble /usr/bin/cmake --build /home/szeyuan/Desktop/ros/ros_ws/build/usb_cam -- -j16 -l16
[0.736s] Invoking command in '/home/szeyuan/Desktop/ros/ros_ws/build/usb_cam': CMAKE_PREFIX_PATH=${CMAKE_PREFIX_PATH}:/opt/ros/humble /usr/bin/cmake --install /home/szeyuan/Desktop/ros/ros_ws/build/usb_cam
[0.740s] -- Install configuration: ""
[0.740s] -- Execute custom install script
[0.740s] -- Up-to-date symlink: /home/szeyuan/Desktop/ros/ros_ws/install/usb_cam/share/usb_cam/environment/library_path.sh
[0.741s] -- Up-to-date symlink: /home/szeyuan/Desktop/ros/ros_ws/install/usb_cam/share/usb_cam/environment/library_path.dsv
[0.741s] -- Up-to-date symlink: /home/szeyuan/Desktop/ros/ros_ws/install/usb_cam/lib/usb_cam/usb_cam_node_exe
[0.741s] -- Up-to-date symlink: /home/szeyuan/Desktop/ros/ros_ws/install/usb_cam/lib/usb_cam/show_image.py
[0.741s] -- Up-to-date symlink: /home/szeyuan/Desktop/ros/ros_ws/install/usb_cam/lib/libusb_cam.so
[0.741s] -- Up-to-date symlink: /home/szeyuan/Desktop/ros/ros_ws/install/usb_cam/lib/libusb_cam_node.so
[0.741s] -- Up-to-date symlink: /home/szeyuan/Desktop/ros/ros_ws/install/usb_cam/include/usb_cam/constants.hpp
[0.741s] -- Up-to-date symlink: /home/szeyuan/Desktop/ros/ros_ws/install/usb_cam/include/usb_cam/conversions.hpp
[0.741s] -- Up-to-date symlink: /home/szeyuan/Desktop/ros/ros_ws/install/usb_cam/include/usb_cam/formats/av_pixel_format_helper.hpp
[0.741s] -- Up-to-date symlink: /home/szeyuan/Desktop/ros/ros_ws/install/usb_cam/include/usb_cam/formats/m420.hpp
[0.741s] -- Up-to-date symlink: /home/szeyuan/Desktop/ros/ros_ws/install/usb_cam/include/usb_cam/formats/mjpeg.hpp
[0.742s] -- Up-to-date symlink: /home/szeyuan/Desktop/ros/ros_ws/install/usb_cam/include/usb_cam/formats/mono.hpp
[0.742s] -- Up-to-date symlink: /home/szeyuan/Desktop/ros/ros_ws/install/usb_cam/include/usb_cam/formats/pixel_format_base.hpp
[0.742s] -- Up-to-date symlink: /home/szeyuan/Desktop/ros/ros_ws/install/usb_cam/include/usb_cam/formats/rgb.hpp
[0.742s] -- Up-to-date symlink: /home/szeyuan/Desktop/ros/ros_ws/install/usb_cam/include/usb_cam/formats/utils.hpp
[0.742s] -- Up-to-date symlink: /home/szeyuan/Desktop/ros/ros_ws/install/usb_cam/include/usb_cam/formats/uyvy.hpp
[0.742s] -- Up-to-date symlink: /home/szeyuan/Desktop/ros/ros_ws/install/usb_cam/include/usb_cam/formats/yuyv.hpp
[0.742s] -- Up-to-date symlink: /home/szeyuan/Desktop/ros/ros_ws/install/usb_cam/include/usb_cam/usb_cam.hpp
[0.742s] -- Up-to-date symlink: /home/szeyuan/Desktop/ros/ros_ws/install/usb_cam/include/usb_cam/usb_cam_node.hpp
[0.742s] -- Up-to-date symlink: /home/szeyuan/Desktop/ros/ros_ws/install/usb_cam/include/usb_cam/utils.hpp
[0.742s] -- Up-to-date symlink: /home/szeyuan/Desktop/ros/ros_ws/install/usb_cam/lib/libusb_cam_node.so
[0.742s] -- Up-to-date symlink: /home/szeyuan/Desktop/ros/ros_ws/install/usb_cam/share/usb_cam/launch/__init__.py
[0.742s] -- Symlinking: /home/szeyuan/Desktop/ros/ros_ws/install/usb_cam/share/usb_cam/launch/__pycache__/camera_config.cpython-310.pyc
[0.748s] -- Up-to-date symlink: /home/szeyuan/Desktop/ros/ros_ws/install/usb_cam/share/usb_cam/launch/camera.launch.py
[0.748s] -- Up-to-date symlink: /home/szeyuan/Desktop/ros/ros_ws/install/usb_cam/share/usb_cam/launch/camera_config.py
[0.748s] -- Up-to-date symlink: /home/szeyuan/Desktop/ros/ros_ws/install/usb_cam/share/usb_cam/config/camera_info.yaml
[0.748s] -- Up-to-date symlink: /home/szeyuan/Desktop/ros/ros_ws/install/usb_cam/share/usb_cam/config/params_1.yaml
[0.748s] -- Up-to-date symlink: /home/szeyuan/Desktop/ros/ros_ws/install/usb_cam/share/usb_cam/config/params_2.yaml
[0.748s] -- Up-to-date symlink: /home/szeyuan/Desktop/ros/ros_ws/install/usb_cam/share/ament_index/resource_index/package_run_dependencies/usb_cam
[0.748s] -- Up-to-date symlink: /home/szeyuan/Desktop/ros/ros_ws/install/usb_cam/share/ament_index/resource_index/parent_prefix_path/usb_cam
[0.749s] -- Up-to-date symlink: /home/szeyuan/Desktop/ros/ros_ws/install/usb_cam/share/usb_cam/environment/ament_prefix_path.sh
[0.749s] -- Up-to-date symlink: /home/szeyuan/Desktop/ros/ros_ws/install/usb_cam/share/usb_cam/environment/ament_prefix_path.dsv
[0.749s] -- Up-to-date symlink: /home/szeyuan/Desktop/ros/ros_ws/install/usb_cam/share/usb_cam/environment/path.sh
[0.749s] -- Up-to-date symlink: /home/szeyuan/Desktop/ros/ros_ws/install/usb_cam/share/usb_cam/environment/path.dsv
[0.749s] -- Up-to-date symlink: /home/szeyuan/Desktop/ros/ros_ws/install/usb_cam/share/usb_cam/local_setup.bash
[0.749s] -- Up-to-date symlink: /home/szeyuan/Desktop/ros/ros_ws/install/usb_cam/share/usb_cam/local_setup.sh
[0.749s] -- Up-to-date symlink: /home/szeyuan/Desktop/ros/ros_ws/install/usb_cam/share/usb_cam/local_setup.zsh
[0.749s] -- Up-to-date symlink: /home/szeyuan/Desktop/ros/ros_ws/install/usb_cam/share/usb_cam/local_setup.dsv
[0.749s] -- Symlinking: /home/szeyuan/Desktop/ros/ros_ws/install/usb_cam/share/usb_cam/package.dsv
[0.754s] -- Up-to-date symlink: /home/szeyuan/Desktop/ros/ros_ws/install/usb_cam/share/ament_index/resource_index/packages/usb_cam
[0.754s] -- Up-to-date symlink: /home/szeyuan/Desktop/ros/ros_ws/install/usb_cam/share/ament_index/resource_index/rclcpp_components/usb_cam
[0.755s] -- Up-to-date symlink: /home/szeyuan/Desktop/ros/ros_ws/install/usb_cam/share/usb_cam/cmake/ament_cmake_export_libraries-extras.cmake
[0.755s] -- Up-to-date symlink: /home/szeyuan/Desktop/ros/ros_ws/install/usb_cam/share/usb_cam/cmake/ament_cmake_export_dependencies-extras.cmake
[0.755s] -- Up-to-date symlink: /home/szeyuan/Desktop/ros/ros_ws/install/usb_cam/share/usb_cam/cmake/ament_cmake_export_include_directories-extras.cmake
[0.755s] -- Up-to-date symlink: /home/szeyuan/Desktop/ros/ros_ws/install/usb_cam/share/usb_cam/cmake/usb_camConfig.cmake
[0.755s] -- Up-to-date symlink: /home/szeyuan/Desktop/ros/ros_ws/install/usb_cam/share/usb_cam/cmake/usb_camConfig-version.cmake
[0.755s] -- Up-to-date symlink: /home/szeyuan/Desktop/ros/ros_ws/install/usb_cam/share/usb_cam/package.xml
[0.757s] Invoked command in '/home/szeyuan/Desktop/ros/ros_ws/build/usb_cam' returned '0': CMAKE_PREFIX_PATH=${CMAKE_PREFIX_PATH}:/opt/ros/humble /usr/bin/cmake --install /home/szeyuan/Desktop/ros/ros_ws/build/usb_cam
