[0.018s] Invoking command in '/home/szeyuan/Desktop/ros/ros_ws/build/mecanumbot_description': CMAKE_PREFIX_PATH=/opt/ros/humble /usr/bin/cmake /home/szeyuan/Desktop/ros/ros_ws/src/ros2-mecanum-bot/mecanumbot_description -DCMAKE_INSTALL_PREFIX=/home/szeyuan/Desktop/ros/ros_ws/install/mecanumbot_description
[0.032s] -- Found ament_cmake: 1.3.8 (/opt/ros/humble/share/ament_cmake/cmake)
[0.141s] -- Found urdf: 2.6.0 (/opt/ros/humble/share/urdf/cmake)
[0.178s] -- Found xacro: 2.0.8 (/opt/ros/humble/share/xacro/cmake)
[0.248s] -- Configuring done
[0.251s] -- Generating done
[0.251s] -- Build files have been written to: /home/szeyuan/Desktop/ros/ros_ws/build/mecanumbot_description
[0.260s] Invoked command in '/home/szeyuan/Desktop/ros/ros_ws/build/mecanumbot_description' returned '0': CMAKE_PREFIX_PATH=/opt/ros/humble /usr/bin/cmake /home/szeyuan/Desktop/ros/ros_ws/src/ros2-mecanum-bot/mecanumbot_description -DCMAKE_INSTALL_PREFIX=/home/szeyuan/Desktop/ros/ros_ws/install/mecanumbot_description
[0.262s] Invoking command in '/home/szeyuan/Desktop/ros/ros_ws/build/mecanumbot_description': CMAKE_PREFIX_PATH=/opt/ros/humble /usr/bin/cmake --build /home/szeyuan/Desktop/ros/ros_ws/build/mecanumbot_description -- -j16 -l16
[0.289s] Invoked command in '/home/szeyuan/Desktop/ros/ros_ws/build/mecanumbot_description' returned '0': CMAKE_PREFIX_PATH=/opt/ros/humble /usr/bin/cmake --build /home/szeyuan/Desktop/ros/ros_ws/build/mecanumbot_description -- -j16 -l16
[0.312s] Invoking command in '/home/szeyuan/Desktop/ros/ros_ws/build/mecanumbot_description': CMAKE_PREFIX_PATH=/opt/ros/humble /usr/bin/cmake --install /home/szeyuan/Desktop/ros/ros_ws/build/mecanumbot_description
[0.321s] -- Install configuration: ""
[0.321s] -- Installing: /home/szeyuan/Desktop/ros/ros_ws/install/mecanumbot_description/share/mecanumbot_description/urdf
[0.321s] -- Installing: /home/szeyuan/Desktop/ros/ros_ws/install/mecanumbot_description/share/mecanumbot_description/urdf/mecanumbot.urdf
[0.321s] -- Installing: /home/szeyuan/Desktop/ros/ros_ws/install/mecanumbot_description/share/mecanumbot_description/rviz
[0.321s] -- Installing: /home/szeyuan/Desktop/ros/ros_ws/install/mecanumbot_description/share/mecanumbot_description/rviz/model.rviz
[0.321s] -- Installing: /home/szeyuan/Desktop/ros/ros_ws/install/mecanumbot_description/share/mecanumbot_description/meshes
[0.321s] -- Installing: /home/szeyuan/Desktop/ros/ros_ws/install/mecanumbot_description/share/mecanumbot_description/meshes/rl_wheel_link.STL
[0.322s] -- Installing: /home/szeyuan/Desktop/ros/ros_ws/install/mecanumbot_description/share/mecanumbot_description/meshes/fl_wheel_link.STL
[0.323s] -- Installing: /home/szeyuan/Desktop/ros/ros_ws/install/mecanumbot_description/share/mecanumbot_description/meshes/fr_wheel_link.STL
[0.324s] -- Installing: /home/szeyuan/Desktop/ros/ros_ws/install/mecanumbot_description/share/mecanumbot_description/meshes/rr_wheel_link.STL
[0.325s] -- Installing: /home/szeyuan/Desktop/ros/ros_ws/install/mecanumbot_description/share/mecanumbot_description/config
[0.325s] -- Installing: /home/szeyuan/Desktop/ros/ros_ws/install/mecanumbot_description/share/mecanumbot_description/config/robot_controller_config.yaml
[0.325s] -- Installing: /home/szeyuan/Desktop/ros/ros_ws/install/mecanumbot_description/share/ament_index/resource_index/package_run_dependencies/mecanumbot_description
[0.325s] -- Installing: /home/szeyuan/Desktop/ros/ros_ws/install/mecanumbot_description/share/ament_index/resource_index/parent_prefix_path/mecanumbot_description
[0.326s] -- Installing: /home/szeyuan/Desktop/ros/ros_ws/install/mecanumbot_description/share/mecanumbot_description/environment/ament_prefix_path.sh
[0.326s] -- Installing: /home/szeyuan/Desktop/ros/ros_ws/install/mecanumbot_description/share/mecanumbot_description/environment/ament_prefix_path.dsv
[0.326s] -- Installing: /home/szeyuan/Desktop/ros/ros_ws/install/mecanumbot_description/share/mecanumbot_description/environment/path.sh
[0.326s] -- Installing: /home/szeyuan/Desktop/ros/ros_ws/install/mecanumbot_description/share/mecanumbot_description/environment/path.dsv
[0.326s] -- Installing: /home/szeyuan/Desktop/ros/ros_ws/install/mecanumbot_description/share/mecanumbot_description/local_setup.bash
[0.326s] -- Installing: /home/szeyuan/Desktop/ros/ros_ws/install/mecanumbot_description/share/mecanumbot_description/local_setup.sh
[0.326s] -- Installing: /home/szeyuan/Desktop/ros/ros_ws/install/mecanumbot_description/share/mecanumbot_description/local_setup.zsh
[0.326s] -- Installing: /home/szeyuan/Desktop/ros/ros_ws/install/mecanumbot_description/share/mecanumbot_description/local_setup.dsv
[0.326s] -- Installing: /home/szeyuan/Desktop/ros/ros_ws/install/mecanumbot_description/share/mecanumbot_description/package.dsv
[0.327s] -- Installing: /home/szeyuan/Desktop/ros/ros_ws/install/mecanumbot_description/share/ament_index/resource_index/packages/mecanumbot_description
[0.327s] -- Installing: /home/szeyuan/Desktop/ros/ros_ws/install/mecanumbot_description/share/mecanumbot_description/cmake/mecanumbot_descriptionConfig.cmake
[0.327s] -- Installing: /home/szeyuan/Desktop/ros/ros_ws/install/mecanumbot_description/share/mecanumbot_description/cmake/mecanumbot_descriptionConfig-version.cmake
[0.327s] -- Installing: /home/szeyuan/Desktop/ros/ros_ws/install/mecanumbot_description/share/mecanumbot_description/package.xml
[0.329s] Invoked command in '/home/szeyuan/Desktop/ros/ros_ws/build/mecanumbot_description' returned '0': CMAKE_PREFIX_PATH=/opt/ros/humble /usr/bin/cmake --install /home/szeyuan/Desktop/ros/ros_ws/build/mecanumbot_description
