[0.005s] Invoking command in '/home/szeyuan/Desktop/ros/ros_ws/build/mecanumbot_bringup': AMENT_PREFIX_PATH=/home/szeyuan/Desktop/ros/ros_ws/install/mecanumbot_description:${AMENT_PREFIX_PATH} CMAKE_PREFIX_PATH=/home/szeyuan/Desktop/ros/ros_ws/install/mecanumbot_description:/opt/ros/humble /usr/bin/cmake /home/szeyuan/Desktop/ros/ros_ws/src/ros2-mecanum-bot/mecanumbot_bringup -DCMAKE_INSTALL_PREFIX=/home/szeyuan/Desktop/ros/ros_ws/install/mecanumbot_bringup
[0.049s] -- The C compiler identification is GNU 11.4.0
[0.093s] -- The CXX compiler identification is GNU 11.4.0
[0.098s] -- Detecting C compiler ABI info
[0.147s] -- Detecting C compiler ABI info - done
[0.156s] -- Check for working C compiler: /usr/bin/cc - skipped
[0.156s] -- Detecting C compile features
[0.156s] -- Detecting C compile features - done
[0.160s] -- Detecting CXX compiler ABI info
[0.219s] -- Detecting CXX compiler ABI info - done
[0.228s] -- Check for working CXX compiler: /usr/bin/c++ - skipped
[0.228s] -- Detecting CXX compile features
[0.228s] -- Detecting CXX compile features - done
[0.231s] -- Found ament_cmake: 1.3.8 (/opt/ros/humble/share/ament_cmake/cmake)
[0.343s] -- Found Python3: /usr/bin/python3 (found version "3.10.12") found components: Interpreter 
[0.501s] -- Configuring done
[0.503s] -- Generating done
[0.504s] -- Build files have been written to: /home/szeyuan/Desktop/ros/ros_ws/build/mecanumbot_bringup
[0.509s] Invoked command in '/home/szeyuan/Desktop/ros/ros_ws/build/mecanumbot_bringup' returned '0': AMENT_PREFIX_PATH=/home/szeyuan/Desktop/ros/ros_ws/install/mecanumbot_description:${AMENT_PREFIX_PATH} CMAKE_PREFIX_PATH=/home/szeyuan/Desktop/ros/ros_ws/install/mecanumbot_description:/opt/ros/humble /usr/bin/cmake /home/szeyuan/Desktop/ros/ros_ws/src/ros2-mecanum-bot/mecanumbot_bringup -DCMAKE_INSTALL_PREFIX=/home/szeyuan/Desktop/ros/ros_ws/install/mecanumbot_bringup
[0.510s] Invoking command in '/home/szeyuan/Desktop/ros/ros_ws/build/mecanumbot_bringup': AMENT_PREFIX_PATH=/home/szeyuan/Desktop/ros/ros_ws/install/mecanumbot_description:${AMENT_PREFIX_PATH} CMAKE_PREFIX_PATH=/home/szeyuan/Desktop/ros/ros_ws/install/mecanumbot_description:/opt/ros/humble /usr/bin/cmake --build /home/szeyuan/Desktop/ros/ros_ws/build/mecanumbot_bringup -- -j16 -l16
[0.537s] Invoked command in '/home/szeyuan/Desktop/ros/ros_ws/build/mecanumbot_bringup' returned '0': AMENT_PREFIX_PATH=/home/szeyuan/Desktop/ros/ros_ws/install/mecanumbot_description:${AMENT_PREFIX_PATH} CMAKE_PREFIX_PATH=/home/szeyuan/Desktop/ros/ros_ws/install/mecanumbot_description:/opt/ros/humble /usr/bin/cmake --build /home/szeyuan/Desktop/ros/ros_ws/build/mecanumbot_bringup -- -j16 -l16
[0.553s] Invoking command in '/home/szeyuan/Desktop/ros/ros_ws/build/mecanumbot_bringup': AMENT_PREFIX_PATH=/home/szeyuan/Desktop/ros/ros_ws/install/mecanumbot_description:${AMENT_PREFIX_PATH} CMAKE_PREFIX_PATH=/home/szeyuan/Desktop/ros/ros_ws/install/mecanumbot_description:/opt/ros/humble /usr/bin/cmake --install /home/szeyuan/Desktop/ros/ros_ws/build/mecanumbot_bringup
[0.560s] -- Install configuration: ""
[0.560s] -- Installing: /home/szeyuan/Desktop/ros/ros_ws/install/mecanumbot_bringup/share/mecanumbot_bringup/launch
[0.560s] -- Installing: /home/szeyuan/Desktop/ros/ros_ws/install/mecanumbot_bringup/share/mecanumbot_bringup/launch/mecanumbot_teleop.py
[0.560s] -- Installing: /home/szeyuan/Desktop/ros/ros_ws/install/mecanumbot_bringup/share/mecanumbot_bringup/launch/rviz2.py
[0.560s] -- Installing: /home/szeyuan/Desktop/ros/ros_ws/install/mecanumbot_bringup/share/mecanumbot_bringup/launch/mecanumbot_state_publisher.py
[0.560s] -- Installing: /home/szeyuan/Desktop/ros/ros_ws/install/mecanumbot_bringup/share/mecanumbot_bringup/launch/mecanumbot_hardware.py
[0.560s] -- Installing: /home/szeyuan/Desktop/ros/ros_ws/install/mecanumbot_bringup/share/ament_index/resource_index/package_run_dependencies/mecanumbot_bringup
[0.561s] -- Installing: /home/szeyuan/Desktop/ros/ros_ws/install/mecanumbot_bringup/share/ament_index/resource_index/parent_prefix_path/mecanumbot_bringup
[0.561s] -- Installing: /home/szeyuan/Desktop/ros/ros_ws/install/mecanumbot_bringup/share/mecanumbot_bringup/environment/ament_prefix_path.sh
[0.561s] -- Installing: /home/szeyuan/Desktop/ros/ros_ws/install/mecanumbot_bringup/share/mecanumbot_bringup/environment/ament_prefix_path.dsv
[0.561s] -- Installing: /home/szeyuan/Desktop/ros/ros_ws/install/mecanumbot_bringup/share/mecanumbot_bringup/environment/path.sh
[0.561s] -- Installing: /home/szeyuan/Desktop/ros/ros_ws/install/mecanumbot_bringup/share/mecanumbot_bringup/environment/path.dsv
[0.561s] -- Installing: /home/szeyuan/Desktop/ros/ros_ws/install/mecanumbot_bringup/share/mecanumbot_bringup/local_setup.bash
[0.561s] -- Installing: /home/szeyuan/Desktop/ros/ros_ws/install/mecanumbot_bringup/share/mecanumbot_bringup/local_setup.sh
[0.561s] -- Installing: /home/szeyuan/Desktop/ros/ros_ws/install/mecanumbot_bringup/share/mecanumbot_bringup/local_setup.zsh
[0.561s] -- Installing: /home/szeyuan/Desktop/ros/ros_ws/install/mecanumbot_bringup/share/mecanumbot_bringup/local_setup.dsv
[0.562s] -- Installing: /home/szeyuan/Desktop/ros/ros_ws/install/mecanumbot_bringup/share/mecanumbot_bringup/package.dsv
[0.562s] -- Installing: /home/szeyuan/Desktop/ros/ros_ws/install/mecanumbot_bringup/share/ament_index/resource_index/packages/mecanumbot_bringup
[0.562s] -- Installing: /home/szeyuan/Desktop/ros/ros_ws/install/mecanumbot_bringup/share/mecanumbot_bringup/cmake/mecanumbot_bringupConfig.cmake
[0.562s] -- Installing: /home/szeyuan/Desktop/ros/ros_ws/install/mecanumbot_bringup/share/mecanumbot_bringup/cmake/mecanumbot_bringupConfig-version.cmake
[0.562s] -- Installing: /home/szeyuan/Desktop/ros/ros_ws/install/mecanumbot_bringup/share/mecanumbot_bringup/package.xml
[0.568s] Invoked command in '/home/szeyuan/Desktop/ros/ros_ws/build/mecanumbot_bringup' returned '0': AMENT_PREFIX_PATH=/home/szeyuan/Desktop/ros/ros_ws/install/mecanumbot_description:${AMENT_PREFIX_PATH} CMAKE_PREFIX_PATH=/home/szeyuan/Desktop/ros/ros_ws/install/mecanumbot_description:/opt/ros/humble /usr/bin/cmake --install /home/szeyuan/Desktop/ros/ros_ws/build/mecanumbot_bringup
