[0.016s] Invoking command in '/home/szeyuan/Desktop/ros/ros_ws/build/mecanumbot_teleop': /usr/bin/cmake /home/szeyuan/Desktop/ros/ros_ws/src/ros2-mecanum-bot/mecanumbot_teleop -DCMAKE_INSTALL_PREFIX=/home/szeyuan/Desktop/ros/ros_ws/install/mecanumbot_teleop
[0.074s] -- The C compiler identification is GNU 11.4.0
[0.139s] -- The CXX compiler identification is GNU 11.4.0
[0.145s] -- Detecting C compiler ABI info
[0.194s] -- Detecting C compiler ABI info - done
[0.204s] -- Check for working C compiler: /usr/bin/cc - skipped
[0.204s] -- Detecting C compile features
[0.204s] -- Detecting C compile features - done
[0.208s] -- Detecting CXX compiler ABI info
[0.258s] -- Detecting CXX compiler ABI info - done
[0.263s] -- Check for working CXX compiler: /usr/bin/c++ - skipped
[0.263s] -- Detecting CXX compile features
[0.264s] -- Detecting CXX compile features - done
[0.269s] [31mCMake Error at CMakeLists.txt:19 (find_package):
[0.269s]   By not providing "Findament_cmake.cmake" in CMAKE_MODULE_PATH this project
[0.269s]   has asked CMake to find a package configuration file provided by
[0.269s]   "ament_cmake", but CMake did not find one.
[0.269s] 
[0.270s]   Could not find a package configuration file provided by "ament_cmake" with
[0.270s]   any of the following names:
[0.270s] 
[0.270s]     ament_cmakeConfig.cmake
[0.270s]     ament_cmake-config.cmake
[0.270s] 
[0.270s]   Add the installation prefix of "ament_cmake" to CMAKE_PREFIX_PATH or set
[0.270s]   "ament_cmake_DIR" to a directory containing one of the above files.  If
[0.270s]   "ament_cmake" provides a separate development package or SDK, be sure it
[0.270s]   has been installed.
[0.270s] 
[0.270s] [0m
[0.270s] -- Configuring incomplete, errors occurred!
[0.270s] See also "/home/szeyuan/Desktop/ros/ros_ws/build/mecanumbot_teleop/CMakeFiles/CMakeOutput.log".
