[0.011s] Invoking command in '/home/szeyuan/Desktop/ros/ros_ws/build/mecanumbot_control': /usr/bin/cmake /home/szeyuan/Desktop/ros/ros_ws/src/ros2-mecanum-bot/mecanumbot_control -DCMAKE_INSTALL_PREFIX=/home/szeyuan/Desktop/ros/ros_ws/install/mecanumbot_control
[0.027s] [31mCMake Error at CMakeLists.txt:22 (find_package):
[0.028s]   By not providing "Findament_cmake.cmake" in CMAKE_MODULE_PATH this project
[0.029s]   has asked CMake to find a package configuration file provided by
[0.029s]   "ament_cmake", but CMake did not find one.
[0.029s] 
[0.029s]   Could not find a package configuration file provided by "ament_cmake" with
[0.030s]   any of the following names:
[0.030s] 
[0.030s]     ament_cmakeConfig.cmake
[0.030s]     ament_cmake-config.cmake
[0.031s] 
[0.031s]   Add the installation prefix of "ament_cmake" to CMAKE_PREFIX_PATH or set
[0.031s]   "ament_cmake_DIR" to a directory containing one of the above files.  If
[0.031s]   "ament_cmake" provides a separate development package or SDK, be sure it
[0.031s]   has been installed.
[0.031s] 
[0.031s] [0m
[0.031s] -- Configuring incomplete, errors occurred!
[0.031s] See also "/home/szeyuan/Desktop/ros/ros_ws/build/mecanumbot_control/CMakeFiles/CMakeOutput.log".
[0.041s] Invoked command in '/home/szeyuan/Desktop/ros/ros_ws/build/mecanumbot_control' returned '1': /usr/bin/cmake /home/szeyuan/Desktop/ros/ros_ws/src/ros2-mecanum-bot/mecanumbot_control -DCMAKE_INSTALL_PREFIX=/home/szeyuan/Desktop/ros/ros_ws/install/mecanumbot_control
