[0.014s] Invoking command in '/home/szeyuan/Desktop/ros/ros_ws/build/mecanumbot_control': /usr/bin/cmake /home/szeyuan/Desktop/ros/ros_ws/src/ros2-mecanum-bot/mecanumbot_control -DCMAKE_INSTALL_PREFIX=/home/szeyuan/Desktop/ros/ros_ws/install/mecanumbot_control
[0.076s] -- The C compiler identification is GNU 11.4.0
[0.141s] -- The CXX compiler identification is GNU 11.4.0
[0.146s] -- Detecting C compiler ABI info
[0.197s] -- Detecting C compiler ABI info - done
[0.207s] -- Check for working C compiler: /usr/bin/cc - skipped
[0.207s] -- Detecting C compile features
[0.207s] -- Detecting C compile features - done
[0.210s] -- Detecting CXX compiler ABI info
[0.263s] -- Detecting CXX compiler ABI info - done
[0.273s] -- Check for working CXX compiler: /usr/bin/c++ - skipped
[0.274s] -- Detecting CXX compile features
[0.274s] -- Detecting CXX compile features - done
[0.280s] [31mCMake Error at CMakeLists.txt:22 (find_package):
[0.280s]   By not providing "Findament_cmake.cmake" in CMAKE_MODULE_PATH this project
[0.280s]   has asked CMake to find a package configuration file provided by
[0.280s]   "ament_cmake", but CMake did not find one.
[0.280s] 
[0.280s]   Could not find a package configuration file provided by "ament_cmake" with
[0.280s]   any of the following names:
[0.280s] 
[0.280s]     ament_cmakeConfig.cmake
[0.280s]     ament_cmake-config.cmake
[0.280s] 
[0.280s]   Add the installation prefix of "ament_cmake" to CMAKE_PREFIX_PATH or set
[0.280s]   "ament_cmake_DIR" to a directory containing one of the above files.  If
[0.280s]   "ament_cmake" provides a separate development package or SDK, be sure it
[0.280s]   has been installed.
[0.280s] 
[0.280s] [0m
[0.280s] -- Configuring incomplete, errors occurred!
[0.280s] See also "/home/szeyuan/Desktop/ros/ros_ws/build/mecanumbot_control/CMakeFiles/CMakeOutput.log".
