[0.012s] Invoking command in '/home/szeyuan/Desktop/ros/ros_ws/build/camera_node': CMAKE_PREFIX_PATH=${CMAKE_PREFIX_PATH}:/opt/ros/humble /usr/bin/cmake /home/szeyuan/Desktop/ros/ros_ws/src/ros2-camera-node -DAMENT_CMAKE_SYMLINK_INSTALL=1 -DCMAKE_INSTALL_PREFIX=/home/szeyuan/Desktop/ros/ros_ws/install/camera_node
[0.022s] -- Found ament_cmake: 1.3.8 (/opt/ros/humble/share/ament_cmake/cmake)
[0.103s] -- Override CMake install command with custom implementation using symlinks instead of copying resources
[0.113s] -- Found rclcpp: 16.0.8 (/opt/ros/humble/share/rclcpp/cmake)
[0.131s] -- Found rosidl_generator_c: 3.1.5 (/opt/ros/humble/share/rosidl_generator_c/cmake)
[0.132s] -- Found rosidl_adapter: 3.1.5 (/opt/ros/humble/share/rosidl_adapter/cmake)
[0.136s] -- Found rosidl_generator_cpp: 3.1.5 (/opt/ros/humble/share/rosidl_generator_cpp/cmake)
[0.142s] -- Using all available rosidl_typesupport_c: rosidl_typesupport_fastrtps_c;rosidl_typesupport_introspection_c
[0.152s] -- Using all available rosidl_typesupport_cpp: rosidl_typesupport_fastrtps_cpp;rosidl_typesupport_introspection_cpp
[0.189s] -- Found rmw_implementation_cmake: 6.1.1 (/opt/ros/humble/share/rmw_implementation_cmake/cmake)
[0.189s] -- Found rmw_fastrtps_cpp: 6.2.6 (/opt/ros/humble/share/rmw_fastrtps_cpp/cmake)
[0.280s] -- Using RMW implementation 'rmw_fastrtps_cpp' as default
[0.425s] -- Found rclcpp_components: 16.0.8 (/opt/ros/humble/share/rclcpp_components/cmake)
[0.460s] -- Found rosidl_default_generators: 1.2.0 (/opt/ros/humble/share/rosidl_default_generators/cmake)
[0.465s] -- Found sensor_msgs: 4.2.3 (/opt/ros/humble/share/sensor_msgs/cmake)
[0.547s] [0mgrabthecam not found - building it[0m
[1.435s] [31mCMake Error at /home/szeyuan/Desktop/ros/ros_ws/build/camera_node/_deps/grabthecam-src/CMakeLists.txt:7 (find_package):
[1.435s]   By not providing "FindRapidJSON.cmake" in CMAKE_MODULE_PATH this project
[1.435s]   has asked CMake to find a package configuration file provided by
[1.435s]   "RapidJSON", but CMake did not find one.
[1.435s] 
[1.435s]   Could not find a package configuration file provided by "RapidJSON" with
[1.435s]   any of the following names:
[1.435s] 
[1.435s]     RapidJSONConfig.cmake
[1.435s]     rapidjson-config.cmake
[1.435s] 
[1.435s]   Add the installation prefix of "RapidJSON" to CMAKE_PREFIX_PATH or set
[1.435s]   "RapidJSON_DIR" to a directory containing one of the above files.  If
[1.435s]   "RapidJSON" provides a separate development package or SDK, be sure it has
[1.435s]   been installed.
[1.436s] 
[1.436s] [0m
[1.436s] -- Configuring incomplete, errors occurred!
[1.436s] See also "/home/szeyuan/Desktop/ros/ros_ws/build/camera_node/CMakeFiles/CMakeOutput.log".
[1.442s] Invoked command in '/home/szeyuan/Desktop/ros/ros_ws/build/camera_node' returned '1': CMAKE_PREFIX_PATH=${CMAKE_PREFIX_PATH}:/opt/ros/humble /usr/bin/cmake /home/szeyuan/Desktop/ros/ros_ws/src/ros2-camera-node -DAMENT_CMAKE_SYMLINK_INSTALL=1 -DCMAKE_INSTALL_PREFIX=/home/szeyuan/Desktop/ros/ros_ws/install/camera_node
