[0.025s] Invoking command in '/home/szeyuan/Desktop/ros/ros_ws/build/mecanumbot_hardware': CMAKE_PREFIX_PATH=/home/szeyuan/Desktop/ros/ros_ws/install/v4l2_camera:/opt/ros/humble:/home/szeyuan/Desktop/ros/ros_ws/install/usb_cam:/home/szeyuan/Desktop/ros/ros_ws/install/ros2_control_demo_example_1:/home/szeyuan/Desktop/ros/ros_ws/install/ros2_control_demo_description:/home/szeyuan/Desktop/ros/ros_ws/install/mecanumbot_teleop:/home/szeyuan/Desktop/ros/ros_ws/install/mecanumbot_hardware:/home/szeyuan/Desktop/ros/ros_ws/install/mecanumbot_bringup:/home/szeyuan/Desktop/ros/ros_ws/install/mecanumbot_description:/home/szeyuan/Desktop/ros/ros_ws/install/mecanumbot_controller:/home/szeyuan/Desktop/ros/ros_ws/install/mecanumbot_control /usr/bin/cmake --build /home/szeyuan/Desktop/ros/ros_ws/build/mecanumbot_hardware -- -j16 -l16
[0.236s] [35m[1mConsolidate compiler generated dependencies of target mecanumbot_hardware[0m
[0.237s] [100%] Built target mecanumbot_hardware
[0.244s] Invoked command in '/home/szeyuan/Desktop/ros/ros_ws/build/mecanumbot_hardware' returned '0': CMAKE_PREFIX_PATH=/home/szeyuan/Desktop/ros/ros_ws/install/v4l2_camera:/opt/ros/humble:/home/szeyuan/Desktop/ros/ros_ws/install/usb_cam:/home/szeyuan/Desktop/ros/ros_ws/install/ros2_control_demo_example_1:/home/szeyuan/Desktop/ros/ros_ws/install/ros2_control_demo_description:/home/szeyuan/Desktop/ros/ros_ws/install/mecanumbot_teleop:/home/szeyuan/Desktop/ros/ros_ws/install/mecanumbot_hardware:/home/szeyuan/Desktop/ros/ros_ws/install/mecanumbot_bringup:/home/szeyuan/Desktop/ros/ros_ws/install/mecanumbot_description:/home/szeyuan/Desktop/ros/ros_ws/install/mecanumbot_controller:/home/szeyuan/Desktop/ros/ros_ws/install/mecanumbot_control /usr/bin/cmake --build /home/szeyuan/Desktop/ros/ros_ws/build/mecanumbot_hardware -- -j16 -l16
[0.271s] Invoking command in '/home/szeyuan/Desktop/ros/ros_ws/build/mecanumbot_hardware': CMAKE_PREFIX_PATH=/home/szeyuan/Desktop/ros/ros_ws/install/v4l2_camera:/opt/ros/humble:/home/szeyuan/Desktop/ros/ros_ws/install/usb_cam:/home/szeyuan/Desktop/ros/ros_ws/install/ros2_control_demo_example_1:/home/szeyuan/Desktop/ros/ros_ws/install/ros2_control_demo_description:/home/szeyuan/Desktop/ros/ros_ws/install/mecanumbot_teleop:/home/szeyuan/Desktop/ros/ros_ws/install/mecanumbot_hardware:/home/szeyuan/Desktop/ros/ros_ws/install/mecanumbot_bringup:/home/szeyuan/Desktop/ros/ros_ws/install/mecanumbot_description:/home/szeyuan/Desktop/ros/ros_ws/install/mecanumbot_controller:/home/szeyuan/Desktop/ros/ros_ws/install/mecanumbot_control /usr/bin/cmake --install /home/szeyuan/Desktop/ros/ros_ws/build/mecanumbot_hardware
[0.284s] -- Install configuration: ""
[0.284s] -- Up-to-date: /home/szeyuan/Desktop/ros/ros_ws/install/mecanumbot_hardware/share/mecanumbot_hardware/mecanumbot_hardware.xml
[0.284s] -- Up-to-date: /home/szeyuan/Desktop/ros/ros_ws/install/mecanumbot_hardware/lib/libmecanumbot_hardware.so
[0.285s] -- Up-to-date: /home/szeyuan/Desktop/ros/ros_ws/install/mecanumbot_hardware/include/include
[0.285s] -- Up-to-date: /home/szeyuan/Desktop/ros/ros_ws/install/mecanumbot_hardware/include/include/mecanumbot_hardware
[0.286s] -- Up-to-date: /home/szeyuan/Desktop/ros/ros_ws/install/mecanumbot_hardware/include/include/mecanumbot_hardware/mecanumbot_hardware.hpp
[0.286s] -- Up-to-date: /home/szeyuan/Desktop/ros/ros_ws/install/mecanumbot_hardware/include/include/mecanumbot_hardware/mecanumbot_hardware_compiler.h
[0.286s] -- Up-to-date: /home/szeyuan/Desktop/ros/ros_ws/install/mecanumbot_hardware/include/include/mecanumbot_hardware/mecanumbot_serial_port.hpp
[0.286s] -- Up-to-date: /home/szeyuan/Desktop/ros/ros_ws/install/mecanumbot_hardware/share/mecanumbot_hardware/environment/library_path.sh
[0.286s] -- Up-to-date: /home/szeyuan/Desktop/ros/ros_ws/install/mecanumbot_hardware/share/mecanumbot_hardware/environment/library_path.dsv
[0.287s] -- Up-to-date: /home/szeyuan/Desktop/ros/ros_ws/install/mecanumbot_hardware/share/ament_index/resource_index/package_run_dependencies/mecanumbot_hardware
[0.287s] -- Up-to-date: /home/szeyuan/Desktop/ros/ros_ws/install/mecanumbot_hardware/share/ament_index/resource_index/parent_prefix_path/mecanumbot_hardware
[0.287s] -- Up-to-date: /home/szeyuan/Desktop/ros/ros_ws/install/mecanumbot_hardware/share/mecanumbot_hardware/environment/ament_prefix_path.sh
[0.287s] -- Up-to-date: /home/szeyuan/Desktop/ros/ros_ws/install/mecanumbot_hardware/share/mecanumbot_hardware/environment/ament_prefix_path.dsv
[0.287s] -- Up-to-date: /home/szeyuan/Desktop/ros/ros_ws/install/mecanumbot_hardware/share/mecanumbot_hardware/environment/path.sh
[0.290s] -- Up-to-date: /home/szeyuan/Desktop/ros/ros_ws/install/mecanumbot_hardware/share/mecanumbot_hardware/environment/path.dsv
[0.290s] -- Up-to-date: /home/szeyuan/Desktop/ros/ros_ws/install/mecanumbot_hardware/share/mecanumbot_hardware/local_setup.bash
[0.290s] -- Up-to-date: /home/szeyuan/Desktop/ros/ros_ws/install/mecanumbot_hardware/share/mecanumbot_hardware/local_setup.sh
[0.290s] -- Up-to-date: /home/szeyuan/Desktop/ros/ros_ws/install/mecanumbot_hardware/share/mecanumbot_hardware/local_setup.zsh
[0.290s] -- Up-to-date: /home/szeyuan/Desktop/ros/ros_ws/install/mecanumbot_hardware/share/mecanumbot_hardware/local_setup.dsv
[0.290s] -- Installing: /home/szeyuan/Desktop/ros/ros_ws/install/mecanumbot_hardware/share/mecanumbot_hardware/package.dsv
[0.291s] -- Up-to-date: /home/szeyuan/Desktop/ros/ros_ws/install/mecanumbot_hardware/share/ament_index/resource_index/packages/mecanumbot_hardware
[0.292s] -- Up-to-date: /home/szeyuan/Desktop/ros/ros_ws/install/mecanumbot_hardware/share/ament_index/resource_index/hardware_interface__pluginlib__plugin/mecanumbot_hardware
[0.292s] -- Up-to-date: /home/szeyuan/Desktop/ros/ros_ws/install/mecanumbot_hardware/share/mecanumbot_hardware/cmake/ament_cmake_export_include_directories-extras.cmake
[0.293s] -- Up-to-date: /home/szeyuan/Desktop/ros/ros_ws/install/mecanumbot_hardware/share/mecanumbot_hardware/cmake/ament_cmake_export_libraries-extras.cmake
[0.293s] -- Up-to-date: /home/szeyuan/Desktop/ros/ros_ws/install/mecanumbot_hardware/share/mecanumbot_hardware/cmake/ament_cmake_export_dependencies-extras.cmake
[0.294s] -- Up-to-date: /home/szeyuan/Desktop/ros/ros_ws/install/mecanumbot_hardware/share/mecanumbot_hardware/cmake/mecanumbot_hardwareConfig.cmake
[0.294s] -- Up-to-date: /home/szeyuan/Desktop/ros/ros_ws/install/mecanumbot_hardware/share/mecanumbot_hardware/cmake/mecanumbot_hardwareConfig-version.cmake
[0.294s] -- Up-to-date: /home/szeyuan/Desktop/ros/ros_ws/install/mecanumbot_hardware/share/mecanumbot_hardware/package.xml
[0.316s] Invoked command in '/home/szeyuan/Desktop/ros/ros_ws/build/mecanumbot_hardware' returned '0': CMAKE_PREFIX_PATH=/home/szeyuan/Desktop/ros/ros_ws/install/v4l2_camera:/opt/ros/humble:/home/szeyuan/Desktop/ros/ros_ws/install/usb_cam:/home/szeyuan/Desktop/ros/ros_ws/install/ros2_control_demo_example_1:/home/szeyuan/Desktop/ros/ros_ws/install/ros2_control_demo_description:/home/szeyuan/Desktop/ros/ros_ws/install/mecanumbot_teleop:/home/szeyuan/Desktop/ros/ros_ws/install/mecanumbot_hardware:/home/szeyuan/Desktop/ros/ros_ws/install/mecanumbot_bringup:/home/szeyuan/Desktop/ros/ros_ws/install/mecanumbot_description:/home/szeyuan/Desktop/ros/ros_ws/install/mecanumbot_controller:/home/szeyuan/Desktop/ros/ros_ws/install/mecanumbot_control /usr/bin/cmake --install /home/szeyuan/Desktop/ros/ros_ws/build/mecanumbot_hardware
