[0.197s] Invoking command in '/home/szeyuan/Desktop/ros/ros_ws/build/v4l2_camera': CMAKE_PREFIX_PATH=/home/szeyuan/Desktop/ros/ros_ws/install/v4l2_camera:/home/szeyuan/Desktop/ros/ros_ws/install/mediapipe_ros2:/opt/ros/humble:/home/szeyuan/Desktop/ros/ros_ws/install/usb_cam:/home/szeyuan/Desktop/ros/ros_ws/install/ros2_control_demo_example_1:/home/szeyuan/Desktop/ros/ros_ws/install/ros2_control_demo_description:/home/szeyuan/Desktop/ros/ros_ws/install/mecanumbot_teleop:/home/szeyuan/Desktop/ros/ros_ws/install/mecanumbot_hardware:/home/szeyuan/Desktop/ros/ros_ws/install/mecanumbot_bringup:/home/szeyuan/Desktop/ros/ros_ws/install/mecanumbot_description:/home/szeyuan/Desktop/ros/ros_ws/install/mecanumbot_controller:/home/szeyuan/Desktop/ros/ros_ws/install/mecanumbot_control /usr/bin/cmake --build /home/szeyuan/Desktop/ros/ros_ws/build/v4l2_camera -- -j16 -l16
[0.255s] [ 14%] [32mBuilding CXX object CMakeFiles/v4l2_camera.dir/src/v4l2_camera_device.cpp.o[0m
[2.531s] [ 28%] [32m[1mLinking CXX shared library libv4l2_camera.so[0m
[2.692s] [ 42%] Built target v4l2_camera
[2.708s] [ 71%] [32m[1mLinking CXX executable v4l2_camera_node[0m
[2.708s] [ 71%] [32m[1mLinking CXX executable v4l2_camera_compose_test[0m
[2.813s] [ 85%] Built target v4l2_camera_node
[2.964s] [100%] Built target v4l2_camera_compose_test
[2.971s] Invoked command in '/home/szeyuan/Desktop/ros/ros_ws/build/v4l2_camera' returned '0': CMAKE_PREFIX_PATH=/home/szeyuan/Desktop/ros/ros_ws/install/v4l2_camera:/home/szeyuan/Desktop/ros/ros_ws/install/mediapipe_ros2:/opt/ros/humble:/home/szeyuan/Desktop/ros/ros_ws/install/usb_cam:/home/szeyuan/Desktop/ros/ros_ws/install/ros2_control_demo_example_1:/home/szeyuan/Desktop/ros/ros_ws/install/ros2_control_demo_description:/home/szeyuan/Desktop/ros/ros_ws/install/mecanumbot_teleop:/home/szeyuan/Desktop/ros/ros_ws/install/mecanumbot_hardware:/home/szeyuan/Desktop/ros/ros_ws/install/mecanumbot_bringup:/home/szeyuan/Desktop/ros/ros_ws/install/mecanumbot_description:/home/szeyuan/Desktop/ros/ros_ws/install/mecanumbot_controller:/home/szeyuan/Desktop/ros/ros_ws/install/mecanumbot_control /usr/bin/cmake --build /home/szeyuan/Desktop/ros/ros_ws/build/v4l2_camera -- -j16 -l16
[3.004s] Invoking command in '/home/szeyuan/Desktop/ros/ros_ws/build/v4l2_camera': CMAKE_PREFIX_PATH=/home/szeyuan/Desktop/ros/ros_ws/install/v4l2_camera:/home/szeyuan/Desktop/ros/ros_ws/install/mediapipe_ros2:/opt/ros/humble:/home/szeyuan/Desktop/ros/ros_ws/install/usb_cam:/home/szeyuan/Desktop/ros/ros_ws/install/ros2_control_demo_example_1:/home/szeyuan/Desktop/ros/ros_ws/install/ros2_control_demo_description:/home/szeyuan/Desktop/ros/ros_ws/install/mecanumbot_teleop:/home/szeyuan/Desktop/ros/ros_ws/install/mecanumbot_hardware:/home/szeyuan/Desktop/ros/ros_ws/install/mecanumbot_bringup:/home/szeyuan/Desktop/ros/ros_ws/install/mecanumbot_description:/home/szeyuan/Desktop/ros/ros_ws/install/mecanumbot_controller:/home/szeyuan/Desktop/ros/ros_ws/install/mecanumbot_control /usr/bin/cmake --install /home/szeyuan/Desktop/ros/ros_ws/build/v4l2_camera
[3.013s] -- Install configuration: ""
[3.014s] -- Execute custom install script
[3.014s] -- Up-to-date symlink: /home/szeyuan/Desktop/ros/ros_ws/install/v4l2_camera/include/v4l2_camera/control.hpp
[3.015s] -- Up-to-date symlink: /home/szeyuan/Desktop/ros/ros_ws/install/v4l2_camera/include/v4l2_camera/fourcc.hpp
[3.015s] -- Up-to-date symlink: /home/szeyuan/Desktop/ros/ros_ws/install/v4l2_camera/include/v4l2_camera/image_format.hpp
[3.015s] -- Up-to-date symlink: /home/szeyuan/Desktop/ros/ros_ws/install/v4l2_camera/include/v4l2_camera/pixel_format.hpp
[3.015s] -- Up-to-date symlink: /home/szeyuan/Desktop/ros/ros_ws/install/v4l2_camera/include/v4l2_camera/v4l2_camera.hpp
[3.015s] -- Up-to-date symlink: /home/szeyuan/Desktop/ros/ros_ws/install/v4l2_camera/include/v4l2_camera/v4l2_camera_device.hpp
[3.015s] -- Up-to-date symlink: /home/szeyuan/Desktop/ros/ros_ws/install/v4l2_camera/include/v4l2_camera/visibility_control.h
[3.015s] -- Up-to-date symlink: /home/szeyuan/Desktop/ros/ros_ws/install/v4l2_camera/share/v4l2_camera/environment/library_path.sh
[3.016s] -- Up-to-date symlink: /home/szeyuan/Desktop/ros/ros_ws/install/v4l2_camera/share/v4l2_camera/environment/library_path.dsv
[3.016s] -- Up-to-date symlink: /home/szeyuan/Desktop/ros/ros_ws/install/v4l2_camera/include/v4l2_camera/control.hpp
[3.016s] -- Up-to-date symlink: /home/szeyuan/Desktop/ros/ros_ws/install/v4l2_camera/include/v4l2_camera/fourcc.hpp
[3.016s] -- Up-to-date symlink: /home/szeyuan/Desktop/ros/ros_ws/install/v4l2_camera/include/v4l2_camera/image_format.hpp
[3.016s] -- Up-to-date symlink: /home/szeyuan/Desktop/ros/ros_ws/install/v4l2_camera/include/v4l2_camera/pixel_format.hpp
[3.017s] -- Up-to-date symlink: /home/szeyuan/Desktop/ros/ros_ws/install/v4l2_camera/include/v4l2_camera/v4l2_camera.hpp
[3.017s] -- Up-to-date symlink: /home/szeyuan/Desktop/ros/ros_ws/install/v4l2_camera/include/v4l2_camera/v4l2_camera_device.hpp
[3.017s] -- Up-to-date symlink: /home/szeyuan/Desktop/ros/ros_ws/install/v4l2_camera/include/v4l2_camera/visibility_control.h
[3.018s] -- Up-to-date symlink: /home/szeyuan/Desktop/ros/ros_ws/install/v4l2_camera/share/v4l2_camera/launch/v4l2_camera.launch.py
[3.018s] -- Up-to-date symlink: /home/szeyuan/Desktop/ros/ros_ws/install/v4l2_camera/share/ament_index/resource_index/package_run_dependencies/v4l2_camera
[3.018s] -- Up-to-date symlink: /home/szeyuan/Desktop/ros/ros_ws/install/v4l2_camera/share/ament_index/resource_index/parent_prefix_path/v4l2_camera
[3.019s] -- Up-to-date symlink: /home/szeyuan/Desktop/ros/ros_ws/install/v4l2_camera/share/v4l2_camera/environment/ament_prefix_path.sh
[3.019s] -- Up-to-date symlink: /home/szeyuan/Desktop/ros/ros_ws/install/v4l2_camera/share/v4l2_camera/environment/ament_prefix_path.dsv
[3.019s] -- Up-to-date symlink: /home/szeyuan/Desktop/ros/ros_ws/install/v4l2_camera/share/v4l2_camera/environment/path.sh
[3.019s] -- Up-to-date symlink: /home/szeyuan/Desktop/ros/ros_ws/install/v4l2_camera/share/v4l2_camera/environment/path.dsv
[3.019s] -- Up-to-date symlink: /home/szeyuan/Desktop/ros/ros_ws/install/v4l2_camera/share/v4l2_camera/local_setup.bash
[3.019s] -- Up-to-date symlink: /home/szeyuan/Desktop/ros/ros_ws/install/v4l2_camera/share/v4l2_camera/local_setup.sh
[3.019s] -- Up-to-date symlink: /home/szeyuan/Desktop/ros/ros_ws/install/v4l2_camera/share/v4l2_camera/local_setup.zsh
[3.019s] -- Up-to-date symlink: /home/szeyuan/Desktop/ros/ros_ws/install/v4l2_camera/share/v4l2_camera/local_setup.dsv
[3.019s] -- Symlinking: /home/szeyuan/Desktop/ros/ros_ws/install/v4l2_camera/share/v4l2_camera/package.dsv
[3.025s] -- Up-to-date symlink: /home/szeyuan/Desktop/ros/ros_ws/install/v4l2_camera/share/ament_index/resource_index/packages/v4l2_camera
[3.025s] -- Up-to-date symlink: /home/szeyuan/Desktop/ros/ros_ws/install/v4l2_camera/share/ament_index/resource_index/rclcpp_components/v4l2_camera
[3.025s] -- Up-to-date symlink: /home/szeyuan/Desktop/ros/ros_ws/install/v4l2_camera/share/v4l2_camera/cmake/ament_cmake_export_include_directories-extras.cmake
[3.025s] -- Up-to-date symlink: /home/szeyuan/Desktop/ros/ros_ws/install/v4l2_camera/share/v4l2_camera/cmake/ament_cmake_export_targets-extras.cmake
[3.025s] -- Up-to-date symlink: /home/szeyuan/Desktop/ros/ros_ws/install/v4l2_camera/share/v4l2_camera/cmake/ament_cmake_export_libraries-extras.cmake
[3.025s] -- Up-to-date symlink: /home/szeyuan/Desktop/ros/ros_ws/install/v4l2_camera/share/v4l2_camera/cmake/ament_cmake_export_dependencies-extras.cmake
[3.025s] -- Up-to-date symlink: /home/szeyuan/Desktop/ros/ros_ws/install/v4l2_camera/share/v4l2_camera/cmake/v4l2_cameraConfig.cmake
[3.025s] -- Up-to-date symlink: /home/szeyuan/Desktop/ros/ros_ws/install/v4l2_camera/share/v4l2_camera/cmake/v4l2_cameraConfig-version.cmake
[3.025s] -- Up-to-date symlink: /home/szeyuan/Desktop/ros/ros_ws/install/v4l2_camera/share/v4l2_camera/package.xml
[3.025s] -- Installing: /home/szeyuan/Desktop/ros/ros_ws/install/v4l2_camera/lib/libv4l2_camera.so
[3.029s] -- Set runtime path of "/home/szeyuan/Desktop/ros/ros_ws/install/v4l2_camera/lib/libv4l2_camera.so" to ""
[3.029s] -- Installing: /home/szeyuan/Desktop/ros/ros_ws/install/v4l2_camera/lib/v4l2_camera/v4l2_camera_node
[3.029s] -- Set runtime path of "/home/szeyuan/Desktop/ros/ros_ws/install/v4l2_camera/lib/v4l2_camera/v4l2_camera_node" to ""
[3.029s] -- Installing: /home/szeyuan/Desktop/ros/ros_ws/install/v4l2_camera/lib/v4l2_camera/v4l2_camera_compose_test
[3.033s] -- Set runtime path of "/home/szeyuan/Desktop/ros/ros_ws/install/v4l2_camera/lib/v4l2_camera/v4l2_camera_compose_test" to ""
[3.033s] -- Up-to-date: /home/szeyuan/Desktop/ros/ros_ws/install/v4l2_camera/share/v4l2_camera/cmake/export_v4l2_cameraExport.cmake
[3.033s] -- Up-to-date: /home/szeyuan/Desktop/ros/ros_ws/install/v4l2_camera/share/v4l2_camera/cmake/export_v4l2_cameraExport-noconfig.cmake
[3.035s] Invoked command in '/home/szeyuan/Desktop/ros/ros_ws/build/v4l2_camera' returned '0': CMAKE_PREFIX_PATH=/home/szeyuan/Desktop/ros/ros_ws/install/v4l2_camera:/home/szeyuan/Desktop/ros/ros_ws/install/mediapipe_ros2:/opt/ros/humble:/home/szeyuan/Desktop/ros/ros_ws/install/usb_cam:/home/szeyuan/Desktop/ros/ros_ws/install/ros2_control_demo_example_1:/home/szeyuan/Desktop/ros/ros_ws/install/ros2_control_demo_description:/home/szeyuan/Desktop/ros/ros_ws/install/mecanumbot_teleop:/home/szeyuan/Desktop/ros/ros_ws/install/mecanumbot_hardware:/home/szeyuan/Desktop/ros/ros_ws/install/mecanumbot_bringup:/home/szeyuan/Desktop/ros/ros_ws/install/mecanumbot_description:/home/szeyuan/Desktop/ros/ros_ws/install/mecanumbot_controller:/home/szeyuan/Desktop/ros/ros_ws/install/mecanumbot_control /usr/bin/cmake --install /home/szeyuan/Desktop/ros/ros_ws/build/v4l2_camera
