running egg_info
creating ../../build/mediapipe_ros2/mediapipe_ros2.egg-info
writing ../../build/mediapipe_ros2/mediapipe_ros2.egg-info/PKG-INFO
writing dependency_links to ../../build/mediapipe_ros2/mediapipe_ros2.egg-info/dependency_links.txt
writing entry points to ../../build/mediapipe_ros2/mediapipe_ros2.egg-info/entry_points.txt
writing requirements to ../../build/mediapipe_ros2/mediapipe_ros2.egg-info/requires.txt
writing top-level names to ../../build/mediapipe_ros2/mediapipe_ros2.egg-info/top_level.txt
writing manifest file '../../build/mediapipe_ros2/mediapipe_ros2.egg-info/SOURCES.txt'
reading manifest file '../../build/mediapipe_ros2/mediapipe_ros2.egg-info/SOURCES.txt'
writing manifest file '../../build/mediapipe_ros2/mediapipe_ros2.egg-info/SOURCES.txt'
running build
running build_py
creating /home/szeyuan/Desktop/ros/ros_ws/build/mediapipe_ros2/build
creating /home/szeyuan/Desktop/ros/ros_ws/build/mediapipe_ros2/build/lib
creating /home/szeyuan/Desktop/ros/ros_ws/build/mediapipe_ros2/build/lib/mediapipe_ros2
copying mediapipe_ros2/hands.py -> /home/szeyuan/Desktop/ros/ros_ws/build/mediapipe_ros2/build/lib/mediapipe_ros2
copying mediapipe_ros2/gesture_to_cmdvel.py -> /home/szeyuan/Desktop/ros/ros_ws/build/mediapipe_ros2/build/lib/mediapipe_ros2
copying mediapipe_ros2/__init__.py -> /home/szeyuan/Desktop/ros/ros_ws/build/mediapipe_ros2/build/lib/mediapipe_ros2
running install
running install_lib
creating /home/szeyuan/Desktop/ros/ros_ws/install/mediapipe_ros2/lib/python3.10/site-packages/mediapipe_ros2
copying /home/szeyuan/Desktop/ros/ros_ws/build/mediapipe_ros2/build/lib/mediapipe_ros2/hands.py -> /home/szeyuan/Desktop/ros/ros_ws/install/mediapipe_ros2/lib/python3.10/site-packages/mediapipe_ros2
copying /home/szeyuan/Desktop/ros/ros_ws/build/mediapipe_ros2/build/lib/mediapipe_ros2/gesture_to_cmdvel.py -> /home/szeyuan/Desktop/ros/ros_ws/install/mediapipe_ros2/lib/python3.10/site-packages/mediapipe_ros2
copying /home/szeyuan/Desktop/ros/ros_ws/build/mediapipe_ros2/build/lib/mediapipe_ros2/__init__.py -> /home/szeyuan/Desktop/ros/ros_ws/install/mediapipe_ros2/lib/python3.10/site-packages/mediapipe_ros2
byte-compiling /home/szeyuan/Desktop/ros/ros_ws/install/mediapipe_ros2/lib/python3.10/site-packages/mediapipe_ros2/hands.py to hands.cpython-310.pyc
byte-compiling /home/szeyuan/Desktop/ros/ros_ws/install/mediapipe_ros2/lib/python3.10/site-packages/mediapipe_ros2/gesture_to_cmdvel.py to gesture_to_cmdvel.cpython-310.pyc
byte-compiling /home/szeyuan/Desktop/ros/ros_ws/install/mediapipe_ros2/lib/python3.10/site-packages/mediapipe_ros2/__init__.py to __init__.cpython-310.pyc
running install_data
copying package.xml -> /home/szeyuan/Desktop/ros/ros_ws/install/mediapipe_ros2/share/mediapipe_ros2
copying ./launch/hand_gesture.launch.py -> /home/szeyuan/Desktop/ros/ros_ws/install/mediapipe_ros2/share/mediapipe_ros2
creating /home/szeyuan/Desktop/ros/ros_ws/install/mediapipe_ros2/share/mediapipe_ros2/resource
copying resource/stop.png -> /home/szeyuan/Desktop/ros/ros_ws/install/mediapipe_ros2/share/mediapipe_ros2/resource
copying resource/mediapipe_ros2 -> /home/szeyuan/Desktop/ros/ros_ws/install/mediapipe_ros2/share/mediapipe_ros2/resource
copying resource/left.png -> /home/szeyuan/Desktop/ros/ros_ws/install/mediapipe_ros2/share/mediapipe_ros2/resource
copying resource/back.png -> /home/szeyuan/Desktop/ros/ros_ws/install/mediapipe_ros2/share/mediapipe_ros2/resource
copying resource/right.png -> /home/szeyuan/Desktop/ros/ros_ws/install/mediapipe_ros2/share/mediapipe_ros2/resource
copying resource/front.png -> /home/szeyuan/Desktop/ros/ros_ws/install/mediapipe_ros2/share/mediapipe_ros2/resource
creating /home/szeyuan/Desktop/ros/ros_ws/install/mediapipe_ros2/share/mediapipe_ros2/keypoint_classifier
copying keypoint_classifier/keypoint_classifier_label.csv -> /home/szeyuan/Desktop/ros/ros_ws/install/mediapipe_ros2/share/mediapipe_ros2/keypoint_classifier
copying keypoint_classifier/keypoint_classifier.py -> /home/szeyuan/Desktop/ros/ros_ws/install/mediapipe_ros2/share/mediapipe_ros2/keypoint_classifier
copying keypoint_classifier/keypoint_classifier.tflite -> /home/szeyuan/Desktop/ros/ros_ws/install/mediapipe_ros2/share/mediapipe_ros2/keypoint_classifier
running install_egg_info
Copying ../../build/mediapipe_ros2/mediapipe_ros2.egg-info to /home/szeyuan/Desktop/ros/ros_ws/install/mediapipe_ros2/lib/python3.10/site-packages/mediapipe_ros2-0.0.0-py3.10.egg-info
running install_scripts
Installing gesture_to_cmdvel script to /home/szeyuan/Desktop/ros/ros_ws/install/mediapipe_ros2/lib/mediapipe_ros2
Installing hands script to /home/szeyuan/Desktop/ros/ros_ws/install/mediapipe_ros2/lib/mediapipe_ros2
writing list of installed files to '/home/szeyuan/Desktop/ros/ros_ws/build/mediapipe_ros2/install.log'
