[0.007s] Invoking command in '/home/szeyuan/Desktop/ros/ros_ws/build/ros2_control_demo_example_1': CMAKE_PREFIX_PATH=/home/szeyuan/Desktop/ros/ros_ws/install/ros2_control_demo_description:/home/szeyuan/Desktop/ros/ros_ws/install/usb_cam:/home/szeyuan/Desktop/ros/ros_ws/install/ros2_control_demo_example_1:/opt/ros/humble /usr/bin/cmake /home/szeyuan/Desktop/ros/ros_ws/src/example_1 -DCMAKE_INSTALL_PREFIX=/home/szeyuan/Desktop/ros/ros_ws/install/ros2_control_demo_example_1
[0.014s] -- Found ament_cmake: 1.3.8 (/opt/ros/humble/share/ament_cmake/cmake)
[0.092s] -- Override CMake install command with custom implementation using symlinks instead of copying resources
[0.096s] -- Found hardware_interface: 2.40.0 (/opt/ros/humble/share/hardware_interface/cmake)
[0.112s] -- Found rosidl_generator_c: 3.1.5 (/opt/ros/humble/share/rosidl_generator_c/cmake)
[0.113s] -- Found rosidl_adapter: 3.1.5 (/opt/ros/humble/share/rosidl_adapter/cmake)
[0.117s] -- Found rosidl_generator_cpp: 3.1.5 (/opt/ros/humble/share/rosidl_generator_cpp/cmake)
[0.123s] -- Using all available rosidl_typesupport_c: rosidl_typesupport_fastrtps_c;rosidl_typesupport_introspection_c
[0.132s] -- Using all available rosidl_typesupport_cpp: rosidl_typesupport_fastrtps_cpp;rosidl_typesupport_introspection_cpp
[0.534s] -- Found rmw_implementation_cmake: 6.1.1 (/opt/ros/humble/share/rmw_implementation_cmake/cmake)
[0.535s] -- Found rmw_fastrtps_cpp: 6.2.6 (/opt/ros/humble/share/rmw_fastrtps_cpp/cmake)
[0.555s] -- Found TinyXML2 via Config file: TinyXML2_DIR-NOTFOUND
[0.560s] -- Found TinyXML2 via Config file: TinyXML2_DIR-NOTFOUND
[0.574s] -- Found TinyXML2 via Config file: TinyXML2_DIR-NOTFOUND
[0.580s] -- Found TinyXML2 via Config file: TinyXML2_DIR-NOTFOUND
[0.590s] -- Using RMW implementation 'rmw_fastrtps_cpp' as default
[0.723s] -- Found ament_cmake_pytest: 1.3.8 (/opt/ros/humble/share/ament_cmake_pytest/cmake)
[1.158s] -- Configuring done
[1.171s] -- Generating done
[1.172s] -- Build files have been written to: /home/szeyuan/Desktop/ros/ros_ws/build/ros2_control_demo_example_1
[1.178s] Invoked command in '/home/szeyuan/Desktop/ros/ros_ws/build/ros2_control_demo_example_1' returned '0': CMAKE_PREFIX_PATH=/home/szeyuan/Desktop/ros/ros_ws/install/ros2_control_demo_description:/home/szeyuan/Desktop/ros/ros_ws/install/usb_cam:/home/szeyuan/Desktop/ros/ros_ws/install/ros2_control_demo_example_1:/opt/ros/humble /usr/bin/cmake /home/szeyuan/Desktop/ros/ros_ws/src/example_1 -DCMAKE_INSTALL_PREFIX=/home/szeyuan/Desktop/ros/ros_ws/install/ros2_control_demo_example_1
[1.179s] Invoking command in '/home/szeyuan/Desktop/ros/ros_ws/build/ros2_control_demo_example_1': CMAKE_PREFIX_PATH=/home/szeyuan/Desktop/ros/ros_ws/install/ros2_control_demo_description:/home/szeyuan/Desktop/ros/ros_ws/install/usb_cam:/home/szeyuan/Desktop/ros/ros_ws/install/ros2_control_demo_example_1:/opt/ros/humble /usr/bin/cmake --build /home/szeyuan/Desktop/ros/ros_ws/build/ros2_control_demo_example_1 -- -j16 -l16
[1.206s] [35m[1mConsolidate compiler generated dependencies of target ros2_control_demo_example_1[0m
[1.218s] [100%] Built target ros2_control_demo_example_1
[1.230s] Invoked command in '/home/szeyuan/Desktop/ros/ros_ws/build/ros2_control_demo_example_1' returned '0': CMAKE_PREFIX_PATH=/home/szeyuan/Desktop/ros/ros_ws/install/ros2_control_demo_description:/home/szeyuan/Desktop/ros/ros_ws/install/usb_cam:/home/szeyuan/Desktop/ros/ros_ws/install/ros2_control_demo_example_1:/opt/ros/humble /usr/bin/cmake --build /home/szeyuan/Desktop/ros/ros_ws/build/ros2_control_demo_example_1 -- -j16 -l16
[1.263s] Invoking command in '/home/szeyuan/Desktop/ros/ros_ws/build/ros2_control_demo_example_1': CMAKE_PREFIX_PATH=/home/szeyuan/Desktop/ros/ros_ws/install/ros2_control_demo_description:/home/szeyuan/Desktop/ros/ros_ws/install/usb_cam:/home/szeyuan/Desktop/ros/ros_ws/install/ros2_control_demo_example_1:/opt/ros/humble /usr/bin/cmake --install /home/szeyuan/Desktop/ros/ros_ws/build/ros2_control_demo_example_1
[1.271s] -- Install configuration: ""
[1.272s] -- Execute custom install script
[1.272s] -- Up-to-date symlink: /home/szeyuan/Desktop/ros/ros_ws/install/ros2_control_demo_example_1/share/ros2_control_demo_example_1//ros2_control_demo_example_1.xml
[1.273s] -- Up-to-date symlink: /home/szeyuan/Desktop/ros/ros_ws/install/ros2_control_demo_example_1/include/ros2_control_demo_example_1/ros2_control_demo_example_1/rrbot.hpp
[1.273s] -- Up-to-date symlink: /home/szeyuan/Desktop/ros/ros_ws/install/ros2_control_demo_example_1/include/ros2_control_demo_example_1/ros2_control_demo_example_1/visibility_control.h
[1.273s] -- Up-to-date symlink: /home/szeyuan/Desktop/ros/ros_ws/install/ros2_control_demo_example_1/share/ros2_control_demo_example_1/launch/view_robot.launch.py
[1.273s] -- Up-to-date symlink: /home/szeyuan/Desktop/ros/ros_ws/install/ros2_control_demo_example_1/share/ros2_control_demo_example_1/ros2_control/rrbot.ros2_control.xacro
[1.274s] -- Up-to-date symlink: /home/szeyuan/Desktop/ros/ros_ws/install/ros2_control_demo_example_1/share/ros2_control_demo_example_1/urdf/rrbot.urdf.xacro
[1.274s] -- Up-to-date symlink: /home/szeyuan/Desktop/ros/ros_ws/install/ros2_control_demo_example_1/share/ros2_control_demo_example_1/launch/rrbot.launch.py
[1.274s] -- Up-to-date symlink: /home/szeyuan/Desktop/ros/ros_ws/install/ros2_control_demo_example_1/share/ros2_control_demo_example_1/launch/test_forward_position_controller.launch.py
[1.274s] -- Up-to-date symlink: /home/szeyuan/Desktop/ros/ros_ws/install/ros2_control_demo_example_1/share/ros2_control_demo_example_1/launch/test_joint_trajectory_controller.launch.py
[1.274s] -- Up-to-date symlink: /home/szeyuan/Desktop/ros/ros_ws/install/ros2_control_demo_example_1/share/ros2_control_demo_example_1/config/rrbot_controllers.yaml
[1.274s] -- Up-to-date symlink: /home/szeyuan/Desktop/ros/ros_ws/install/ros2_control_demo_example_1/share/ros2_control_demo_example_1/config/rrbot_forward_position_publisher.yaml
[1.275s] -- Up-to-date symlink: /home/szeyuan/Desktop/ros/ros_ws/install/ros2_control_demo_example_1/share/ros2_control_demo_example_1/config/rrbot_joint_trajectory_publisher.yaml
[1.275s] -- Up-to-date symlink: /home/szeyuan/Desktop/ros/ros_ws/install/ros2_control_demo_example_1/share/ros2_control_demo_example_1/environment/library_path.sh
[1.275s] -- Up-to-date symlink: /home/szeyuan/Desktop/ros/ros_ws/install/ros2_control_demo_example_1/share/ros2_control_demo_example_1/environment/library_path.dsv
[1.275s] -- Up-to-date symlink: /home/szeyuan/Desktop/ros/ros_ws/install/ros2_control_demo_example_1/share/ament_index/resource_index/package_run_dependencies/ros2_control_demo_example_1
[1.275s] -- Up-to-date symlink: /home/szeyuan/Desktop/ros/ros_ws/install/ros2_control_demo_example_1/share/ament_index/resource_index/parent_prefix_path/ros2_control_demo_example_1
[1.275s] -- Up-to-date symlink: /home/szeyuan/Desktop/ros/ros_ws/install/ros2_control_demo_example_1/share/ros2_control_demo_example_1/environment/ament_prefix_path.sh
[1.275s] -- Up-to-date symlink: /home/szeyuan/Desktop/ros/ros_ws/install/ros2_control_demo_example_1/share/ros2_control_demo_example_1/environment/ament_prefix_path.dsv
[1.275s] -- Up-to-date symlink: /home/szeyuan/Desktop/ros/ros_ws/install/ros2_control_demo_example_1/share/ros2_control_demo_example_1/environment/path.sh
[1.276s] -- Up-to-date symlink: /home/szeyuan/Desktop/ros/ros_ws/install/ros2_control_demo_example_1/share/ros2_control_demo_example_1/environment/path.dsv
[1.276s] -- Up-to-date symlink: /home/szeyuan/Desktop/ros/ros_ws/install/ros2_control_demo_example_1/share/ros2_control_demo_example_1/local_setup.bash
[1.276s] -- Up-to-date symlink: /home/szeyuan/Desktop/ros/ros_ws/install/ros2_control_demo_example_1/share/ros2_control_demo_example_1/local_setup.sh
[1.276s] -- Up-to-date symlink: /home/szeyuan/Desktop/ros/ros_ws/install/ros2_control_demo_example_1/share/ros2_control_demo_example_1/local_setup.zsh
[1.276s] -- Up-to-date symlink: /home/szeyuan/Desktop/ros/ros_ws/install/ros2_control_demo_example_1/share/ros2_control_demo_example_1/local_setup.dsv
[1.276s] -- Symlinking: /home/szeyuan/Desktop/ros/ros_ws/install/ros2_control_demo_example_1/share/ros2_control_demo_example_1/package.dsv
[1.282s] -- Up-to-date symlink: /home/szeyuan/Desktop/ros/ros_ws/install/ros2_control_demo_example_1/share/ament_index/resource_index/packages/ros2_control_demo_example_1
[1.282s] -- Up-to-date symlink: /home/szeyuan/Desktop/ros/ros_ws/install/ros2_control_demo_example_1/share/ament_index/resource_index/hardware_interface__pluginlib__plugin/ros2_control_demo_example_1
[1.282s] -- Up-to-date symlink: /home/szeyuan/Desktop/ros/ros_ws/install/ros2_control_demo_example_1/share/ros2_control_demo_example_1/cmake/ament_cmake_export_targets-extras.cmake
[1.282s] -- Up-to-date symlink: /home/szeyuan/Desktop/ros/ros_ws/install/ros2_control_demo_example_1/share/ros2_control_demo_example_1/cmake/ament_cmake_export_dependencies-extras.cmake
[1.282s] -- Up-to-date symlink: /home/szeyuan/Desktop/ros/ros_ws/install/ros2_control_demo_example_1/share/ros2_control_demo_example_1/cmake/ros2_control_demo_example_1Config.cmake
[1.282s] -- Up-to-date symlink: /home/szeyuan/Desktop/ros/ros_ws/install/ros2_control_demo_example_1/share/ros2_control_demo_example_1/cmake/ros2_control_demo_example_1Config-version.cmake
[1.282s] -- Up-to-date symlink: /home/szeyuan/Desktop/ros/ros_ws/install/ros2_control_demo_example_1/share/ros2_control_demo_example_1/package.xml
[1.282s] -- Up-to-date: /home/szeyuan/Desktop/ros/ros_ws/install/ros2_control_demo_example_1/lib/libros2_control_demo_example_1.so
[1.283s] -- Up-to-date: /home/szeyuan/Desktop/ros/ros_ws/install/ros2_control_demo_example_1/share/ros2_control_demo_example_1/cmake/export_ros2_control_demo_example_1Export.cmake
[1.283s] -- Up-to-date: /home/szeyuan/Desktop/ros/ros_ws/install/ros2_control_demo_example_1/share/ros2_control_demo_example_1/cmake/export_ros2_control_demo_example_1Export-noconfig.cmake
[1.286s] Invoked command in '/home/szeyuan/Desktop/ros/ros_ws/build/ros2_control_demo_example_1' returned '0': CMAKE_PREFIX_PATH=/home/szeyuan/Desktop/ros/ros_ws/install/ros2_control_demo_description:/home/szeyuan/Desktop/ros/ros_ws/install/usb_cam:/home/szeyuan/Desktop/ros/ros_ws/install/ros2_control_demo_example_1:/opt/ros/humble /usr/bin/cmake --install /home/szeyuan/Desktop/ros/ros_ws/build/ros2_control_demo_example_1
